<?xml version="1.0" encoding="UTF-8"?>
<!-- Generated by org.testng.reporters.JUnitXMLReporter -->
<testsuite ignored="41" hostname="KAITLYN" failures="2" tests="6" name="DSAlgoTest" time="51.889" errors="0" timestamp="2025-05-24T00:44:22 CDT">
  <testcase classname="dsAlgoTests.ArrayPageTest" name="submitInvalidCodeSqrsOfSortedArrayQtn" time="3.045">
    <skipped/>
  </testcase> <!-- submitInvalidCodeSqrsOfSortedArrayQtn -->
  <testcase classname="dsAlgoTests.ArrayPageTest" name="submitInvalidCodeSqrsOfSortedArrayQtn" time="2.298">
    <skipped/>
  </testcase> <!-- submitInvalidCodeSqrsOfSortedArrayQtn -->
  <testcase classname="dsAlgoTests.ArrayPageTest" name="submitInvalidCodeSqrsOfSortedArrayQtn" time="2.081">
    <failure type="java.lang.AssertionError" message="expected [Error occurred during submission] but found [ No tests were collected]">
      <![CDATA[java.lang.AssertionError: expected [Error occurred during submission] but found [ No tests were collected]
at dsAlgoTests.ArrayPageTest.submitInvalidCodeSqrsOfSortedArrayQtn(ArrayPageTest.java:308)
at java.base/java.util.concurrent.Executors$RunnableAdapter.call(Executors.java:572)
at java.base/java.util.concurrent.FutureTask.run(FutureTask.java:317)
at java.base/java.util.concurrent.ThreadPoolExecutor.runWorker(ThreadPoolExecutor.java:1144)
at java.base/java.util.concurrent.ThreadPoolExecutor$Worker.run(ThreadPoolExecutor.java:642)
at java.base/java.lang.Thread.run(Thread.java:1583)
... Removed 17 stack frames]]>
    </failure>
  </testcase> <!-- submitInvalidCodeSqrsOfSortedArrayQtn -->
  <testcase classname="dsAlgoTests.ArrayPageTest" name="submitInvalidCodeSqrsOfSortedArrayQtn" time="2.178">
    <skipped/>
  </testcase> <!-- submitInvalidCodeSqrsOfSortedArrayQtn -->
  <testcase classname="dsAlgoTests.ArrayPageTest" name="submitInvalidCodeSqrsOfSortedArrayQtn" time="2.198">
    <skipped/>
  </testcase> <!-- submitInvalidCodeSqrsOfSortedArrayQtn -->
  <testcase classname="dsAlgoTests.ArrayPageTest" name="submitInvalidCodeSqrsOfSortedArrayQtn" time="2.246">
    <failure type="java.lang.AssertionError" message="expected [Error occurred during submission] but found [ No tests were collected]">
      <![CDATA[java.lang.AssertionError: expected [Error occurred during submission] but found [ No tests were collected]
at dsAlgoTests.ArrayPageTest.submitInvalidCodeSqrsOfSortedArrayQtn(ArrayPageTest.java:308)
at java.base/java.util.concurrent.Executors$RunnableAdapter.call(Executors.java:572)
at java.base/java.util.concurrent.FutureTask.run(FutureTask.java:317)
at java.base/java.util.concurrent.ThreadPoolExecutor.runWorker(ThreadPoolExecutor.java:1144)
at java.base/java.util.concurrent.ThreadPoolExecutor$Worker.run(ThreadPoolExecutor.java:642)
at java.base/java.lang.Thread.run(Thread.java:1583)
... Removed 17 stack frames]]>
    </failure>
  </testcase> <!-- submitInvalidCodeSqrsOfSortedArrayQtn -->
  <testcase classname="dsAlgoTests.ArrayPageTest" name="practiseQtnsArraysInPython" time="0.0">
    <ignored/>
  </testcase> <!-- practiseQtnsArraysInPython -->
  <testcase classname="dsAlgoTests.ArrayPageTest" name="userInTryEditorApplicationsOfArray" time="0.0">
    <ignored/>
  </testcase> <!-- userInTryEditorApplicationsOfArray -->
  <testcase classname="dsAlgoTests.ArrayPageTest" name="validCodeTryEditorsInPython" time="0.0">
    <ignored/>
  </testcase> <!-- validCodeTryEditorsInPython -->
  <testcase classname="dsAlgoTests.ArrayPageTest" name="userInBasicOprtnsInList" time="0.0">
    <ignored/>
  </testcase> <!-- userInBasicOprtnsInList -->
  <testcase classname="dsAlgoTests.ArrayPageTest" name="maxConOnesQtn" time="0.0">
    <ignored/>
  </testcase> <!-- maxConOnesQtn -->
  <testcase classname="dsAlgoTests.ArrayPageTest" name="runValidFindEvenNumber" time="0.0">
    <ignored/>
  </testcase> <!-- runValidFindEvenNumber -->
  <testcase classname="dsAlgoTests.ArrayPageTest" name="submitValidCodeSearchTheArray" time="0.0">
    <ignored/>
  </testcase> <!-- submitValidCodeSearchTheArray -->
  <testcase classname="dsAlgoTests.ArrayPageTest" name="validCodeTryEditorsUsingList" time="0.0">
    <ignored/>
  </testcase> <!-- validCodeTryEditorsUsingList -->
  <testcase classname="dsAlgoTests.ArrayPageTest" name="userInDropDownArrayPage" time="0.0">
    <ignored/>
  </testcase> <!-- userInDropDownArrayPage -->
  <testcase classname="dsAlgoTests.ArrayPageTest" name="validCodeTryEditorBasicOprtnsInList" time="0.0">
    <ignored/>
  </testcase> <!-- validCodeTryEditorBasicOprtnsInList -->
  <testcase classname="dsAlgoTests.ArrayPageTest" name="inValidCodeTryEditorApplicationsOfArray" time="0.0">
    <ignored/>
  </testcase> <!-- inValidCodeTryEditorApplicationsOfArray -->
  <testcase classname="dsAlgoTests.ArrayPageTest" name="runValidCodeMaxConOnes" time="0.0">
    <ignored/>
  </testcase> <!-- runValidCodeMaxConOnes -->
  <testcase classname="dsAlgoTests.ArrayPageTest" name="practiseQtnsBasicOprtnsInList" time="0.0">
    <ignored/>
  </testcase> <!-- practiseQtnsBasicOprtnsInList -->
  <testcase classname="dsAlgoTests.ArrayPageTest" name="userInTryEditorBasicOprtnsInList" time="0.0">
    <ignored/>
  </testcase> <!-- userInTryEditorBasicOprtnsInList -->
  <testcase classname="dsAlgoTests.ArrayPageTest" name="findEvenNumberQtn" time="0.0">
    <ignored/>
  </testcase> <!-- findEvenNumberQtn -->
  <testcase classname="dsAlgoTests.ArrayPageTest" name="userInArraysInPython" time="0.0">
    <ignored/>
  </testcase> <!-- userInArraysInPython -->
  <testcase classname="dsAlgoTests.ArrayPageTest" name="submitValidCodeFindEvenNumber" time="0.0">
    <ignored/>
  </testcase> <!-- submitValidCodeFindEvenNumber -->
  <testcase classname="dsAlgoTests.ArrayPageTest" name="practiseQtnsApplicationsOfArray" time="0.0">
    <ignored/>
  </testcase> <!-- practiseQtnsApplicationsOfArray -->
  <testcase classname="dsAlgoTests.ArrayPageTest" name="submitValidCodeMaxConOnes" time="0.0">
    <ignored/>
  </testcase> <!-- submitValidCodeMaxConOnes -->
  <testcase classname="dsAlgoTests.ArrayPageTest" name="runInvalidCodeSqrsOfSortedArrayQtn" time="0.0">
    <ignored/>
  </testcase> <!-- runInvalidCodeSqrsOfSortedArrayQtn -->
  <testcase classname="dsAlgoTests.ArrayPageTest" name="userInTryEditorArraysUsingList" time="0.0">
    <ignored/>
  </testcase> <!-- userInTryEditorArraysUsingList -->
  <testcase classname="dsAlgoTests.ArrayPageTest" name="runInvalidCodeSearchTheArray" time="0.0">
    <ignored/>
  </testcase> <!-- runInvalidCodeSearchTheArray -->
  <testcase classname="dsAlgoTests.ArrayPageTest" name="runInvalidCodeFindEvenNumber" time="0.0">
    <ignored/>
  </testcase> <!-- runInvalidCodeFindEvenNumber -->
  <testcase classname="dsAlgoTests.ArrayPageTest" name="submitInvalidCodeMaxConOnes" time="0.0">
    <ignored/>
  </testcase> <!-- submitInvalidCodeMaxConOnes -->
  <testcase classname="dsAlgoTests.ArrayPageTest" name="submitInvalidCodeSearchTheArray" time="0.0">
    <ignored/>
  </testcase> <!-- submitInvalidCodeSearchTheArray -->
  <testcase classname="dsAlgoTests.ArrayPageTest" name="submitValidCodeSqrsOfSortedArrayQtn" time="0.0">
    <ignored/>
  </testcase> <!-- submitValidCodeSqrsOfSortedArrayQtn -->
  <testcase classname="dsAlgoTests.ArrayPageTest" name="practiseQtnsArraysUsingList" time="0.0">
    <ignored/>
  </testcase> <!-- practiseQtnsArraysUsingList -->
  <testcase classname="dsAlgoTests.ArrayPageTest" name="sqrsOfSortedArrayQtn" time="0.0">
    <ignored/>
  </testcase> <!-- sqrsOfSortedArrayQtn -->
  <testcase classname="dsAlgoTests.ArrayPageTest" name="runValidCodeSearchTheArray" time="0.0">
    <ignored/>
  </testcase> <!-- runValidCodeSearchTheArray -->
  <testcase classname="dsAlgoTests.ArrayPageTest" name="userInTryEditorArraysInPython" time="0.0">
    <ignored/>
  </testcase> <!-- userInTryEditorArraysInPython -->
  <testcase classname="dsAlgoTests.ArrayPageTest" name="runInvalidCodeMaxConOnes" time="0.0">
    <ignored/>
  </testcase> <!-- runInvalidCodeMaxConOnes -->
  <testcase classname="dsAlgoTests.ArrayPageTest" name="inValidCodeTryEditorsUsingList" time="0.0">
    <ignored/>
  </testcase> <!-- inValidCodeTryEditorsUsingList -->
  <testcase classname="dsAlgoTests.ArrayPageTest" name="validCodeTryEditorApplicationsOfArray" time="0.0">
    <ignored/>
  </testcase> <!-- validCodeTryEditorApplicationsOfArray -->
  <testcase classname="dsAlgoTests.ArrayPageTest" name="userInGetStartedArrayPage" time="0.0">
    <ignored/>
  </testcase> <!-- userInGetStartedArrayPage -->
  <testcase classname="dsAlgoTests.ArrayPageTest" name="submitInvalidCodeFindEvenNumber" time="0.0">
    <ignored/>
  </testcase> <!-- submitInvalidCodeFindEvenNumber -->
  <testcase classname="dsAlgoTests.ArrayPageTest" name="userInArraysUsingList" time="0.0">
    <ignored/>
  </testcase> <!-- userInArraysUsingList -->
  <testcase classname="dsAlgoTests.ArrayPageTest" name="inValidCodeTryEditorBasicOprtnsInList" time="0.0">
    <ignored/>
  </testcase> <!-- inValidCodeTryEditorBasicOprtnsInList -->
  <testcase classname="dsAlgoTests.ArrayPageTest" name="inValidCodeTryEditorsInPython" time="0.0">
    <ignored/>
  </testcase> <!-- inValidCodeTryEditorsInPython -->
  <testcase classname="dsAlgoTests.ArrayPageTest" name="userInApplicationsOfArray" time="0.0">
    <ignored/>
  </testcase> <!-- userInApplicationsOfArray -->
  <testcase classname="dsAlgoTests.ArrayPageTest" name="searchTheArrayQtn" time="0.0">
    <ignored/>
  </testcase> <!-- searchTheArrayQtn -->
  <testcase classname="dsAlgoTests.ArrayPageTest" name="runValidSqrsOfSortedArrayQtn" time="0.0">
    <ignored/>
  </testcase> <!-- runValidSqrsOfSortedArrayQtn -->
</testsuite> <!-- DSAlgoTest -->
