<?xml version="1.0" encoding="UTF-8"?>
<!-- Generated by org.testng.reporters.JUnitXMLReporter -->
<testsuite ignored="0" hostname="KAITLYN" failures="11" tests="110" name="Test" time="648.597" errors="0" timestamp="2025-05-20T23:37:12 CDT">
  <testcase classname="dsAlgoTests.QueuePageTest" name="@BeforeMethod userInHomePage" time="0.052">
    <failure type="java.lang.NullPointerException" message="Cannot invoke &amp;quot;Manager.PageObjectManager.getHomePageObject()&amp;quot; because &amp;quot;this.pageObjectManagerObj&amp;quot; is null">
      <![CDATA[java.lang.NullPointerException: Cannot invoke "Manager.PageObjectManager.getHomePageObject()" because "this.pageObjectManagerObj" is null
at dsAlgoTests.ArrayPageTest.validLogin(ArrayPageTest.java:35)
at dsAlgoTests.QueuePageTest.userInHomePage(QueuePageTest.java:22)
at java.base/java.util.ArrayList.forEach(ArrayList.java:1596)
... Removed 29 stack frames]]>
    </failure>
  </testcase> <!-- @BeforeMethod userInHomePage -->
  <testcase classname="dsAlgoTests.QueuePageTest" name="@BeforeMethod userInHomePage" time="0.0">
    <skipped/>
  </testcase> <!-- @BeforeMethod userInHomePage -->
  <testcase classname="dsAlgoTests.QueuePageTest" name="@BeforeMethod userInHomePage" time="0.0">
    <skipped/>
  </testcase> <!-- @BeforeMethod userInHomePage -->
  <testcase classname="dsAlgoTests.QueuePageTest" name="@BeforeMethod userInHomePage" time="0.0">
    <skipped/>
  </testcase> <!-- @BeforeMethod userInHomePage -->
  <testcase classname="dsAlgoTests.QueuePageTest" name="@BeforeMethod userInHomePage" time="0.0">
    <skipped/>
  </testcase> <!-- @BeforeMethod userInHomePage -->
  <testcase classname="dsAlgoTests.QueuePageTest" name="@BeforeMethod userInHomePage" time="0.0">
    <skipped/>
  </testcase> <!-- @BeforeMethod userInHomePage -->
  <testcase classname="dsAlgoTests.QueuePageTest" name="@BeforeMethod userInHomePage" time="0.0">
    <skipped/>
  </testcase> <!-- @BeforeMethod userInHomePage -->
  <testcase classname="dsAlgoTests.QueuePageTest" name="@BeforeMethod userInHomePage" time="0.0">
    <skipped/>
  </testcase> <!-- @BeforeMethod userInHomePage -->
  <testcase classname="dsAlgoTests.QueuePageTest" name="@BeforeMethod userInHomePage" time="0.0">
    <skipped/>
  </testcase> <!-- @BeforeMethod userInHomePage -->
  <testcase classname="dsAlgoTests.QueuePageTest" name="@BeforeMethod userInHomePage" time="0.0">
    <skipped/>
  </testcase> <!-- @BeforeMethod userInHomePage -->
  <testcase classname="dsAlgoTests.QueuePageTest" name="@BeforeMethod userInHomePage" time="0.0">
    <skipped/>
  </testcase> <!-- @BeforeMethod userInHomePage -->
  <testcase classname="dsAlgoTests.QueuePageTest" name="@BeforeMethod userInHomePage" time="0.0">
    <skipped/>
  </testcase> <!-- @BeforeMethod userInHomePage -->
  <testcase classname="dsAlgoTests.QueuePageTest" name="@BeforeMethod userInHomePage" time="0.0">
    <skipped/>
  </testcase> <!-- @BeforeMethod userInHomePage -->
  <testcase classname="dsAlgoTests.QueuePageTest" name="@BeforeMethod userInHomePage" time="0.0">
    <skipped/>
  </testcase> <!-- @BeforeMethod userInHomePage -->
  <testcase classname="dsAlgoTests.QueuePageTest" name="@BeforeMethod userInHomePage" time="0.0">
    <skipped/>
  </testcase> <!-- @BeforeMethod userInHomePage -->
  <testcase classname="dsAlgoTests.QueuePageTest" name="@BeforeMethod userInHomePage" time="0.0">
    <skipped/>
  </testcase> <!-- @BeforeMethod userInHomePage -->
  <testcase classname="dsAlgoTests.QueuePageTest" name="@BeforeMethod userInHomePage" time="0.0">
    <skipped/>
  </testcase> <!-- @BeforeMethod userInHomePage -->
  <testcase classname="dsAlgoTests.QueuePageTest" name="@BeforeMethod userInHomePage" time="0.0">
    <skipped/>
  </testcase> <!-- @BeforeMethod userInHomePage -->
  <testcase classname="dsAlgoTests.QueuePageTest" name="@BeforeMethod userInHomePage" time="0.0">
    <skipped/>
  </testcase> <!-- @BeforeMethod userInHomePage -->
  <testcase classname="dsAlgoTests.QueuePageTest" name="@BeforeMethod userInHomePage" time="0.0">
    <skipped/>
  </testcase> <!-- @BeforeMethod userInHomePage -->
  <testcase classname="dsAlgoTests.QueuePageTest" name="@BeforeMethod userInHomePage" time="0.0">
    <skipped/>
  </testcase> <!-- @BeforeMethod userInHomePage -->
  <testcase classname="dsAlgoTests.QueuePageTest" name="@BeforeMethod userInHomePage" time="0.0">
    <skipped/>
  </testcase> <!-- @BeforeMethod userInHomePage -->
  <testcase classname="dsAlgoTests.QueuePageTest" name="@BeforeMethod userInHomePage" time="0.0">
    <skipped/>
  </testcase> <!-- @BeforeMethod userInHomePage -->
  <testcase classname="dsAlgoTests.QueuePageTest" name="@BeforeMethod userInHomePage" time="0.0">
    <skipped/>
  </testcase> <!-- @BeforeMethod userInHomePage -->
  <testcase classname="dsAlgoTests.QueuePageTest" name="@BeforeMethod userInHomePage" time="0.0">
    <skipped/>
  </testcase> <!-- @BeforeMethod userInHomePage -->
  <testcase classname="dsAlgoTests.QueuePageTest" name="@BeforeMethod userInHomePage" time="0.0">
    <skipped/>
  </testcase> <!-- @BeforeMethod userInHomePage -->
  <testcase classname="dsAlgoTests.QueuePageTest" name="@BeforeMethod userInHomePage" time="0.0">
    <skipped/>
  </testcase> <!-- @BeforeMethod userInHomePage -->
  <testcase classname="dsAlgoTests.QueuePageTest" name="@BeforeMethod userInHomePage" time="0.0">
    <skipped/>
  </testcase> <!-- @BeforeMethod userInHomePage -->
  <testcase classname="dsAlgoTests.QueuePageTest" name="@BeforeMethod userInHomePage" time="0.0">
    <skipped/>
  </testcase> <!-- @BeforeMethod userInHomePage -->
  <testcase classname="dsAlgoTests.QueuePageTest" name="@BeforeMethod userInHomePage" time="0.0">
    <skipped/>
  </testcase> <!-- @BeforeMethod userInHomePage -->
  <testcase classname="dsAlgoTests.ArrayPageTest" name="userInGetStartedArrayPage" time="0.781"/>
  <testcase classname="dsAlgoTests.ArrayPageTest" name="userInDropDownArrayPage" time="1.118"/>
  <testcase classname="dsAlgoTests.ArrayPageTest" name="userInArraysInPython" time="1.453"/>
  <testcase classname="dsAlgoTests.ArrayPageTest" name="userInTryEditorArraysInPython" time="2.198"/>
  <testcase classname="dsAlgoTests.ArrayPageTest" name="inValidCodeTryEditorArraysInPython" time="2.955">
    <skipped/>
  </testcase> <!-- inValidCodeTryEditorArraysInPython -->
  <testcase classname="dsAlgoTests.ArrayPageTest" name="inValidCodeTryEditorArraysInPython" time="2.898">
    <skipped/>
  </testcase> <!-- inValidCodeTryEditorArraysInPython -->
  <testcase classname="dsAlgoTests.ArrayPageTest" name="inValidCodeTryEditorArraysInPython" time="3.184">
    <failure type="java.lang.AssertionError" message="expected [true] but found [false]">
      <![CDATA[java.lang.AssertionError: expected [true] but found [false]
at dsAlgoTests.ArrayPageTest.inValidCodeTryEditorArraysInPython(ArrayPageTest.java:99)
at java.base/java.util.ArrayList.forEach(ArrayList.java:1596)
... Removed 29 stack frames]]>
    </failure>
  </testcase> <!-- inValidCodeTryEditorArraysInPython -->
  <testcase classname="dsAlgoTests.ArrayPageTest" name="inValidCodeTryEditorArraysInPython" time="2.839"/>
  <testcase classname="dsAlgoTests.ArrayPageTest" name="inValidCodeTryEditorArraysInPython" time="2.725"/>
  <testcase classname="dsAlgoTests.ArrayPageTest" name="validCodeTryEditorArraysInPython" time="3.236"/>
  <testcase classname="dsAlgoTests.ArrayPageTest" name="practiseQtnsArraysInPython" time="1.76"/>
  <testcase classname="dsAlgoTests.ArrayPageTest" name="searchTheArrayQtn" time="3.611"/>
  <testcase classname="dsAlgoTests.ArrayPageTest" name="runInvalidCodeSearchTheArray" time="3.677"/>
  <testcase classname="dsAlgoTests.ArrayPageTest" name="runInvalidCodeSearchTheArray" time="3.382"/>
  <testcase classname="dsAlgoTests.ArrayPageTest" name="runValidCodeSearchTheArray" time="3.024"/>
  <testcase classname="dsAlgoTests.ArrayPageTest" name="submitInvalidCodeSearchTheArray" time="4.243"/>
  <testcase classname="dsAlgoTests.ArrayPageTest" name="submitInvalidCodeSearchTheArray" time="3.833"/>
  <testcase classname="dsAlgoTests.ArrayPageTest" name="submitValidCodeSearchTheArray" time="3.966">
    <failure type="java.lang.AssertionError" message="expected [Submission Successful] but found [ Some Tests failed. Please review code]">
      <![CDATA[java.lang.AssertionError: expected [Submission Successful] but found [ Some Tests failed. Please review code]
at dsAlgoTests.ArrayPageTest.submitValidCodeSearchTheArray(ArrayPageTest.java:177)
at java.base/java.util.ArrayList.forEach(ArrayList.java:1596)
... Removed 31 stack frames]]>
    </failure>
  </testcase> <!-- submitValidCodeSearchTheArray -->
  <testcase classname="dsAlgoTests.ArrayPageTest" name="maxConOnesQtn" time="2.731"/>
  <testcase classname="dsAlgoTests.ArrayPageTest" name="runInvalidCodeMaxConOnes" time="2.755"/>
  <testcase classname="dsAlgoTests.ArrayPageTest" name="runInvalidCodeMaxConOnes" time="3.572"/>
  <testcase classname="dsAlgoTests.ArrayPageTest" name="runValidCodeMaxConOnes" time="4.135"/>
  <testcase classname="dsAlgoTests.ArrayPageTest" name="submitInvalidCodeMaxConOnes" time="4.162"/>
  <testcase classname="dsAlgoTests.ArrayPageTest" name="submitInvalidCodeMaxConOnes" time="3.48"/>
  <testcase classname="dsAlgoTests.ArrayPageTest" name="submitValidCodeMaxConOnes" time="3.793">
    <failure type="java.lang.AssertionError" message="expected [Submission Successful] but found [ Some Tests failed. Please review code]">
      <![CDATA[java.lang.AssertionError: expected [Submission Successful] but found [ Some Tests failed. Please review code]
at dsAlgoTests.ArrayPageTest.submitValidCodeMaxConOnes(ArrayPageTest.java:235)
at java.base/java.util.ArrayList.forEach(ArrayList.java:1596)
... Removed 31 stack frames]]>
    </failure>
  </testcase> <!-- submitValidCodeMaxConOnes -->
  <testcase classname="dsAlgoTests.ArrayPageTest" name="findEvenNumberQtn" time="3.417"/>
  <testcase classname="dsAlgoTests.ArrayPageTest" name="runInvalidCodeFindEvenNumber" time="3.272"/>
  <testcase classname="dsAlgoTests.ArrayPageTest" name="runInvalidCodeFindEvenNumber" time="3.458"/>
  <testcase classname="dsAlgoTests.ArrayPageTest" name="runValidFindEvenNumber" time="3.754"/>
  <testcase classname="dsAlgoTests.ArrayPageTest" name="submitInvalidCodeFindEvenNumber" time="4.309"/>
  <testcase classname="dsAlgoTests.ArrayPageTest" name="submitInvalidCodeFindEvenNumber" time="3.887"/>
  <testcase classname="dsAlgoTests.ArrayPageTest" name="submitValidCodeFindEvenNumber" time="4.257"/>
  <testcase classname="dsAlgoTests.ArrayPageTest" name="sqrsOfSortedArrayQtn" time="2.75"/>
  <testcase classname="dsAlgoTests.ArrayPageTest" name="runInvalidCodeSqrsOfSortedArrayQtn" time="3.506"/>
  <testcase classname="dsAlgoTests.ArrayPageTest" name="runInvalidCodeSqrsOfSortedArrayQtn" time="3.65"/>
  <testcase classname="dsAlgoTests.ArrayPageTest" name="runValidSqrsOfSortedArrayQtn" time="3.574"/>
  <testcase classname="dsAlgoTests.ArrayPageTest" name="submitInvalidCodeSqrsOfSortedArrayQtn" time="4.191">
    <failure type="java.lang.AssertionError" message="expected [Error occurred during submission] but found [ No tests were collected]">
      <![CDATA[java.lang.AssertionError: expected [Error occurred during submission] but found [ No tests were collected]
at dsAlgoTests.ArrayPageTest.submitInvalidCodeSqrsOfSortedArrayQtn(ArrayPageTest.java:339)
at java.base/java.util.ArrayList.forEach(ArrayList.java:1596)
... Removed 31 stack frames]]>
    </failure>
  </testcase> <!-- submitInvalidCodeSqrsOfSortedArrayQtn -->
  <testcase classname="dsAlgoTests.ArrayPageTest" name="submitInvalidCodeSqrsOfSortedArrayQtn" time="4.037">
    <failure type="java.lang.AssertionError" message="expected [Error occurred during submission] but found [ No tests were collected]">
      <![CDATA[java.lang.AssertionError: expected [Error occurred during submission] but found [ No tests were collected]
at dsAlgoTests.ArrayPageTest.submitInvalidCodeSqrsOfSortedArrayQtn(ArrayPageTest.java:339)
at java.base/java.util.ArrayList.forEach(ArrayList.java:1596)
... Removed 31 stack frames]]>
    </failure>
  </testcase> <!-- submitInvalidCodeSqrsOfSortedArrayQtn -->
  <testcase classname="dsAlgoTests.ArrayPageTest" name="submitValidCodeSqrsOfSortedArrayQtn" time="5.017">
    <failure type="java.lang.AssertionError" message="expected [Submission Successful] but found [ No tests were collected]">
      <![CDATA[java.lang.AssertionError: expected [Submission Successful] but found [ No tests were collected]
at dsAlgoTests.ArrayPageTest.submitValidCodeSqrsOfSortedArrayQtn(ArrayPageTest.java:351)
at java.base/java.util.ArrayList.forEach(ArrayList.java:1596)
... Removed 31 stack frames]]>
    </failure>
  </testcase> <!-- submitValidCodeSqrsOfSortedArrayQtn -->
  <testcase classname="dsAlgoTests.ArrayPageTest" name="userInArraysUsingList" time="1.263"/>
  <testcase classname="dsAlgoTests.ArrayPageTest" name="userInTryEditorArraysUsingList" time="2.31"/>
  <testcase classname="dsAlgoTests.ArrayPageTest" name="inValidCodeTryEditorArraysUsingList" time="3.196">
    <failure type="java.lang.AssertionError" message="expected [true] but found [false]">
      <![CDATA[java.lang.AssertionError: expected [true] but found [false]
at dsAlgoTests.ArrayPageTest.inValidCodeTryEditorArraysUsingList(ArrayPageTest.java:381)
at java.base/java.util.ArrayList.forEach(ArrayList.java:1596)
... Removed 29 stack frames]]>
    </failure>
  </testcase> <!-- inValidCodeTryEditorArraysUsingList -->
  <testcase classname="dsAlgoTests.ArrayPageTest" name="inValidCodeTryEditorArraysUsingList" time="2.502"/>
  <testcase classname="dsAlgoTests.ArrayPageTest" name="inValidCodeTryEditorArraysUsingList" time="3.053"/>
  <testcase classname="dsAlgoTests.ArrayPageTest" name="validCodeTryEditorArraysUsingList" time="2.993"/>
  <testcase classname="dsAlgoTests.ArrayPageTest" name="practiseQtnsArraysUsingList" time="1.852"/>
  <testcase classname="dsAlgoTests.ArrayPageTest" name="userInBasicOprtnsInList" time="1.299"/>
  <testcase classname="dsAlgoTests.ArrayPageTest" name="userInTryEditorBasicOprtnsInList" time="2.59"/>
  <testcase classname="dsAlgoTests.ArrayPageTest" name="inValidCodeTryEditorBasicOprtnsInList" time="2.475">
    <failure type="java.lang.AssertionError" message="expected [true] but found [false]">
      <![CDATA[java.lang.AssertionError: expected [true] but found [false]
at dsAlgoTests.ArrayPageTest.inValidCodeTryEditorBasicOprtnsInList(ArrayPageTest.java:431)
at java.base/java.util.ArrayList.forEach(ArrayList.java:1596)
... Removed 29 stack frames]]>
    </failure>
  </testcase> <!-- inValidCodeTryEditorBasicOprtnsInList -->
  <testcase classname="dsAlgoTests.ArrayPageTest" name="inValidCodeTryEditorBasicOprtnsInList" time="2.678"/>
  <testcase classname="dsAlgoTests.ArrayPageTest" name="inValidCodeTryEditorBasicOprtnsInList" time="2.837"/>
  <testcase classname="dsAlgoTests.ArrayPageTest" name="validCodeTryEditorBasicOprtnsInList" time="3.159"/>
  <testcase classname="dsAlgoTests.ArrayPageTest" name="practiseQtnsBasicOprtnsInList" time="2.001"/>
  <testcase classname="dsAlgoTests.ArrayPageTest" name="userInApplicationsOfArray" time="1.27"/>
  <testcase classname="dsAlgoTests.ArrayPageTest" name="userInTryEditorApplicationsOfArray" time="2.216"/>
  <testcase classname="dsAlgoTests.ArrayPageTest" name="inValidCodeTryEditorApplicationsOfArray" time="2.083">
    <failure type="java.lang.AssertionError" message="expected [true] but found [false]">
      <![CDATA[java.lang.AssertionError: expected [true] but found [false]
at dsAlgoTests.ArrayPageTest.inValidCodeTryEditorApplicationsOfArray(ArrayPageTest.java:481)
at java.base/java.util.ArrayList.forEach(ArrayList.java:1596)
... Removed 29 stack frames]]>
    </failure>
  </testcase> <!-- inValidCodeTryEditorApplicationsOfArray -->
  <testcase classname="dsAlgoTests.ArrayPageTest" name="inValidCodeTryEditorApplicationsOfArray" time="3.22"/>
  <testcase classname="dsAlgoTests.ArrayPageTest" name="inValidCodeTryEditorApplicationsOfArray" time="2.99"/>
  <testcase classname="dsAlgoTests.ArrayPageTest" name="validCodeTryEditorApplicationsOfArray" time="3.391"/>
  <testcase classname="dsAlgoTests.ArrayPageTest" name="practiseQtnsApplicationsOfArray" time="1.969"/>
  <testcase classname="dsAlgoTests.QueuePageTest" name="userInGetStartedQueuePage" time="0.0">
    <skipped/>
  </testcase> <!-- userInGetStartedQueuePage -->
  <testcase classname="dsAlgoTests.QueuePageTest" name="userInDropDownQueuePage" time="0.0">
    <skipped/>
  </testcase> <!-- userInDropDownQueuePage -->
  <testcase classname="dsAlgoTests.QueuePageTest" name="userInImplOfQueue" time="0.0">
    <skipped/>
  </testcase> <!-- userInImplOfQueue -->
  <testcase classname="dsAlgoTests.QueuePageTest" name="userInTryEditorImplOfQueue" time="0.0">
    <skipped/>
  </testcase> <!-- userInTryEditorImplOfQueue -->
  <testcase classname="dsAlgoTests.QueuePageTest" name="inValidCodeTryEditorImplOfQueue" time="0.0">
    <skipped/>
  </testcase> <!-- inValidCodeTryEditorImplOfQueue -->
  <testcase classname="dsAlgoTests.QueuePageTest" name="inValidCodeTryEditorImplOfQueue" time="0.0">
    <skipped/>
  </testcase> <!-- inValidCodeTryEditorImplOfQueue -->
  <testcase classname="dsAlgoTests.QueuePageTest" name="inValidCodeTryEditorImplOfQueue" time="0.0">
    <skipped/>
  </testcase> <!-- inValidCodeTryEditorImplOfQueue -->
  <testcase classname="dsAlgoTests.QueuePageTest" name="validCodeTryEditorImplOfQueue" time="0.0">
    <skipped/>
  </testcase> <!-- validCodeTryEditorImplOfQueue -->
  <testcase classname="dsAlgoTests.QueuePageTest" name="practiseQtnsImplOfQueue" time="0.0">
    <skipped/>
  </testcase> <!-- practiseQtnsImplOfQueue -->
  <testcase classname="dsAlgoTests.QueuePageTest" name="userInImplUsingCollections" time="0.0">
    <skipped/>
  </testcase> <!-- userInImplUsingCollections -->
  <testcase classname="dsAlgoTests.QueuePageTest" name="userInTryEditorImplUsingCollections" time="0.0">
    <skipped/>
  </testcase> <!-- userInTryEditorImplUsingCollections -->
  <testcase classname="dsAlgoTests.QueuePageTest" name="inValidCodeTryEditorImplUsingCollections" time="0.0">
    <skipped/>
  </testcase> <!-- inValidCodeTryEditorImplUsingCollections -->
  <testcase classname="dsAlgoTests.QueuePageTest" name="inValidCodeTryEditorImplUsingCollections" time="0.0">
    <skipped/>
  </testcase> <!-- inValidCodeTryEditorImplUsingCollections -->
  <testcase classname="dsAlgoTests.QueuePageTest" name="inValidCodeTryEditorImplUsingCollections" time="0.0">
    <skipped/>
  </testcase> <!-- inValidCodeTryEditorImplUsingCollections -->
  <testcase classname="dsAlgoTests.QueuePageTest" name="validCodeTryEditorImplUsingCollections" time="0.0">
    <skipped/>
  </testcase> <!-- validCodeTryEditorImplUsingCollections -->
  <testcase classname="dsAlgoTests.QueuePageTest" name="practiseQtnsImplUsingCollections" time="0.0">
    <skipped/>
  </testcase> <!-- practiseQtnsImplUsingCollections -->
  <testcase classname="dsAlgoTests.QueuePageTest" name="userInImplUsingArray" time="0.0">
    <skipped/>
  </testcase> <!-- userInImplUsingArray -->
  <testcase classname="dsAlgoTests.QueuePageTest" name="userInTryEditorImplUsingArray" time="0.0">
    <skipped/>
  </testcase> <!-- userInTryEditorImplUsingArray -->
  <testcase classname="dsAlgoTests.QueuePageTest" name="inValidCodeTryEditorImplUsingArray" time="0.0">
    <skipped/>
  </testcase> <!-- inValidCodeTryEditorImplUsingArray -->
  <testcase classname="dsAlgoTests.QueuePageTest" name="inValidCodeTryEditorImplUsingArray" time="0.001">
    <skipped/>
  </testcase> <!-- inValidCodeTryEditorImplUsingArray -->
  <testcase classname="dsAlgoTests.QueuePageTest" name="inValidCodeTryEditorImplUsingArray" time="0.0">
    <skipped/>
  </testcase> <!-- inValidCodeTryEditorImplUsingArray -->
  <testcase classname="dsAlgoTests.QueuePageTest" name="validCodeTryEditorImplUsingArray" time="0.0">
    <skipped/>
  </testcase> <!-- validCodeTryEditorImplUsingArray -->
  <testcase classname="dsAlgoTests.QueuePageTest" name="practiseQtnsImplUsingArray" time="0.0">
    <skipped/>
  </testcase> <!-- practiseQtnsImplUsingArray -->
  <testcase classname="dsAlgoTests.QueuePageTest" name="userInQueueOperation" time="0.0">
    <skipped/>
  </testcase> <!-- userInQueueOperation -->
  <testcase classname="dsAlgoTests.QueuePageTest" name="userInTryEditorQueueOperation" time="0.0">
    <skipped/>
  </testcase> <!-- userInTryEditorQueueOperation -->
  <testcase classname="dsAlgoTests.QueuePageTest" name="inValidCodeTryEditorQueueOperation" time="0.0">
    <skipped/>
  </testcase> <!-- inValidCodeTryEditorQueueOperation -->
  <testcase classname="dsAlgoTests.QueuePageTest" name="inValidCodeTryEditorQueueOperation" time="0.0">
    <skipped/>
  </testcase> <!-- inValidCodeTryEditorQueueOperation -->
  <testcase classname="dsAlgoTests.QueuePageTest" name="inValidCodeTryEditorQueueOperation" time="0.0">
    <skipped/>
  </testcase> <!-- inValidCodeTryEditorQueueOperation -->
  <testcase classname="dsAlgoTests.QueuePageTest" name="validCodeTryEditorQueueOperation" time="0.0">
    <skipped/>
  </testcase> <!-- validCodeTryEditorQueueOperation -->
  <testcase classname="dsAlgoTests.QueuePageTest" name="practiseQtnsQueueOperation" time="0.0">
    <skipped/>
  </testcase> <!-- practiseQtnsQueueOperation -->
  <testcase classname="dsAlgoTests.HomePageTests" name="VerifyWarningMsgOnDrpdwnClick" time="0.522"/>
  <testcase classname="dsAlgoTests.HomePageTests" name="VerifyWarningMsgOnDrpdwnClick" time="0.578"/>
  <testcase classname="dsAlgoTests.HomePageTests" name="VerifyWarningMsgOnDrpdwnClick" time="0.678"/>
  <testcase classname="dsAlgoTests.HomePageTests" name="VerifyWarningMsgOnDrpdwnClick" time="0.516"/>
  <testcase classname="dsAlgoTests.HomePageTests" name="VerifyWarningMsgOnDrpdwnClick" time="0.481"/>
  <testcase classname="dsAlgoTests.HomePageTests" name="VerifyWarningMsgOnDrpdwnClick" time="0.563"/>
  <testcase classname="dsAlgoTests.HomePageTests" name="VerifyWarningMsgOnGetStartedBtnClick" time="0.637"/>
  <testcase classname="dsAlgoTests.HomePageTests" name="VerifyWarningMsgOnGetStartedBtnClick" time="0.597"/>
  <testcase classname="dsAlgoTests.HomePageTests" name="VerifyWarningMsgOnGetStartedBtnClick" time="0.546"/>
  <testcase classname="dsAlgoTests.HomePageTests" name="VerifyWarningMsgOnGetStartedBtnClick" time="0.493"/>
  <testcase classname="dsAlgoTests.HomePageTests" name="VerifyWarningMsgOnGetStartedBtnClick" time="0.651"/>
  <testcase classname="dsAlgoTests.HomePageTests" name="VerifyWarningMsgOnGetStartedBtnClick" time="0.602"/>
  <testcase classname="dsAlgoTests.HomePageTests" name="userIsInlaunchPage" time="0.167"/>
  <testcase classname="dsAlgoTests.LoginPageTest" name="userClickSignOut" time="1.961"/>
  <testcase classname="dsAlgoTests.LoginPageTest" name="userEntersInvalidLogin" time="10.468">
    <failure type="org.openqa.selenium.TimeoutException" message="Expected condition failed: waiting for visibility of element located by By.xpath: //div[contains(text(),&amp;apos;Invalid&amp;apos;)] (tried for 10 second(s) with 500 milliseconds interval)
Build info: version: &amp;apos;4.32.0&amp;apos;, revision: &amp;apos;d17c8aa950&amp;apos;
System info: os.name: &amp;apos;Windows 11&amp;apos;, os.arch: &amp;apos;amd64&amp;apos;, os.version: &amp;apos;10.0&amp;apos;, java.version: &amp;apos;21.0.3&amp;apos;
Driver info: org.openqa.selenium.chrome.ChromeDriver
Capabilities {acceptInsecureCerts: false, browserName: chrome, browserVersion: 136.0.7103.114, chrome: {chromedriverVersion: 136.0.7103.94 (fa0be0b33deb..., userDataDir: C:\Users\jimre\AppData\Loca...}, fedcm:accounts: true, goog:chromeOptions: {debuggerAddress: localhost:57521}, networkConnectionEnabled: false, pageLoadStrategy: normal, platformName: windows, proxy: Proxy(), se:cdp: ws://localhost:57521/devtoo..., se:cdpVersion: 136.0.7103.114, setWindowRect: true, strictFileInteractability: false, timeouts: {implicit: 0, pageLoad: 300000, script: 30000}, unhandledPromptBehavior: dismiss and notify, webauthn:extension:credBlob: true, webauthn:extension:largeBlob: true, webauthn:extension:minPinLength: true, webauthn:extension:prf: true, webauthn:virtualAuthenticators: true}
Session ID: 6e4a5c385bc13120d3e779b4b8a8d14b">
      <![CDATA[org.openqa.selenium.TimeoutException: Expected condition failed: waiting for visibility of element located by By.xpath: //div[contains(text(),'Invalid')] (tried for 10 second(s) with 500 milliseconds interval)
Build info: version: '4.32.0', revision: 'd17c8aa950'
System info: os.name: 'Windows 11', os.arch: 'amd64', os.version: '10.0', java.version: '21.0.3'
Driver info: org.openqa.selenium.chrome.ChromeDriver
Capabilities {acceptInsecureCerts: false, browserName: chrome, browserVersion: 136.0.7103.114, chrome: {chromedriverVersion: 136.0.7103.94 (fa0be0b33deb..., userDataDir: C:\Users\jimre\AppData\Loca...}, fedcm:accounts: true, goog:chromeOptions: {debuggerAddress: localhost:57521}, networkConnectionEnabled: false, pageLoadStrategy: normal, platformName: windows, proxy: Proxy(), se:cdp: ws://localhost:57521/devtoo..., se:cdpVersion: 136.0.7103.114, setWindowRect: true, strictFileInteractability: false, timeouts: {implicit: 0, pageLoad: 300000, script: 30000}, unhandledPromptBehavior: dismiss and notify, webauthn:extension:credBlob: true, webauthn:extension:largeBlob: true, webauthn:extension:minPinLength: true, webauthn:extension:prf: true, webauthn:virtualAuthenticators: true}
Session ID: 6e4a5c385bc13120d3e779b4b8a8d14b
at org.openqa.selenium.support.ui.WebDriverWait.timeoutException(WebDriverWait.java:84)
at org.openqa.selenium.support.ui.FluentWait.until(FluentWait.java:228)
at PageObject.LoginPageObject.invalidUserNameAndPassword(LoginPageObject.java:80)
at dsAlgoTests.LoginPageTest.userEntersInvalidLogin(LoginPageTest.java:100)
at java.base/java.util.ArrayList.forEach(ArrayList.java:1596)
... Removed 25 stack frames]]>
    </failure>
  </testcase> <!-- userEntersInvalidLogin -->
  <testcase classname="dsAlgoTests.LoginPageTest" name="userEntersInvalidLogin" time="10.458">
    <failure type="org.openqa.selenium.TimeoutException" message="Expected condition failed: waiting for visibility of element located by By.xpath: //div[contains(text(),&amp;apos;Invalid&amp;apos;)] (tried for 10 second(s) with 500 milliseconds interval)
Build info: version: &amp;apos;4.32.0&amp;apos;, revision: &amp;apos;d17c8aa950&amp;apos;
System info: os.name: &amp;apos;Windows 11&amp;apos;, os.arch: &amp;apos;amd64&amp;apos;, os.version: &amp;apos;10.0&amp;apos;, java.version: &amp;apos;21.0.3&amp;apos;
Driver info: org.openqa.selenium.chrome.ChromeDriver
Capabilities {acceptInsecureCerts: false, browserName: chrome, browserVersion: 136.0.7103.114, chrome: {chromedriverVersion: 136.0.7103.94 (fa0be0b33deb..., userDataDir: C:\Users\jimre\AppData\Loca...}, fedcm:accounts: true, goog:chromeOptions: {debuggerAddress: localhost:57553}, networkConnectionEnabled: false, pageLoadStrategy: normal, platformName: windows, proxy: Proxy(), se:cdp: ws://localhost:57553/devtoo..., se:cdpVersion: 136.0.7103.114, setWindowRect: true, strictFileInteractability: false, timeouts: {implicit: 0, pageLoad: 300000, script: 30000}, unhandledPromptBehavior: dismiss and notify, webauthn:extension:credBlob: true, webauthn:extension:largeBlob: true, webauthn:extension:minPinLength: true, webauthn:extension:prf: true, webauthn:virtualAuthenticators: true}
Session ID: 4b308e83880a9b8697811185c17bda77">
      <![CDATA[org.openqa.selenium.TimeoutException: Expected condition failed: waiting for visibility of element located by By.xpath: //div[contains(text(),'Invalid')] (tried for 10 second(s) with 500 milliseconds interval)
Build info: version: '4.32.0', revision: 'd17c8aa950'
System info: os.name: 'Windows 11', os.arch: 'amd64', os.version: '10.0', java.version: '21.0.3'
Driver info: org.openqa.selenium.chrome.ChromeDriver
Capabilities {acceptInsecureCerts: false, browserName: chrome, browserVersion: 136.0.7103.114, chrome: {chromedriverVersion: 136.0.7103.94 (fa0be0b33deb..., userDataDir: C:\Users\jimre\AppData\Loca...}, fedcm:accounts: true, goog:chromeOptions: {debuggerAddress: localhost:57553}, networkConnectionEnabled: false, pageLoadStrategy: normal, platformName: windows, proxy: Proxy(), se:cdp: ws://localhost:57553/devtoo..., se:cdpVersion: 136.0.7103.114, setWindowRect: true, strictFileInteractability: false, timeouts: {implicit: 0, pageLoad: 300000, script: 30000}, unhandledPromptBehavior: dismiss and notify, webauthn:extension:credBlob: true, webauthn:extension:largeBlob: true, webauthn:extension:minPinLength: true, webauthn:extension:prf: true, webauthn:virtualAuthenticators: true}
Session ID: 4b308e83880a9b8697811185c17bda77
at org.openqa.selenium.support.ui.WebDriverWait.timeoutException(WebDriverWait.java:84)
at org.openqa.selenium.support.ui.FluentWait.until(FluentWait.java:228)
at PageObject.LoginPageObject.invalidUserNameAndPassword(LoginPageObject.java:80)
at dsAlgoTests.LoginPageTest.userEntersInvalidLogin(LoginPageTest.java:100)
at java.base/java.util.ArrayList.forEach(ArrayList.java:1596)
... Removed 25 stack frames]]>
    </failure>
  </testcase> <!-- userEntersInvalidLogin -->
  <testcase classname="dsAlgoTests.LoginPageTest" name="userEntersInvalidLogin" time="0.939"/>
  <testcase classname="dsAlgoTests.LoginPageTest" name="userEntersInvalidLogin" time="0.978"/>
  <testcase classname="dsAlgoTests.LoginPageTest" name="userShouldSignInWithValidLogin" time="1.16"/>
  <testcase classname="dsAlgoTests.LoginPageTest" name="userSignedIntoDsAlgo" time="0.155"/>
</testsuite> <!-- Test -->
