<?xml version="1.0" encoding="UTF-8"?>
<!-- Generated by org.testng.reporters.JUnitXMLReporter -->
<testsuite ignored="46" hostname="KAITLYN" failures="19" tests="19" name="Test(failed)" time="196.021" errors="0" timestamp="2025-05-20T00:11:33 CDT">
  <testcase classname="dsAlgoTests.QueuePageTest" name="inValidCodeTryEditorImplOfQueue" time="2.951">
    <failure type="java.lang.AssertionError" message="expected [true] but found [false]">
      <![CDATA[java.lang.AssertionError: expected [true] but found [false]
at dsAlgoTests.QueuePageTest.inValidCodeTryEditorImplOfQueue(QueuePageTest.java:69)
at java.base/java.util.ArrayList.forEach(ArrayList.java:1596)
... Removed 29 stack frames]]>
    </failure>
  </testcase> <!-- inValidCodeTryEditorImplOfQueue -->
  <testcase classname="dsAlgoTests.QueuePageTest" name="practiseQtnsImplOfQueue" time="12.116">
    <failure type="java.lang.AssertionError" message="No Practise Questions found expected [true] but found [false]">
      <![CDATA[java.lang.AssertionError: No Practise Questions found expected [true] but found [false]
at dsAlgoTests.QueuePageTest.practiseQtnsImplOfQueue(QueuePageTest.java:89)
at java.base/java.util.ArrayList.forEach(ArrayList.java:1596)
... Removed 28 stack frames]]>
    </failure>
  </testcase> <!-- practiseQtnsImplOfQueue -->
  <testcase classname="dsAlgoTests.QueuePageTest" name="inValidCodeTryEditorImplUsingCollections" time="2.99">
    <failure type="java.lang.AssertionError" message="expected [true] but found [false]">
      <![CDATA[java.lang.AssertionError: expected [true] but found [false]
at dsAlgoTests.QueuePageTest.inValidCodeTryEditorImplUsingCollections(QueuePageTest.java:120)
at java.base/java.util.ArrayList.forEach(ArrayList.java:1596)
... Removed 29 stack frames]]>
    </failure>
  </testcase> <!-- inValidCodeTryEditorImplUsingCollections -->
  <testcase classname="dsAlgoTests.QueuePageTest" name="practiseQtnsImplUsingCollections" time="12.062">
    <failure type="java.lang.AssertionError" message="No Practise Questions found expected [true] but found [false]">
      <![CDATA[java.lang.AssertionError: No Practise Questions found expected [true] but found [false]
at dsAlgoTests.QueuePageTest.practiseQtnsImplUsingCollections(QueuePageTest.java:140)
at java.base/java.util.ArrayList.forEach(ArrayList.java:1596)
... Removed 28 stack frames]]>
    </failure>
  </testcase> <!-- practiseQtnsImplUsingCollections -->
  <testcase classname="dsAlgoTests.QueuePageTest" name="userInImplUsingArray" time="1.45">
    <failure type="java.lang.AssertionError" message="expected [Implementation using array] but found [Implementation using collections.deque]">
      <![CDATA[java.lang.AssertionError: expected [Implementation using array] but found [Implementation using collections.deque]
at dsAlgoTests.QueuePageTest.userInImplUsingArray(QueuePageTest.java:149)
at java.base/java.util.ArrayList.forEach(ArrayList.java:1596)
... Removed 31 stack frames]]>
    </failure>
  </testcase> <!-- userInImplUsingArray -->
  <testcase classname="dsAlgoTests.QueuePageTest" name="inValidCodeTryEditorImplUsingArray" time="3.444">
    <failure type="java.lang.AssertionError" message="expected [true] but found [false]">
      <![CDATA[java.lang.AssertionError: expected [true] but found [false]
at dsAlgoTests.QueuePageTest.inValidCodeTryEditorImplUsingArray(QueuePageTest.java:171)
at java.base/java.util.ArrayList.forEach(ArrayList.java:1596)
... Removed 29 stack frames]]>
    </failure>
  </testcase> <!-- inValidCodeTryEditorImplUsingArray -->
  <testcase classname="dsAlgoTests.QueuePageTest" name="practiseQtnsImplUsingArray" time="11.933">
    <failure type="java.lang.AssertionError" message="No Practise Questions found expected [true] but found [false]">
      <![CDATA[java.lang.AssertionError: No Practise Questions found expected [true] but found [false]
at dsAlgoTests.QueuePageTest.practiseQtnsImplUsingArray(QueuePageTest.java:191)
at java.base/java.util.ArrayList.forEach(ArrayList.java:1596)
... Removed 28 stack frames]]>
    </failure>
  </testcase> <!-- practiseQtnsImplUsingArray -->
  <testcase classname="dsAlgoTests.QueuePageTest" name="userInQueueOperation" time="1.144">
    <failure type="java.lang.AssertionError" message="expected [Queue Operations] but found [Implementation using collections.deque]">
      <![CDATA[java.lang.AssertionError: expected [Queue Operations] but found [Implementation using collections.deque]
at dsAlgoTests.QueuePageTest.userInQueueOperation(QueuePageTest.java:200)
at java.base/java.util.ArrayList.forEach(ArrayList.java:1596)
... Removed 31 stack frames]]>
    </failure>
  </testcase> <!-- userInQueueOperation -->
  <testcase classname="dsAlgoTests.QueuePageTest" name="inValidCodeTryEditorQueueOperation" time="4.191">
    <failure type="java.lang.AssertionError" message="expected [true] but found [false]">
      <![CDATA[java.lang.AssertionError: expected [true] but found [false]
at dsAlgoTests.QueuePageTest.inValidCodeTryEditorQueueOperation(QueuePageTest.java:222)
at java.base/java.util.ArrayList.forEach(ArrayList.java:1596)
... Removed 29 stack frames]]>
    </failure>
  </testcase> <!-- inValidCodeTryEditorQueueOperation -->
  <testcase classname="dsAlgoTests.QueuePageTest" name="practiseQtnsQueueOperation" time="12.053">
    <failure type="java.lang.AssertionError" message="No Practise Questions found expected [true] but found [false]">
      <![CDATA[java.lang.AssertionError: No Practise Questions found expected [true] but found [false]
at dsAlgoTests.QueuePageTest.practiseQtnsQueueOperation(QueuePageTest.java:242)
at java.base/java.util.ArrayList.forEach(ArrayList.java:1596)
... Removed 28 stack frames]]>
    </failure>
  </testcase> <!-- practiseQtnsQueueOperation -->
  <testcase classname="dsAlgoTests.ArrayPageTest" name="inValidCodeTryEditorArraysInPython" time="3.196">
    <failure type="java.lang.AssertionError" message="expected [true] but found [false]">
      <![CDATA[java.lang.AssertionError: expected [true] but found [false]
at dsAlgoTests.ArrayPageTest.inValidCodeTryEditorArraysInPython(ArrayPageTest.java:93)
at java.base/java.util.ArrayList.forEach(ArrayList.java:1596)
... Removed 29 stack frames]]>
    </failure>
  </testcase> <!-- inValidCodeTryEditorArraysInPython -->
  <testcase classname="dsAlgoTests.ArrayPageTest" name="submitValidCodeSearchTheArray" time="4.774">
    <failure type="java.lang.AssertionError" message="expected [Submission Successful] but found [ Some Tests failed. Please review code]">
      <![CDATA[java.lang.AssertionError: expected [Submission Successful] but found [ Some Tests failed. Please review code]
at dsAlgoTests.ArrayPageTest.submitValidCodeSearchTheArray(ArrayPageTest.java:171)
at java.base/java.util.ArrayList.forEach(ArrayList.java:1596)
... Removed 31 stack frames]]>
    </failure>
  </testcase> <!-- submitValidCodeSearchTheArray -->
  <testcase classname="dsAlgoTests.ArrayPageTest" name="submitValidCodeMaxConOnes" time="4.19">
    <failure type="java.lang.AssertionError" message="expected [Submission Successful] but found [ Some Tests failed. Please review code]">
      <![CDATA[java.lang.AssertionError: expected [Submission Successful] but found [ Some Tests failed. Please review code]
at dsAlgoTests.ArrayPageTest.submitValidCodeMaxConOnes(ArrayPageTest.java:229)
at java.base/java.util.ArrayList.forEach(ArrayList.java:1596)
... Removed 31 stack frames]]>
    </failure>
  </testcase> <!-- submitValidCodeMaxConOnes -->
  <testcase classname="dsAlgoTests.ArrayPageTest" name="submitInvalidCodeSqrsOfSortedArrayQtn" time="4.301">
    <failure type="java.lang.AssertionError" message="expected [Error occurred during submission] but found [ No tests were collected]">
      <![CDATA[java.lang.AssertionError: expected [Error occurred during submission] but found [ No tests were collected]
at dsAlgoTests.ArrayPageTest.submitInvalidCodeSqrsOfSortedArrayQtn(ArrayPageTest.java:333)
at java.base/java.util.ArrayList.forEach(ArrayList.java:1596)
... Removed 31 stack frames]]>
    </failure>
  </testcase> <!-- submitInvalidCodeSqrsOfSortedArrayQtn -->
  <testcase classname="dsAlgoTests.ArrayPageTest" name="submitInvalidCodeSqrsOfSortedArrayQtn" time="4.356">
    <failure type="java.lang.AssertionError" message="expected [Error occurred during submission] but found [ No tests were collected]">
      <![CDATA[java.lang.AssertionError: expected [Error occurred during submission] but found [ No tests were collected]
at dsAlgoTests.ArrayPageTest.submitInvalidCodeSqrsOfSortedArrayQtn(ArrayPageTest.java:333)
at java.base/java.util.ArrayList.forEach(ArrayList.java:1596)
... Removed 31 stack frames]]>
    </failure>
  </testcase> <!-- submitInvalidCodeSqrsOfSortedArrayQtn -->
  <testcase classname="dsAlgoTests.ArrayPageTest" name="submitValidCodeSqrsOfSortedArrayQtn" time="4.499">
    <failure type="java.lang.AssertionError" message="expected [Submission Successful] but found [ No tests were collected]">
      <![CDATA[java.lang.AssertionError: expected [Submission Successful] but found [ No tests were collected]
at dsAlgoTests.ArrayPageTest.submitValidCodeSqrsOfSortedArrayQtn(ArrayPageTest.java:345)
at java.base/java.util.ArrayList.forEach(ArrayList.java:1596)
... Removed 31 stack frames]]>
    </failure>
  </testcase> <!-- submitValidCodeSqrsOfSortedArrayQtn -->
  <testcase classname="dsAlgoTests.ArrayPageTest" name="inValidCodeTryEditorArraysUsingList" time="2.647">
    <failure type="java.lang.AssertionError" message="expected [true] but found [false]">
      <![CDATA[java.lang.AssertionError: expected [true] but found [false]
at dsAlgoTests.ArrayPageTest.inValidCodeTryEditorArraysUsingList(ArrayPageTest.java:375)
at java.base/java.util.ArrayList.forEach(ArrayList.java:1596)
... Removed 29 stack frames]]>
    </failure>
  </testcase> <!-- inValidCodeTryEditorArraysUsingList -->
  <testcase classname="dsAlgoTests.ArrayPageTest" name="inValidCodeTryEditorBasicOprtnsInList" time="2.69">
    <failure type="java.lang.AssertionError" message="expected [true] but found [false]">
      <![CDATA[java.lang.AssertionError: expected [true] but found [false]
at dsAlgoTests.ArrayPageTest.inValidCodeTryEditorBasicOprtnsInList(ArrayPageTest.java:425)
at java.base/java.util.ArrayList.forEach(ArrayList.java:1596)
... Removed 29 stack frames]]>
    </failure>
  </testcase> <!-- inValidCodeTryEditorBasicOprtnsInList -->
  <testcase classname="dsAlgoTests.ArrayPageTest" name="inValidCodeTryEditorApplicationsOfArray" time="2.891">
    <failure type="java.lang.AssertionError" message="expected [true] but found [false]">
      <![CDATA[java.lang.AssertionError: expected [true] but found [false]
at dsAlgoTests.ArrayPageTest.inValidCodeTryEditorApplicationsOfArray(ArrayPageTest.java:475)
at java.base/java.util.ArrayList.forEach(ArrayList.java:1596)
... Removed 29 stack frames]]>
    </failure>
  </testcase> <!-- inValidCodeTryEditorApplicationsOfArray -->
  <testcase classname="dsAlgoTests.ArrayPageTest" name="submitInvalidCodeSearchTheArray" time="0.0">
    <ignored/>
  </testcase> <!-- submitInvalidCodeSearchTheArray -->
  <testcase classname="dsAlgoTests.ArrayPageTest" name="practiseQtnsArraysUsingList" time="0.0">
    <ignored/>
  </testcase> <!-- practiseQtnsArraysUsingList -->
  <testcase classname="dsAlgoTests.ArrayPageTest" name="practiseQtnsApplicationsOfArray" time="0.0">
    <ignored/>
  </testcase> <!-- practiseQtnsApplicationsOfArray -->
  <testcase classname="dsAlgoTests.ArrayPageTest" name="submitInvalidCodeFindEvenNumber" time="0.0">
    <ignored/>
  </testcase> <!-- submitInvalidCodeFindEvenNumber -->
  <testcase classname="dsAlgoTests.ArrayPageTest" name="userInApplicationsOfArray" time="0.0">
    <ignored/>
  </testcase> <!-- userInApplicationsOfArray -->
  <testcase classname="dsAlgoTests.ArrayPageTest" name="runInvalidCodeSearchTheArray" time="0.0">
    <ignored/>
  </testcase> <!-- runInvalidCodeSearchTheArray -->
  <testcase classname="dsAlgoTests.ArrayPageTest" name="validCodeTryEditorArraysInPython" time="0.0">
    <ignored/>
  </testcase> <!-- validCodeTryEditorArraysInPython -->
  <testcase classname="dsAlgoTests.QueuePageTest" name="userInImplOfQueue" time="0.0">
    <ignored/>
  </testcase> <!-- userInImplOfQueue -->
  <testcase classname="dsAlgoTests.QueuePageTest" name="userInDropDownQueuePage" time="0.0">
    <ignored/>
  </testcase> <!-- userInDropDownQueuePage -->
  <testcase classname="dsAlgoTests.ArrayPageTest" name="runInvalidCodeSqrsOfSortedArrayQtn" time="0.0">
    <ignored/>
  </testcase> <!-- runInvalidCodeSqrsOfSortedArrayQtn -->
  <testcase classname="dsAlgoTests.ArrayPageTest" name="validCodeTryEditorApplicationsOfArray" time="0.0">
    <ignored/>
  </testcase> <!-- validCodeTryEditorApplicationsOfArray -->
  <testcase classname="dsAlgoTests.QueuePageTest" name="userInGetStartedQueuePage" time="0.0">
    <ignored/>
  </testcase> <!-- userInGetStartedQueuePage -->
  <testcase classname="dsAlgoTests.QueuePageTest" name="validCodeTryEditorImplOfQueue" time="0.0">
    <ignored/>
  </testcase> <!-- validCodeTryEditorImplOfQueue -->
  <testcase classname="dsAlgoTests.ArrayPageTest" name="userInGetStartedArrayPage" time="0.0">
    <ignored/>
  </testcase> <!-- userInGetStartedArrayPage -->
  <testcase classname="dsAlgoTests.QueuePageTest" name="userInImplUsingCollections" time="0.0">
    <ignored/>
  </testcase> <!-- userInImplUsingCollections -->
  <testcase classname="dsAlgoTests.ArrayPageTest" name="runValidFindEvenNumber" time="0.0">
    <ignored/>
  </testcase> <!-- runValidFindEvenNumber -->
  <testcase classname="dsAlgoTests.ArrayPageTest" name="runInvalidCodeFindEvenNumber" time="0.0">
    <ignored/>
  </testcase> <!-- runInvalidCodeFindEvenNumber -->
  <testcase classname="dsAlgoTests.ArrayPageTest" name="validCodeTryEditorArraysUsingList" time="0.0">
    <ignored/>
  </testcase> <!-- validCodeTryEditorArraysUsingList -->
  <testcase classname="dsAlgoTests.ArrayPageTest" name="runValidSqrsOfSortedArrayQtn" time="0.0">
    <ignored/>
  </testcase> <!-- runValidSqrsOfSortedArrayQtn -->
  <testcase classname="dsAlgoTests.ArrayPageTest" name="userInTryEditorArraysUsingList" time="0.0">
    <ignored/>
  </testcase> <!-- userInTryEditorArraysUsingList -->
  <testcase classname="dsAlgoTests.ArrayPageTest" name="runValidCodeSearchTheArray" time="0.0">
    <ignored/>
  </testcase> <!-- runValidCodeSearchTheArray -->
  <testcase classname="dsAlgoTests.ArrayPageTest" name="submitInvalidCodeMaxConOnes" time="0.0">
    <ignored/>
  </testcase> <!-- submitInvalidCodeMaxConOnes -->
  <testcase classname="dsAlgoTests.ArrayPageTest" name="runInvalidCodeMaxConOnes" time="0.0">
    <ignored/>
  </testcase> <!-- runInvalidCodeMaxConOnes -->
  <testcase classname="dsAlgoTests.ArrayPageTest" name="userInTryEditorApplicationsOfArray" time="0.0">
    <ignored/>
  </testcase> <!-- userInTryEditorApplicationsOfArray -->
  <testcase classname="dsAlgoTests.ArrayPageTest" name="maxConOnesQtn" time="0.0">
    <ignored/>
  </testcase> <!-- maxConOnesQtn -->
  <testcase classname="dsAlgoTests.QueuePageTest" name="validCodeTryEditorImplUsingCollections" time="0.0">
    <ignored/>
  </testcase> <!-- validCodeTryEditorImplUsingCollections -->
  <testcase classname="dsAlgoTests.ArrayPageTest" name="findEvenNumberQtn" time="0.0">
    <ignored/>
  </testcase> <!-- findEvenNumberQtn -->
  <testcase classname="dsAlgoTests.ArrayPageTest" name="userInArraysInPython" time="0.0">
    <ignored/>
  </testcase> <!-- userInArraysInPython -->
  <testcase classname="dsAlgoTests.ArrayPageTest" name="searchTheArrayQtn" time="0.0">
    <ignored/>
  </testcase> <!-- searchTheArrayQtn -->
  <testcase classname="dsAlgoTests.ArrayPageTest" name="sqrsOfSortedArrayQtn" time="0.0">
    <ignored/>
  </testcase> <!-- sqrsOfSortedArrayQtn -->
  <testcase classname="dsAlgoTests.QueuePageTest" name="userInTryEditorImplUsingCollections" time="0.0">
    <ignored/>
  </testcase> <!-- userInTryEditorImplUsingCollections -->
  <testcase classname="dsAlgoTests.ArrayPageTest" name="userInArraysUsingList" time="0.0">
    <ignored/>
  </testcase> <!-- userInArraysUsingList -->
  <testcase classname="dsAlgoTests.ArrayPageTest" name="userInTryEditorBasicOprtnsInList" time="0.0">
    <ignored/>
  </testcase> <!-- userInTryEditorBasicOprtnsInList -->
  <testcase classname="dsAlgoTests.ArrayPageTest" name="practiseQtnsArraysInPython" time="0.0">
    <ignored/>
  </testcase> <!-- practiseQtnsArraysInPython -->
  <testcase classname="dsAlgoTests.ArrayPageTest" name="userInDropDownArrayPage" time="0.0">
    <ignored/>
  </testcase> <!-- userInDropDownArrayPage -->
  <testcase classname="dsAlgoTests.ArrayPageTest" name="userInBasicOprtnsInList" time="0.0">
    <ignored/>
  </testcase> <!-- userInBasicOprtnsInList -->
  <testcase classname="dsAlgoTests.ArrayPageTest" name="practiseQtnsBasicOprtnsInList" time="0.0">
    <ignored/>
  </testcase> <!-- practiseQtnsBasicOprtnsInList -->
  <testcase classname="dsAlgoTests.ArrayPageTest" name="userInTryEditorArraysInPython" time="0.0">
    <ignored/>
  </testcase> <!-- userInTryEditorArraysInPython -->
  <testcase classname="dsAlgoTests.QueuePageTest" name="validCodeTryEditorQueueOperation" time="0.0">
    <ignored/>
  </testcase> <!-- validCodeTryEditorQueueOperation -->
  <testcase classname="dsAlgoTests.QueuePageTest" name="userInTryEditorImplUsingArray" time="0.0">
    <ignored/>
  </testcase> <!-- userInTryEditorImplUsingArray -->
  <testcase classname="dsAlgoTests.QueuePageTest" name="validCodeTryEditorImplUsingArray" time="0.0">
    <ignored/>
  </testcase> <!-- validCodeTryEditorImplUsingArray -->
  <testcase classname="dsAlgoTests.QueuePageTest" name="userInTryEditorQueueOperation" time="0.0">
    <ignored/>
  </testcase> <!-- userInTryEditorQueueOperation -->
  <testcase classname="dsAlgoTests.QueuePageTest" name="userInTryEditorImplOfQueue" time="0.0">
    <ignored/>
  </testcase> <!-- userInTryEditorImplOfQueue -->
  <testcase classname="dsAlgoTests.ArrayPageTest" name="validCodeTryEditorBasicOprtnsInList" time="0.0">
    <ignored/>
  </testcase> <!-- validCodeTryEditorBasicOprtnsInList -->
  <testcase classname="dsAlgoTests.ArrayPageTest" name="submitValidCodeFindEvenNumber" time="0.0">
    <ignored/>
  </testcase> <!-- submitValidCodeFindEvenNumber -->
  <testcase classname="dsAlgoTests.ArrayPageTest" name="runValidCodeMaxConOnes" time="0.0">
    <ignored/>
  </testcase> <!-- runValidCodeMaxConOnes -->
</testsuite> <!-- Test(failed) -->
