<?xml version="1.0" encoding="UTF-8"?>
<!-- Generated by org.testng.reporters.JUnitXMLReporter -->
<testsuite ignored="0" hostname="KAITLYN" failures="39" tests="307" name="ChromeTest" time="2252.846" errors="0" timestamp="2025-05-27T01:08:23 CDT">
  <testcase classname="dsAlgoTests.HomePageTests" name="VerifyWarningMsgOnDrpdwnClick" time="0.549"/>
  <testcase classname="dsAlgoTests.HomePageTests" name="VerifyWarningMsgOnDrpdwnClick" time="0.576"/>
  <testcase classname="dsAlgoTests.HomePageTests" name="VerifyWarningMsgOnDrpdwnClick" time="0.494"/>
  <testcase classname="dsAlgoTests.HomePageTests" name="VerifyWarningMsgOnDrpdwnClick" time="0.544"/>
  <testcase classname="dsAlgoTests.HomePageTests" name="VerifyWarningMsgOnDrpdwnClick" time="0.547"/>
  <testcase classname="dsAlgoTests.HomePageTests" name="VerifyWarningMsgOnDrpdwnClick" time="0.503"/>
  <testcase classname="dsAlgoTests.HomePageTests" name="VerifyWarningMsgOnGetStartedBtnClick" time="0.5"/>
  <testcase classname="dsAlgoTests.HomePageTests" name="VerifyWarningMsgOnGetStartedBtnClick" time="0.637"/>
  <testcase classname="dsAlgoTests.HomePageTests" name="VerifyWarningMsgOnGetStartedBtnClick" time="0.612"/>
  <testcase classname="dsAlgoTests.HomePageTests" name="VerifyWarningMsgOnGetStartedBtnClick" time="0.622"/>
  <testcase classname="dsAlgoTests.HomePageTests" name="VerifyWarningMsgOnGetStartedBtnClick" time="0.565"/>
  <testcase classname="dsAlgoTests.HomePageTests" name="VerifyWarningMsgOnGetStartedBtnClick" time="0.584"/>
  <testcase classname="dsAlgoTests.HomePageTests" name="userIsInlaunchPage" time="0.214"/>
  <testcase classname="dsAlgoTests.LoginPageTest" name="userClickSignOut" time="2.191"/>
  <testcase classname="dsAlgoTests.LoginPageTest" name="userEntersInvalidLogin" time="10.606">
    <failure type="org.openqa.selenium.TimeoutException" message="Expected condition failed: waiting for visibility of element located by By.xpath: //div[contains(text(),&amp;apos;Invalid&amp;apos;)] (tried for 10 second(s) with 500 milliseconds interval)
Build info: version: &amp;apos;4.33.0&amp;apos;, revision: &amp;apos;2c6aaad03a&amp;apos;
System info: os.name: &amp;apos;Windows 11&amp;apos;, os.arch: &amp;apos;amd64&amp;apos;, os.version: &amp;apos;10.0&amp;apos;, java.version: &amp;apos;21.0.3&amp;apos;
Driver info: org.openqa.selenium.chrome.ChromeDriver
Capabilities {acceptInsecureCerts: false, browserName: chrome, browserVersion: 137.0.7151.41, chrome: {chromedriverVersion: 137.0.7151.40 (84781974514a..., userDataDir: C:\Users\jimre\AppData\Loca...}, fedcm:accounts: true, goog:chromeOptions: {debuggerAddress: localhost:52374}, networkConnectionEnabled: false, pageLoadStrategy: normal, platformName: windows, proxy: Proxy(), se:cdp: ws://localhost:52374/devtoo..., se:cdpVersion: 137.0.7151.41, setWindowRect: true, strictFileInteractability: false, timeouts: {implicit: 0, pageLoad: 300000, script: 30000}, unhandledPromptBehavior: dismiss and notify, webauthn:extension:credBlob: true, webauthn:extension:largeBlob: true, webauthn:extension:minPinLength: true, webauthn:extension:prf: true, webauthn:virtualAuthenticators: true}
Session ID: c6e842db1c56a9507e9e4c6de7cdb09e">
      <![CDATA[org.openqa.selenium.TimeoutException: Expected condition failed: waiting for visibility of element located by By.xpath: //div[contains(text(),'Invalid')] (tried for 10 second(s) with 500 milliseconds interval)
Build info: version: '4.33.0', revision: '2c6aaad03a'
System info: os.name: 'Windows 11', os.arch: 'amd64', os.version: '10.0', java.version: '21.0.3'
Driver info: org.openqa.selenium.chrome.ChromeDriver
Capabilities {acceptInsecureCerts: false, browserName: chrome, browserVersion: 137.0.7151.41, chrome: {chromedriverVersion: 137.0.7151.40 (84781974514a..., userDataDir: C:\Users\jimre\AppData\Loca...}, fedcm:accounts: true, goog:chromeOptions: {debuggerAddress: localhost:52374}, networkConnectionEnabled: false, pageLoadStrategy: normal, platformName: windows, proxy: Proxy(), se:cdp: ws://localhost:52374/devtoo..., se:cdpVersion: 137.0.7151.41, setWindowRect: true, strictFileInteractability: false, timeouts: {implicit: 0, pageLoad: 300000, script: 30000}, unhandledPromptBehavior: dismiss and notify, webauthn:extension:credBlob: true, webauthn:extension:largeBlob: true, webauthn:extension:minPinLength: true, webauthn:extension:prf: true, webauthn:virtualAuthenticators: true}
Session ID: c6e842db1c56a9507e9e4c6de7cdb09e
at org.openqa.selenium.support.ui.WebDriverWait.timeoutException(WebDriverWait.java:84)
at org.openqa.selenium.support.ui.FluentWait.until(FluentWait.java:228)
at PageObject.LoginPageObject.invalidUserNameAndPassword(LoginPageObject.java:80)
at dsAlgoTests.LoginPageTest.userEntersInvalidLogin(LoginPageTest.java:95)
at java.base/java.util.ArrayList.forEach(ArrayList.java:1596)
at java.base/java.util.concurrent.FutureTask.run(FutureTask.java:317)
at java.base/java.util.concurrent.ThreadPoolExecutor.runWorker(ThreadPoolExecutor.java:1144)
at java.base/java.util.concurrent.ThreadPoolExecutor$Worker.run(ThreadPoolExecutor.java:642)
at java.base/java.lang.Thread.run(Thread.java:1583)
... Removed 15 stack frames]]>
    </failure>
  </testcase> <!-- userEntersInvalidLogin -->
  <testcase classname="dsAlgoTests.LoginPageTest" name="userEntersInvalidLogin" time="10.579">
    <failure type="org.openqa.selenium.TimeoutException" message="Expected condition failed: waiting for visibility of element located by By.xpath: //div[contains(text(),&amp;apos;Invalid&amp;apos;)] (tried for 10 second(s) with 500 milliseconds interval)
Build info: version: &amp;apos;4.33.0&amp;apos;, revision: &amp;apos;2c6aaad03a&amp;apos;
System info: os.name: &amp;apos;Windows 11&amp;apos;, os.arch: &amp;apos;amd64&amp;apos;, os.version: &amp;apos;10.0&amp;apos;, java.version: &amp;apos;21.0.3&amp;apos;
Driver info: org.openqa.selenium.chrome.ChromeDriver
Capabilities {acceptInsecureCerts: false, browserName: chrome, browserVersion: 137.0.7151.41, chrome: {chromedriverVersion: 137.0.7151.40 (84781974514a..., userDataDir: C:\Users\jimre\AppData\Loca...}, fedcm:accounts: true, goog:chromeOptions: {debuggerAddress: localhost:52404}, networkConnectionEnabled: false, pageLoadStrategy: normal, platformName: windows, proxy: Proxy(), se:cdp: ws://localhost:52404/devtoo..., se:cdpVersion: 137.0.7151.41, setWindowRect: true, strictFileInteractability: false, timeouts: {implicit: 0, pageLoad: 300000, script: 30000}, unhandledPromptBehavior: dismiss and notify, webauthn:extension:credBlob: true, webauthn:extension:largeBlob: true, webauthn:extension:minPinLength: true, webauthn:extension:prf: true, webauthn:virtualAuthenticators: true}
Session ID: 3043c5339a7204ca715f885ed1820e0a">
      <![CDATA[org.openqa.selenium.TimeoutException: Expected condition failed: waiting for visibility of element located by By.xpath: //div[contains(text(),'Invalid')] (tried for 10 second(s) with 500 milliseconds interval)
Build info: version: '4.33.0', revision: '2c6aaad03a'
System info: os.name: 'Windows 11', os.arch: 'amd64', os.version: '10.0', java.version: '21.0.3'
Driver info: org.openqa.selenium.chrome.ChromeDriver
Capabilities {acceptInsecureCerts: false, browserName: chrome, browserVersion: 137.0.7151.41, chrome: {chromedriverVersion: 137.0.7151.40 (84781974514a..., userDataDir: C:\Users\jimre\AppData\Loca...}, fedcm:accounts: true, goog:chromeOptions: {debuggerAddress: localhost:52404}, networkConnectionEnabled: false, pageLoadStrategy: normal, platformName: windows, proxy: Proxy(), se:cdp: ws://localhost:52404/devtoo..., se:cdpVersion: 137.0.7151.41, setWindowRect: true, strictFileInteractability: false, timeouts: {implicit: 0, pageLoad: 300000, script: 30000}, unhandledPromptBehavior: dismiss and notify, webauthn:extension:credBlob: true, webauthn:extension:largeBlob: true, webauthn:extension:minPinLength: true, webauthn:extension:prf: true, webauthn:virtualAuthenticators: true}
Session ID: 3043c5339a7204ca715f885ed1820e0a
at org.openqa.selenium.support.ui.WebDriverWait.timeoutException(WebDriverWait.java:84)
at org.openqa.selenium.support.ui.FluentWait.until(FluentWait.java:228)
at PageObject.LoginPageObject.invalidUserNameAndPassword(LoginPageObject.java:80)
at dsAlgoTests.LoginPageTest.userEntersInvalidLogin(LoginPageTest.java:95)
at java.base/java.util.ArrayList.forEach(ArrayList.java:1596)
at java.base/java.util.concurrent.FutureTask.run(FutureTask.java:317)
at java.base/java.util.concurrent.ThreadPoolExecutor.runWorker(ThreadPoolExecutor.java:1144)
at java.base/java.util.concurrent.ThreadPoolExecutor$Worker.run(ThreadPoolExecutor.java:642)
at java.base/java.lang.Thread.run(Thread.java:1583)
... Removed 15 stack frames]]>
    </failure>
  </testcase> <!-- userEntersInvalidLogin -->
  <testcase classname="dsAlgoTests.LoginPageTest" name="userEntersInvalidLogin" time="1.041"/>
  <testcase classname="dsAlgoTests.LoginPageTest" name="userEntersInvalidLogin" time="0.854"/>
  <testcase classname="dsAlgoTests.LoginPageTest" name="userShouldSignInWithValidLogin" time="1.295"/>
  <testcase classname="dsAlgoTests.LoginPageTest" name="userSignedIntoDsAlgo" time="0.184"/>
  <testcase classname="dsAlgoTests.ArrayPageTest" name="userInGetStartedArrayPage" time="0.525"/>
  <testcase classname="dsAlgoTests.QueuePageTest" name="userInGetStartedQueuePage" time="0.503"/>
  <testcase classname="dsAlgoTests.StackPageTest" name="userInGetStartedStackPage" time="0.475"/>
  <testcase classname="dsAlgoTests.LinkedListPageTest" name="userInGetLinkedlistPage" time="1.267"/>
  <testcase classname="dsAlgoTests.DataStructurePageTest" name="userInGetStartedDataStructurePage" time="0.526"/>
  <testcase classname="dsAlgoTests.TreePageTest" name="userInTreePage" time="0.802"/>
  <testcase classname="dsAlgoTests.RegisterPageTest" name="inValidUserNameReg" time="0.262"/>
  <testcase classname="dsAlgoTests.GraphPageTests" name="userInGetStartedQueuePage" time="0.47"/>
  <testcase classname="dsAlgoTests.ArrayPageTest" name="userInDropDownArrayPage" time="0.852"/>
  <testcase classname="dsAlgoTests.QueuePageTest" name="userInDropDownQueuePage" time="0.69"/>
  <testcase classname="dsAlgoTests.StackPageTest" name="userInDropDownStackPage" time="0.623"/>
  <testcase classname="dsAlgoTests.LinkedListPageTest" name="userInDropDownLinkdLstPage" time="0.647"/>
  <testcase classname="dsAlgoTests.DataStructurePageTest" name="userInTimeComplexityPage" time="1.105"/>
  <testcase classname="dsAlgoTests.TreePageTest" name="userInOverViewOfTreePage" time="1.334"/>
  <testcase classname="dsAlgoTests.RegisterPageTest" name="invalidUserNameRegDetails" time="1.168"/>
  <testcase classname="dsAlgoTests.GraphPageTests" name="userInDropDownGraphPage" time="0.539"/>
  <testcase classname="dsAlgoTests.ArrayPageTest" name="userInArraysInPython" time="1.428"/>
  <testcase classname="dsAlgoTests.QueuePageTest" name="userInImplOfQueue" time="0.991"/>
  <testcase classname="dsAlgoTests.StackPageTest" name="userInOperationsInStack" time="1.097"/>
  <testcase classname="dsAlgoTests.LinkedListPageTest" name="userInIntroduction" time="1.11"/>
  <testcase classname="dsAlgoTests.DataStructurePageTest" name="userInTryEditorArraysInPython" time="1.727"/>
  <testcase classname="dsAlgoTests.TreePageTest" name="userInTryEditorOverviewofTrees" time="1.939"/>
  <testcase classname="dsAlgoTests.RegisterPageTest" name="invalidPswdDetails" time="0.344"/>
  <testcase classname="dsAlgoTests.GraphPageTests" name="userInSubLinkGraphPage" time="0.945"/>
  <testcase classname="dsAlgoTests.ArrayPageTest" name="userInTryEditorArraysInPython" time="2.025"/>
  <testcase classname="dsAlgoTests.QueuePageTest" name="userInTryEditorImplOfQueue" time="2.448"/>
  <testcase classname="dsAlgoTests.StackPageTest" name="userInTryEditorOperationsInStack" time="1.858"/>
  <testcase classname="dsAlgoTests.LinkedListPageTest" name="userInTryEditorInIntroduction" time="1.944"/>
  <testcase classname="dsAlgoTests.DataStructurePageTest" name="userInPracticeQuestionsPage" time="11.555">
    <failure type="java.lang.AssertionError" message="No Practise Questions found expected [true] but found [false]">
      <![CDATA[java.lang.AssertionError: No Practise Questions found expected [true] but found [false]
at dsAlgoTests.DataStructurePageTest.userInPracticeQuestionsPage(DataStructurePageTest.java:63)
at java.base/java.util.ArrayList.forEach(ArrayList.java:1596)
at java.base/java.util.concurrent.FutureTask.run(FutureTask.java:317)
at java.base/java.util.concurrent.ThreadPoolExecutor.runWorker(ThreadPoolExecutor.java:1144)
at java.base/java.util.concurrent.ThreadPoolExecutor$Worker.run(ThreadPoolExecutor.java:642)
at java.base/java.lang.Thread.run(Thread.java:1583)
... Removed 18 stack frames]]>
    </failure>
  </testcase> <!-- userInPracticeQuestionsPage -->
  <testcase classname="dsAlgoTests.TreePageTest" name="userInOverviewTreesPracticeQuestionsPage" time="11.826">
    <failure type="java.lang.AssertionError" message="No Practise Questions found expected [true] but found [false]">
      <![CDATA[java.lang.AssertionError: No Practise Questions found expected [true] but found [false]
at dsAlgoTests.TreePageTest.userInOverviewTreesPracticeQuestionsPage(TreePageTest.java:75)
at java.base/java.util.ArrayList.forEach(ArrayList.java:1596)
at java.base/java.util.concurrent.FutureTask.run(FutureTask.java:317)
at java.base/java.util.concurrent.ThreadPoolExecutor.runWorker(ThreadPoolExecutor.java:1144)
at java.base/java.util.concurrent.ThreadPoolExecutor$Worker.run(ThreadPoolExecutor.java:642)
at java.base/java.lang.Thread.run(Thread.java:1583)
... Removed 18 stack frames]]>
    </failure>
  </testcase> <!-- userInOverviewTreesPracticeQuestionsPage -->
  <testcase classname="dsAlgoTests.RegisterPageTest" name="invalidPswdWithBlankDetails" time="1.124"/>
  <testcase classname="dsAlgoTests.GraphPageTests" name="inValidCodeTryEditorForGraphSubLink" time="2.869">
    <skipped/>
  </testcase> <!-- inValidCodeTryEditorForGraphSubLink -->
  <testcase classname="dsAlgoTests.GraphPageTests" name="inValidCodeTryEditorForGraphSubLink" time="2.321">
    <skipped/>
  </testcase> <!-- inValidCodeTryEditorForGraphSubLink -->
  <testcase classname="dsAlgoTests.GraphPageTests" name="inValidCodeTryEditorForGraphSubLink" time="2.175">
    <failure type="java.lang.AssertionError" message="expected [true] but found [false]">
      <![CDATA[java.lang.AssertionError: expected [true] but found [false]
at dsAlgoTests.GraphPageTests.inValidCodeTryEditorForGraphSubLink(GraphPageTests.java:58)
at java.base/java.util.ArrayList.forEach(ArrayList.java:1596)
at java.base/java.util.concurrent.FutureTask.run(FutureTask.java:317)
at java.base/java.util.concurrent.ThreadPoolExecutor.runWorker(ThreadPoolExecutor.java:1144)
at java.base/java.util.concurrent.ThreadPoolExecutor$Worker.run(ThreadPoolExecutor.java:642)
at java.base/java.lang.Thread.run(Thread.java:1583)
... Removed 19 stack frames]]>
    </failure>
  </testcase> <!-- inValidCodeTryEditorForGraphSubLink -->
  <testcase classname="dsAlgoTests.GraphPageTests" name="inValidCodeTryEditorForGraphSubLink" time="2.305"/>
  <testcase classname="dsAlgoTests.GraphPageTests" name="inValidCodeTryEditorForGraphSubLink" time="2.17"/>
  <testcase classname="dsAlgoTests.ArrayPageTest" name="inValidCodeTryEditorsInPython" time="2.347">
    <skipped/>
  </testcase> <!-- inValidCodeTryEditorsInPython -->
  <testcase classname="dsAlgoTests.ArrayPageTest" name="inValidCodeTryEditorsInPython" time="2.228">
    <skipped/>
  </testcase> <!-- inValidCodeTryEditorsInPython -->
  <testcase classname="dsAlgoTests.ArrayPageTest" name="inValidCodeTryEditorsInPython" time="2.951">
    <failure type="java.lang.AssertionError" message="expected [true] but found [false]">
      <![CDATA[java.lang.AssertionError: expected [true] but found [false]
at dsAlgoTests.ArrayPageTest.inValidCodeTryEditorsInPython(ArrayPageTest.java:66)
at java.base/java.util.ArrayList.forEach(ArrayList.java:1596)
at java.base/java.util.concurrent.FutureTask.run(FutureTask.java:317)
at java.base/java.util.concurrent.ThreadPoolExecutor.runWorker(ThreadPoolExecutor.java:1144)
at java.base/java.util.concurrent.ThreadPoolExecutor$Worker.run(ThreadPoolExecutor.java:642)
at java.base/java.lang.Thread.run(Thread.java:1583)
... Removed 19 stack frames]]>
    </failure>
  </testcase> <!-- inValidCodeTryEditorsInPython -->
  <testcase classname="dsAlgoTests.ArrayPageTest" name="inValidCodeTryEditorsInPython" time="2.327"/>
  <testcase classname="dsAlgoTests.ArrayPageTest" name="inValidCodeTryEditorsInPython" time="2.081"/>
  <testcase classname="dsAlgoTests.QueuePageTest" name="inValidCodeTryEditorImplOfQueue" time="2.079">
    <skipped/>
  </testcase> <!-- inValidCodeTryEditorImplOfQueue -->
  <testcase classname="dsAlgoTests.QueuePageTest" name="inValidCodeTryEditorImplOfQueue" time="2.032">
    <skipped/>
  </testcase> <!-- inValidCodeTryEditorImplOfQueue -->
  <testcase classname="dsAlgoTests.QueuePageTest" name="inValidCodeTryEditorImplOfQueue" time="2.225">
    <failure type="java.lang.AssertionError" message="expected [true] but found [false]">
      <![CDATA[java.lang.AssertionError: expected [true] but found [false]
at dsAlgoTests.QueuePageTest.inValidCodeTryEditorImplOfQueue(QueuePageTest.java:69)
at java.base/java.util.ArrayList.forEach(ArrayList.java:1596)
at java.base/java.util.concurrent.FutureTask.run(FutureTask.java:317)
at java.base/java.util.concurrent.ThreadPoolExecutor.runWorker(ThreadPoolExecutor.java:1144)
at java.base/java.util.concurrent.ThreadPoolExecutor$Worker.run(ThreadPoolExecutor.java:642)
at java.base/java.lang.Thread.run(Thread.java:1583)
... Removed 19 stack frames]]>
    </failure>
  </testcase> <!-- inValidCodeTryEditorImplOfQueue -->
  <testcase classname="dsAlgoTests.QueuePageTest" name="inValidCodeTryEditorImplOfQueue" time="2.213"/>
  <testcase classname="dsAlgoTests.QueuePageTest" name="inValidCodeTryEditorImplOfQueue" time="2.163"/>
  <testcase classname="dsAlgoTests.StackPageTest" name="inValidCodeTryEditorOperationsInStack" time="2.321">
    <skipped/>
  </testcase> <!-- inValidCodeTryEditorOperationsInStack -->
  <testcase classname="dsAlgoTests.StackPageTest" name="inValidCodeTryEditorOperationsInStack" time="2.61">
    <skipped/>
  </testcase> <!-- inValidCodeTryEditorOperationsInStack -->
  <testcase classname="dsAlgoTests.StackPageTest" name="inValidCodeTryEditorOperationsInStack" time="2.996">
    <failure type="java.lang.AssertionError" message="expected [true] but found [false]">
      <![CDATA[java.lang.AssertionError: expected [true] but found [false]
at dsAlgoTests.StackPageTest.inValidCodeTryEditorOperationsInStack(StackPageTest.java:67)
at java.base/java.util.ArrayList.forEach(ArrayList.java:1596)
at java.base/java.util.concurrent.FutureTask.run(FutureTask.java:317)
at java.base/java.util.concurrent.ThreadPoolExecutor.runWorker(ThreadPoolExecutor.java:1144)
at java.base/java.util.concurrent.ThreadPoolExecutor$Worker.run(ThreadPoolExecutor.java:642)
at java.base/java.lang.Thread.run(Thread.java:1583)
... Removed 19 stack frames]]>
    </failure>
  </testcase> <!-- inValidCodeTryEditorOperationsInStack -->
  <testcase classname="dsAlgoTests.StackPageTest" name="inValidCodeTryEditorOperationsInStack" time="2.636"/>
  <testcase classname="dsAlgoTests.StackPageTest" name="inValidCodeTryEditorOperationsInStack" time="2.72"/>
  <testcase classname="dsAlgoTests.LinkedListPageTest" name="inValidCodeTryEditorOperationsInStack" time="2.406">
    <skipped/>
  </testcase> <!-- inValidCodeTryEditorOperationsInStack -->
  <testcase classname="dsAlgoTests.LinkedListPageTest" name="inValidCodeTryEditorOperationsInStack" time="3.073">
    <skipped/>
  </testcase> <!-- inValidCodeTryEditorOperationsInStack -->
  <testcase classname="dsAlgoTests.LinkedListPageTest" name="inValidCodeTryEditorOperationsInStack" time="2.697">
    <failure type="java.lang.AssertionError" message="expected [true] but found [false]">
      <![CDATA[java.lang.AssertionError: expected [true] but found [false]
at dsAlgoTests.LinkedListPageTest.inValidCodeTryEditorOperationsInStack(LinkedListPageTest.java:69)
at java.base/java.util.ArrayList.forEach(ArrayList.java:1596)
at java.base/java.util.concurrent.FutureTask.run(FutureTask.java:317)
at java.base/java.util.concurrent.ThreadPoolExecutor.runWorker(ThreadPoolExecutor.java:1144)
at java.base/java.util.concurrent.ThreadPoolExecutor$Worker.run(ThreadPoolExecutor.java:642)
at java.base/java.lang.Thread.run(Thread.java:1583)
... Removed 19 stack frames]]>
    </failure>
  </testcase> <!-- inValidCodeTryEditorOperationsInStack -->
  <testcase classname="dsAlgoTests.LinkedListPageTest" name="inValidCodeTryEditorOperationsInStack" time="3.191"/>
  <testcase classname="dsAlgoTests.LinkedListPageTest" name="inValidCodeTryEditorOperationsInStack" time="2.835"/>
  <testcase classname="dsAlgoTests.DataStructurePageTest" name="runInvalidCodeInPaython" time="2.734"/>
  <testcase classname="dsAlgoTests.DataStructurePageTest" name="runInvalidCodeInPaython" time="2.587"/>
  <testcase classname="dsAlgoTests.TreePageTest" name="runInvalidCodeInOverviewOfTreesPaython" time="2.907"/>
  <testcase classname="dsAlgoTests.TreePageTest" name="runInvalidCodeInOverviewOfTreesPaython" time="2.724"/>
  <testcase classname="dsAlgoTests.RegisterPageTest" name="validUserDetails" time="1.201"/>
  <testcase classname="dsAlgoTests.GraphPageTests" name="validCodeTryEditorGraphSubLink" time="2.64"/>
  <testcase classname="dsAlgoTests.ArrayPageTest" name="validCodeTryEditorsInPython" time="2.921"/>
  <testcase classname="dsAlgoTests.QueuePageTest" name="validCodeTryEditorImplOfQueue" time="3.355"/>
  <testcase classname="dsAlgoTests.StackPageTest" name="validCodeTryEditorOperationsInStack" time="2.503"/>
  <testcase classname="dsAlgoTests.LinkedListPageTest" name="validCodeTryEditorOperationsInStack" time="2.829"/>
  <testcase classname="dsAlgoTests.DataStructurePageTest" name="validCodeTryEditorDataStructureInPython" time="2.909"/>
  <testcase classname="dsAlgoTests.TreePageTest" name="validCodeTryEditorOverviewOfTreesInPython" time="3.264"/>
  <testcase classname="dsAlgoTests.GraphPageTests" name="practiseQtnsGraphLink" time="1.98"/>
  <testcase classname="dsAlgoTests.ArrayPageTest" name="practiseQtnsArraysInPython" time="1.926"/>
  <testcase classname="dsAlgoTests.QueuePageTest" name="practiseQtnsImplOfQueue" time="12.049">
    <failure type="java.lang.AssertionError" message="No Practise Questions found expected [true] but found [false]">
      <![CDATA[java.lang.AssertionError: No Practise Questions found expected [true] but found [false]
at dsAlgoTests.QueuePageTest.practiseQtnsImplOfQueue(QueuePageTest.java:90)
at java.base/java.util.ArrayList.forEach(ArrayList.java:1596)
at java.base/java.util.concurrent.FutureTask.run(FutureTask.java:317)
at java.base/java.util.concurrent.ThreadPoolExecutor.runWorker(ThreadPoolExecutor.java:1144)
at java.base/java.util.concurrent.ThreadPoolExecutor$Worker.run(ThreadPoolExecutor.java:642)
at java.base/java.lang.Thread.run(Thread.java:1583)
... Removed 18 stack frames]]>
    </failure>
  </testcase> <!-- practiseQtnsImplOfQueue -->
  <testcase classname="dsAlgoTests.StackPageTest" name="practiseQtnsOperationsInStack" time="12.121">
    <failure type="java.lang.AssertionError" message="No Practise Questions found expected [true] but found [false]">
      <![CDATA[java.lang.AssertionError: No Practise Questions found expected [true] but found [false]
at dsAlgoTests.StackPageTest.practiseQtnsOperationsInStack(StackPageTest.java:87)
at java.base/java.util.ArrayList.forEach(ArrayList.java:1596)
at java.base/java.util.concurrent.FutureTask.run(FutureTask.java:317)
at java.base/java.util.concurrent.ThreadPoolExecutor.runWorker(ThreadPoolExecutor.java:1144)
at java.base/java.util.concurrent.ThreadPoolExecutor$Worker.run(ThreadPoolExecutor.java:642)
at java.base/java.lang.Thread.run(Thread.java:1583)
... Removed 18 stack frames]]>
    </failure>
  </testcase> <!-- practiseQtnsOperationsInStack -->
  <testcase classname="dsAlgoTests.LinkedListPageTest" name="practiseQtnsIntroduction" time="11.94">
    <failure type="java.lang.AssertionError" message="No Practise Questions found expected [true] but found [false]">
      <![CDATA[java.lang.AssertionError: No Practise Questions found expected [true] but found [false]
at dsAlgoTests.LinkedListPageTest.practiseQtnsIntroduction(LinkedListPageTest.java:89)
at java.base/java.util.ArrayList.forEach(ArrayList.java:1596)
at java.base/java.util.concurrent.FutureTask.run(FutureTask.java:317)
at java.base/java.util.concurrent.ThreadPoolExecutor.runWorker(ThreadPoolExecutor.java:1144)
at java.base/java.util.concurrent.ThreadPoolExecutor$Worker.run(ThreadPoolExecutor.java:642)
at java.base/java.lang.Thread.run(Thread.java:1583)
... Removed 18 stack frames]]>
    </failure>
  </testcase> <!-- practiseQtnsIntroduction -->
  <testcase classname="dsAlgoTests.TreePageTest" name="userInTerminologiesOfTreePage" time="1.414"/>
  <testcase classname="dsAlgoTests.GraphPageTests" name="userInGraphRepresentationsLink" time="1.322"/>
  <testcase classname="dsAlgoTests.ArrayPageTest" name="searchTheArrayQtn" time="2.813"/>
  <testcase classname="dsAlgoTests.QueuePageTest" name="userInImplUsingCollections" time="1.421"/>
  <testcase classname="dsAlgoTests.StackPageTest" name="userInImplementation" time="1.291"/>
  <testcase classname="dsAlgoTests.LinkedListPageTest" name="userInCreatinglinkdlst" time="1.17"/>
  <testcase classname="dsAlgoTests.TreePageTest" name="userInTryEditorTerminologiesofTrees" time="2.507"/>
  <testcase classname="dsAlgoTests.GraphPageTests" name="inValidCodeTryEditorGraphRepresentationsLink" time="2.376">
    <skipped/>
  </testcase> <!-- inValidCodeTryEditorGraphRepresentationsLink -->
  <testcase classname="dsAlgoTests.GraphPageTests" name="inValidCodeTryEditorGraphRepresentationsLink" time="2.527">
    <skipped/>
  </testcase> <!-- inValidCodeTryEditorGraphRepresentationsLink -->
  <testcase classname="dsAlgoTests.GraphPageTests" name="inValidCodeTryEditorGraphRepresentationsLink" time="3.054">
    <failure type="java.lang.AssertionError" message="expected [true] but found [false]">
      <![CDATA[java.lang.AssertionError: expected [true] but found [false]
at dsAlgoTests.GraphPageTests.inValidCodeTryEditorGraphRepresentationsLink(GraphPageTests.java:105)
at java.base/java.util.ArrayList.forEach(ArrayList.java:1596)
at java.base/java.util.concurrent.FutureTask.run(FutureTask.java:317)
at java.base/java.util.concurrent.ThreadPoolExecutor.runWorker(ThreadPoolExecutor.java:1144)
at java.base/java.util.concurrent.ThreadPoolExecutor$Worker.run(ThreadPoolExecutor.java:642)
at java.base/java.lang.Thread.run(Thread.java:1583)
... Removed 19 stack frames]]>
    </failure>
  </testcase> <!-- inValidCodeTryEditorGraphRepresentationsLink -->
  <testcase classname="dsAlgoTests.GraphPageTests" name="inValidCodeTryEditorGraphRepresentationsLink" time="2.748"/>
  <testcase classname="dsAlgoTests.GraphPageTests" name="inValidCodeTryEditorGraphRepresentationsLink" time="2.506"/>
  <testcase classname="dsAlgoTests.ArrayPageTest" name="runInvalidCodeSearchTheArray" time="3.02"/>
  <testcase classname="dsAlgoTests.ArrayPageTest" name="runInvalidCodeSearchTheArray" time="3.533"/>
  <testcase classname="dsAlgoTests.QueuePageTest" name="userInTryEditorImplUsingCollections" time="2.269"/>
  <testcase classname="dsAlgoTests.StackPageTest" name="userInTryEditorImplementation" time="1.919"/>
  <testcase classname="dsAlgoTests.LinkedListPageTest" name="userInTryEditorCreatinglinkdlst" time="2.117"/>
  <testcase classname="dsAlgoTests.TreePageTest" name="runInvalidCodeInTerminologiesPaython" time="3.033"/>
  <testcase classname="dsAlgoTests.TreePageTest" name="runInvalidCodeInTerminologiesPaython" time="3.009"/>
  <testcase classname="dsAlgoTests.GraphPageTests" name="validCodeTryEditorGraphRepresentationsLink" time="2.929"/>
  <testcase classname="dsAlgoTests.ArrayPageTest" name="runValidCodeSearchTheArray" time="3.44"/>
  <testcase classname="dsAlgoTests.QueuePageTest" name="inValidCodeTryEditorImplUsingCollections" time="2.575">
    <skipped/>
  </testcase> <!-- inValidCodeTryEditorImplUsingCollections -->
  <testcase classname="dsAlgoTests.QueuePageTest" name="inValidCodeTryEditorImplUsingCollections" time="2.559">
    <skipped/>
  </testcase> <!-- inValidCodeTryEditorImplUsingCollections -->
  <testcase classname="dsAlgoTests.QueuePageTest" name="inValidCodeTryEditorImplUsingCollections" time="2.731">
    <failure type="java.lang.AssertionError" message="expected [true] but found [false]">
      <![CDATA[java.lang.AssertionError: expected [true] but found [false]
at dsAlgoTests.QueuePageTest.inValidCodeTryEditorImplUsingCollections(QueuePageTest.java:122)
at java.base/java.util.ArrayList.forEach(ArrayList.java:1596)
at java.base/java.util.concurrent.FutureTask.run(FutureTask.java:317)
at java.base/java.util.concurrent.ThreadPoolExecutor.runWorker(ThreadPoolExecutor.java:1144)
at java.base/java.util.concurrent.ThreadPoolExecutor$Worker.run(ThreadPoolExecutor.java:642)
at java.base/java.lang.Thread.run(Thread.java:1583)
... Removed 19 stack frames]]>
    </failure>
  </testcase> <!-- inValidCodeTryEditorImplUsingCollections -->
  <testcase classname="dsAlgoTests.QueuePageTest" name="inValidCodeTryEditorImplUsingCollections" time="2.869"/>
  <testcase classname="dsAlgoTests.QueuePageTest" name="inValidCodeTryEditorImplUsingCollections" time="2.697"/>
  <testcase classname="dsAlgoTests.StackPageTest" name="inValidCodeTryEditorImplementation" time="2.706">
    <skipped/>
  </testcase> <!-- inValidCodeTryEditorImplementation -->
  <testcase classname="dsAlgoTests.StackPageTest" name="inValidCodeTryEditorImplementation" time="2.705">
    <skipped/>
  </testcase> <!-- inValidCodeTryEditorImplementation -->
  <testcase classname="dsAlgoTests.StackPageTest" name="inValidCodeTryEditorImplementation" time="2.649">
    <failure type="java.lang.AssertionError" message="expected [true] but found [false]">
      <![CDATA[java.lang.AssertionError: expected [true] but found [false]
at dsAlgoTests.StackPageTest.inValidCodeTryEditorImplementation(StackPageTest.java:117)
at java.base/java.util.ArrayList.forEach(ArrayList.java:1596)
at java.base/java.util.concurrent.FutureTask.run(FutureTask.java:317)
at java.base/java.util.concurrent.ThreadPoolExecutor.runWorker(ThreadPoolExecutor.java:1144)
at java.base/java.util.concurrent.ThreadPoolExecutor$Worker.run(ThreadPoolExecutor.java:642)
at java.base/java.lang.Thread.run(Thread.java:1583)
... Removed 19 stack frames]]>
    </failure>
  </testcase> <!-- inValidCodeTryEditorImplementation -->
  <testcase classname="dsAlgoTests.StackPageTest" name="inValidCodeTryEditorImplementation" time="2.901"/>
  <testcase classname="dsAlgoTests.StackPageTest" name="inValidCodeTryEditorImplementation" time="2.842"/>
  <testcase classname="dsAlgoTests.LinkedListPageTest" name="inValidCodeTryEditorImplementation" time="2.788">
    <skipped/>
  </testcase> <!-- inValidCodeTryEditorImplementation -->
  <testcase classname="dsAlgoTests.LinkedListPageTest" name="inValidCodeTryEditorImplementation" time="2.529">
    <skipped/>
  </testcase> <!-- inValidCodeTryEditorImplementation -->
  <testcase classname="dsAlgoTests.LinkedListPageTest" name="inValidCodeTryEditorImplementation" time="2.739">
    <failure type="java.lang.AssertionError" message="expected [true] but found [false]">
      <![CDATA[java.lang.AssertionError: expected [true] but found [false]
at dsAlgoTests.LinkedListPageTest.inValidCodeTryEditorImplementation(LinkedListPageTest.java:119)
at java.base/java.util.ArrayList.forEach(ArrayList.java:1596)
at java.base/java.util.concurrent.FutureTask.run(FutureTask.java:317)
at java.base/java.util.concurrent.ThreadPoolExecutor.runWorker(ThreadPoolExecutor.java:1144)
at java.base/java.util.concurrent.ThreadPoolExecutor$Worker.run(ThreadPoolExecutor.java:642)
at java.base/java.lang.Thread.run(Thread.java:1583)
... Removed 19 stack frames]]>
    </failure>
  </testcase> <!-- inValidCodeTryEditorImplementation -->
  <testcase classname="dsAlgoTests.LinkedListPageTest" name="inValidCodeTryEditorImplementation" time="2.46"/>
  <testcase classname="dsAlgoTests.LinkedListPageTest" name="inValidCodeTryEditorImplementation" time="2.771"/>
  <testcase classname="dsAlgoTests.TreePageTest" name="validCodeTryEditorTerminologiesInPython" time="2.898"/>
  <testcase classname="dsAlgoTests.GraphPageTests" name="practiseQtnsGraphRepresentationsLink" time="1.859"/>
  <testcase classname="dsAlgoTests.ArrayPageTest" name="submitInvalidCodeSearchTheArray" time="4.541"/>
  <testcase classname="dsAlgoTests.ArrayPageTest" name="submitInvalidCodeSearchTheArray" time="4.006"/>
  <testcase classname="dsAlgoTests.QueuePageTest" name="validCodeTryEditorImplUsingCollections" time="2.652"/>
  <testcase classname="dsAlgoTests.StackPageTest" name="validCodeTryEditor" time="2.751"/>
  <testcase classname="dsAlgoTests.LinkedListPageTest" name="validCodeTryEditor" time="2.98"/>
  <testcase classname="dsAlgoTests.TreePageTest" name="userInTypesOfTreesOnTreePage" time="1.505"/>
  <testcase classname="dsAlgoTests.ArrayPageTest" name="submitValidCodeSearchTheArray" time="4.121">
    <skipped/>
  </testcase> <!-- submitValidCodeSearchTheArray -->
  <testcase classname="dsAlgoTests.ArrayPageTest" name="submitValidCodeSearchTheArray" time="4.272">
    <skipped/>
  </testcase> <!-- submitValidCodeSearchTheArray -->
  <testcase classname="dsAlgoTests.ArrayPageTest" name="submitValidCodeSearchTheArray" time="4.121">
    <failure type="java.lang.AssertionError" message="expected [Submission Successful] but found [ Some Tests failed. Please review code]">
      <![CDATA[java.lang.AssertionError: expected [Submission Successful] but found [ Some Tests failed. Please review code]
at dsAlgoTests.ArrayPageTest.submitValidCodeSearchTheArray(ArrayPageTest.java:147)
at java.base/java.util.ArrayList.forEach(ArrayList.java:1596)
at java.base/java.util.concurrent.FutureTask.run(FutureTask.java:317)
at java.base/java.util.concurrent.ThreadPoolExecutor.runWorker(ThreadPoolExecutor.java:1144)
at java.base/java.util.concurrent.ThreadPoolExecutor$Worker.run(ThreadPoolExecutor.java:642)
at java.base/java.lang.Thread.run(Thread.java:1583)
... Removed 21 stack frames]]>
    </failure>
  </testcase> <!-- submitValidCodeSearchTheArray -->
  <testcase classname="dsAlgoTests.QueuePageTest" name="practiseQtnsImplUsingCollections" time="11.92">
    <failure type="java.lang.AssertionError" message="No Practise Questions found expected [true] but found [false]">
      <![CDATA[java.lang.AssertionError: No Practise Questions found expected [true] but found [false]
at dsAlgoTests.QueuePageTest.practiseQtnsImplUsingCollections(QueuePageTest.java:143)
at java.base/java.util.ArrayList.forEach(ArrayList.java:1596)
at java.base/java.util.concurrent.FutureTask.run(FutureTask.java:317)
at java.base/java.util.concurrent.ThreadPoolExecutor.runWorker(ThreadPoolExecutor.java:1144)
at java.base/java.util.concurrent.ThreadPoolExecutor$Worker.run(ThreadPoolExecutor.java:642)
at java.base/java.lang.Thread.run(Thread.java:1583)
... Removed 18 stack frames]]>
    </failure>
  </testcase> <!-- practiseQtnsImplUsingCollections -->
  <testcase classname="dsAlgoTests.StackPageTest" name="practiseQtnsImplementation" time="11.874">
    <failure type="java.lang.AssertionError" message="No Practise Questions found expected [true] but found [false]">
      <![CDATA[java.lang.AssertionError: No Practise Questions found expected [true] but found [false]
at dsAlgoTests.StackPageTest.practiseQtnsImplementation(StackPageTest.java:137)
at java.base/java.util.ArrayList.forEach(ArrayList.java:1596)
at java.base/java.util.concurrent.FutureTask.run(FutureTask.java:317)
at java.base/java.util.concurrent.ThreadPoolExecutor.runWorker(ThreadPoolExecutor.java:1144)
at java.base/java.util.concurrent.ThreadPoolExecutor$Worker.run(ThreadPoolExecutor.java:642)
at java.base/java.lang.Thread.run(Thread.java:1583)
... Removed 18 stack frames]]>
    </failure>
  </testcase> <!-- practiseQtnsImplementation -->
  <testcase classname="dsAlgoTests.LinkedListPageTest" name="x" time="11.886">
    <failure type="java.lang.AssertionError" message="No Practise Questions found expected [true] but found [false]">
      <![CDATA[java.lang.AssertionError: No Practise Questions found expected [true] but found [false]
at dsAlgoTests.LinkedListPageTest.x(LinkedListPageTest.java:139)
at java.base/java.util.ArrayList.forEach(ArrayList.java:1596)
at java.base/java.util.concurrent.FutureTask.run(FutureTask.java:317)
at java.base/java.util.concurrent.ThreadPoolExecutor.runWorker(ThreadPoolExecutor.java:1144)
at java.base/java.util.concurrent.ThreadPoolExecutor$Worker.run(ThreadPoolExecutor.java:642)
at java.base/java.lang.Thread.run(Thread.java:1583)
... Removed 18 stack frames]]>
    </failure>
  </testcase> <!-- x -->
  <testcase classname="dsAlgoTests.TreePageTest" name="userInTryEditorTypesOfTreesOnTrees" time="2.371"/>
  <testcase classname="dsAlgoTests.ArrayPageTest" name="maxConOnesQtn" time="2.967"/>
  <testcase classname="dsAlgoTests.QueuePageTest" name="userInImplUsingArray" time="1.267"/>
  <testcase classname="dsAlgoTests.StackPageTest" name="userInApplications" time="1.396"/>
  <testcase classname="dsAlgoTests.LinkedListPageTest" name="userInImplmntLnkdLstInPython" time="1.203"/>
  <testcase classname="dsAlgoTests.TreePageTest" name="runInvalidCodeInTypesOfTreesOfPaython" time="2.721"/>
  <testcase classname="dsAlgoTests.TreePageTest" name="runInvalidCodeInTypesOfTreesOfPaython" time="3.123"/>
  <testcase classname="dsAlgoTests.ArrayPageTest" name="runInvalidCodeMaxConOnes" time="3.725"/>
  <testcase classname="dsAlgoTests.ArrayPageTest" name="runInvalidCodeMaxConOnes" time="3.212"/>
  <testcase classname="dsAlgoTests.QueuePageTest" name="userInTryEditorImplUsingArray" time="2.142"/>
  <testcase classname="dsAlgoTests.StackPageTest" name="userInTryEditorApplications" time="2.254"/>
  <testcase classname="dsAlgoTests.LinkedListPageTest" name="userInTryEditorImplmntLinkdLstInPython" time="2.118"/>
  <testcase classname="dsAlgoTests.TreePageTest" name="validCodeTryEditorTypesOfTreesOnInPython" time="2.553"/>
  <testcase classname="dsAlgoTests.ArrayPageTest" name="runValidCodeMaxConOnes" time="3.942"/>
  <testcase classname="dsAlgoTests.QueuePageTest" name="inValidCodeTryEditorImplUsingArray" time="2.864">
    <skipped/>
  </testcase> <!-- inValidCodeTryEditorImplUsingArray -->
  <testcase classname="dsAlgoTests.QueuePageTest" name="inValidCodeTryEditorImplUsingArray" time="2.558">
    <skipped/>
  </testcase> <!-- inValidCodeTryEditorImplUsingArray -->
  <testcase classname="dsAlgoTests.QueuePageTest" name="inValidCodeTryEditorImplUsingArray" time="2.424">
    <failure type="java.lang.AssertionError" message="expected [true] but found [false]">
      <![CDATA[java.lang.AssertionError: expected [true] but found [false]
at dsAlgoTests.QueuePageTest.inValidCodeTryEditorImplUsingArray(QueuePageTest.java:174)
at java.base/java.util.ArrayList.forEach(ArrayList.java:1596)
at java.base/java.util.concurrent.FutureTask.run(FutureTask.java:317)
at java.base/java.util.concurrent.ThreadPoolExecutor.runWorker(ThreadPoolExecutor.java:1144)
at java.base/java.util.concurrent.ThreadPoolExecutor$Worker.run(ThreadPoolExecutor.java:642)
at java.base/java.lang.Thread.run(Thread.java:1583)
... Removed 19 stack frames]]>
    </failure>
  </testcase> <!-- inValidCodeTryEditorImplUsingArray -->
  <testcase classname="dsAlgoTests.QueuePageTest" name="inValidCodeTryEditorImplUsingArray" time="2.767"/>
  <testcase classname="dsAlgoTests.QueuePageTest" name="inValidCodeTryEditorImplUsingArray" time="2.505"/>
  <testcase classname="dsAlgoTests.StackPageTest" name="inValidCodeTryEditorApplications" time="2.519">
    <skipped/>
  </testcase> <!-- inValidCodeTryEditorApplications -->
  <testcase classname="dsAlgoTests.StackPageTest" name="inValidCodeTryEditorApplications" time="2.635">
    <skipped/>
  </testcase> <!-- inValidCodeTryEditorApplications -->
  <testcase classname="dsAlgoTests.StackPageTest" name="inValidCodeTryEditorApplications" time="2.523">
    <failure type="java.lang.AssertionError" message="expected [true] but found [false]">
      <![CDATA[java.lang.AssertionError: expected [true] but found [false]
at dsAlgoTests.StackPageTest.inValidCodeTryEditorApplications(StackPageTest.java:167)
at java.base/java.util.ArrayList.forEach(ArrayList.java:1596)
at java.base/java.util.concurrent.FutureTask.run(FutureTask.java:317)
at java.base/java.util.concurrent.ThreadPoolExecutor.runWorker(ThreadPoolExecutor.java:1144)
at java.base/java.util.concurrent.ThreadPoolExecutor$Worker.run(ThreadPoolExecutor.java:642)
at java.base/java.lang.Thread.run(Thread.java:1583)
... Removed 19 stack frames]]>
    </failure>
  </testcase> <!-- inValidCodeTryEditorApplications -->
  <testcase classname="dsAlgoTests.StackPageTest" name="inValidCodeTryEditorApplications" time="2.918"/>
  <testcase classname="dsAlgoTests.StackPageTest" name="inValidCodeTryEditorApplications" time="2.446"/>
  <testcase classname="dsAlgoTests.LinkedListPageTest" name="inValidCodeTryEditorImplmntLinkdLstInPython" time="2.572">
    <skipped/>
  </testcase> <!-- inValidCodeTryEditorImplmntLinkdLstInPython -->
  <testcase classname="dsAlgoTests.LinkedListPageTest" name="inValidCodeTryEditorImplmntLinkdLstInPython" time="2.581">
    <skipped/>
  </testcase> <!-- inValidCodeTryEditorImplmntLinkdLstInPython -->
  <testcase classname="dsAlgoTests.LinkedListPageTest" name="inValidCodeTryEditorImplmntLinkdLstInPython" time="2.39">
    <failure type="java.lang.AssertionError" message="expected [true] but found [false]">
      <![CDATA[java.lang.AssertionError: expected [true] but found [false]
at dsAlgoTests.LinkedListPageTest.inValidCodeTryEditorImplmntLinkdLstInPython(LinkedListPageTest.java:169)
at java.base/java.util.ArrayList.forEach(ArrayList.java:1596)
at java.base/java.util.concurrent.FutureTask.run(FutureTask.java:317)
at java.base/java.util.concurrent.ThreadPoolExecutor.runWorker(ThreadPoolExecutor.java:1144)
at java.base/java.util.concurrent.ThreadPoolExecutor$Worker.run(ThreadPoolExecutor.java:642)
at java.base/java.lang.Thread.run(Thread.java:1583)
... Removed 19 stack frames]]>
    </failure>
  </testcase> <!-- inValidCodeTryEditorImplmntLinkdLstInPython -->
  <testcase classname="dsAlgoTests.LinkedListPageTest" name="inValidCodeTryEditorImplmntLinkdLstInPython" time="2.932"/>
  <testcase classname="dsAlgoTests.LinkedListPageTest" name="inValidCodeTryEditorImplmntLinkdLstInPython" time="2.843"/>
  <testcase classname="dsAlgoTests.TreePageTest" name="userInTreeTraversalssOnTreePage" time="1.261"/>
  <testcase classname="dsAlgoTests.ArrayPageTest" name="submitInvalidCodeMaxConOnes" time="3.994"/>
  <testcase classname="dsAlgoTests.ArrayPageTest" name="submitInvalidCodeMaxConOnes" time="4.253"/>
  <testcase classname="dsAlgoTests.QueuePageTest" name="validCodeTryEditorImplUsingArray" time="2.23"/>
  <testcase classname="dsAlgoTests.StackPageTest" name="validCodeTryEditorApplications" time="2.544"/>
  <testcase classname="dsAlgoTests.LinkedListPageTest" name="validCodeTryEditorImplmntLinkdLstInPython" time="2.541"/>
  <testcase classname="dsAlgoTests.TreePageTest" name="userInTryEditorTreeTraversalsOnTrees" time="2.556"/>
  <testcase classname="dsAlgoTests.ArrayPageTest" name="submitValidCodeMaxConOnes" time="3.992">
    <skipped/>
  </testcase> <!-- submitValidCodeMaxConOnes -->
  <testcase classname="dsAlgoTests.ArrayPageTest" name="submitValidCodeMaxConOnes" time="4.085">
    <skipped/>
  </testcase> <!-- submitValidCodeMaxConOnes -->
  <testcase classname="dsAlgoTests.ArrayPageTest" name="submitValidCodeMaxConOnes" time="3.973">
    <failure type="java.lang.AssertionError" message="expected [Submission Successful] but found [ Some Tests failed. Please review code]">
      <![CDATA[java.lang.AssertionError: expected [Submission Successful] but found [ Some Tests failed. Please review code]
at dsAlgoTests.ArrayPageTest.submitValidCodeMaxConOnes(ArrayPageTest.java:209)
at java.base/java.util.ArrayList.forEach(ArrayList.java:1596)
at java.base/java.util.concurrent.FutureTask.run(FutureTask.java:317)
at java.base/java.util.concurrent.ThreadPoolExecutor.runWorker(ThreadPoolExecutor.java:1144)
at java.base/java.util.concurrent.ThreadPoolExecutor$Worker.run(ThreadPoolExecutor.java:642)
at java.base/java.lang.Thread.run(Thread.java:1583)
... Removed 21 stack frames]]>
    </failure>
  </testcase> <!-- submitValidCodeMaxConOnes -->
  <testcase classname="dsAlgoTests.QueuePageTest" name="practiseQtnsImplUsingArray" time="12.049">
    <failure type="java.lang.AssertionError" message="No Practise Questions found expected [true] but found [false]">
      <![CDATA[java.lang.AssertionError: No Practise Questions found expected [true] but found [false]
at dsAlgoTests.QueuePageTest.practiseQtnsImplUsingArray(QueuePageTest.java:194)
at java.base/java.util.ArrayList.forEach(ArrayList.java:1596)
at java.base/java.util.concurrent.FutureTask.run(FutureTask.java:317)
at java.base/java.util.concurrent.ThreadPoolExecutor.runWorker(ThreadPoolExecutor.java:1144)
at java.base/java.util.concurrent.ThreadPoolExecutor$Worker.run(ThreadPoolExecutor.java:642)
at java.base/java.lang.Thread.run(Thread.java:1583)
... Removed 18 stack frames]]>
    </failure>
  </testcase> <!-- practiseQtnsImplUsingArray -->
  <testcase classname="dsAlgoTests.StackPageTest" name="practiseQtnsApplications" time="11.865">
    <failure type="java.lang.AssertionError" message="No Practise Questions found expected [true] but found [false]">
      <![CDATA[java.lang.AssertionError: No Practise Questions found expected [true] but found [false]
at dsAlgoTests.StackPageTest.practiseQtnsApplications(StackPageTest.java:187)
at java.base/java.util.ArrayList.forEach(ArrayList.java:1596)
at java.base/java.util.concurrent.FutureTask.run(FutureTask.java:317)
at java.base/java.util.concurrent.ThreadPoolExecutor.runWorker(ThreadPoolExecutor.java:1144)
at java.base/java.util.concurrent.ThreadPoolExecutor$Worker.run(ThreadPoolExecutor.java:642)
at java.base/java.lang.Thread.run(Thread.java:1583)
... Removed 18 stack frames]]>
    </failure>
  </testcase> <!-- practiseQtnsApplications -->
  <testcase classname="dsAlgoTests.LinkedListPageTest" name="practiseQtnsImplmntLinkdLstInPython" time="11.794">
    <failure type="java.lang.AssertionError" message="No Practise Questions found expected [true] but found [false]">
      <![CDATA[java.lang.AssertionError: No Practise Questions found expected [true] but found [false]
at dsAlgoTests.LinkedListPageTest.practiseQtnsImplmntLinkdLstInPython(LinkedListPageTest.java:189)
at java.base/java.util.ArrayList.forEach(ArrayList.java:1596)
at java.base/java.util.concurrent.FutureTask.run(FutureTask.java:317)
at java.base/java.util.concurrent.ThreadPoolExecutor.runWorker(ThreadPoolExecutor.java:1144)
at java.base/java.util.concurrent.ThreadPoolExecutor$Worker.run(ThreadPoolExecutor.java:642)
at java.base/java.lang.Thread.run(Thread.java:1583)
... Removed 18 stack frames]]>
    </failure>
  </testcase> <!-- practiseQtnsImplmntLinkdLstInPython -->
  <testcase classname="dsAlgoTests.TreePageTest" name="runInvalidCodeInTreeTraversalsOfPaython" time="3.517"/>
  <testcase classname="dsAlgoTests.TreePageTest" name="runInvalidCodeInTreeTraversalsOfPaython" time="2.681"/>
  <testcase classname="dsAlgoTests.ArrayPageTest" name="findEvenNumberQtn" time="2.807"/>
  <testcase classname="dsAlgoTests.QueuePageTest" name="userInQueueOperation" time="1.235"/>
  <testcase classname="dsAlgoTests.LinkedListPageTest" name="userInInsertion" time="1.283"/>
  <testcase classname="dsAlgoTests.TreePageTest" name="validCodeTryEditorTreeTraversalsOnInPython" time="2.841"/>
  <testcase classname="dsAlgoTests.ArrayPageTest" name="runInvalidCodeFindEvenNumber" time="3.684"/>
  <testcase classname="dsAlgoTests.ArrayPageTest" name="runInvalidCodeFindEvenNumber" time="3.28"/>
  <testcase classname="dsAlgoTests.QueuePageTest" name="userInTryEditorQueueOperation" time="2.866"/>
  <testcase classname="dsAlgoTests.LinkedListPageTest" name="userInTryEditorInsertion" time="2.244"/>
  <testcase classname="dsAlgoTests.TreePageTest" name="userInTraversalsIllustrationOnTreePage" time="1.447"/>
  <testcase classname="dsAlgoTests.ArrayPageTest" name="runValidFindEvenNumber" time="3.696"/>
  <testcase classname="dsAlgoTests.QueuePageTest" name="inValidCodeTryEditorQueueOperation" time="2.653">
    <skipped/>
  </testcase> <!-- inValidCodeTryEditorQueueOperation -->
  <testcase classname="dsAlgoTests.QueuePageTest" name="inValidCodeTryEditorQueueOperation" time="2.44">
    <skipped/>
  </testcase> <!-- inValidCodeTryEditorQueueOperation -->
  <testcase classname="dsAlgoTests.QueuePageTest" name="inValidCodeTryEditorQueueOperation" time="2.735">
    <failure type="java.lang.AssertionError" message="expected [true] but found [false]">
      <![CDATA[java.lang.AssertionError: expected [true] but found [false]
at dsAlgoTests.QueuePageTest.inValidCodeTryEditorQueueOperation(QueuePageTest.java:225)
at java.base/java.util.ArrayList.forEach(ArrayList.java:1596)
at java.base/java.util.concurrent.FutureTask.run(FutureTask.java:317)
at java.base/java.util.concurrent.ThreadPoolExecutor.runWorker(ThreadPoolExecutor.java:1144)
at java.base/java.util.concurrent.ThreadPoolExecutor$Worker.run(ThreadPoolExecutor.java:642)
at java.base/java.lang.Thread.run(Thread.java:1583)
... Removed 19 stack frames]]>
    </failure>
  </testcase> <!-- inValidCodeTryEditorQueueOperation -->
  <testcase classname="dsAlgoTests.QueuePageTest" name="inValidCodeTryEditorQueueOperation" time="2.575"/>
  <testcase classname="dsAlgoTests.QueuePageTest" name="inValidCodeTryEditorQueueOperation" time="2.875"/>
  <testcase classname="dsAlgoTests.LinkedListPageTest" name="inValidCodeTryEditorInsertion" time="2.477">
    <skipped/>
  </testcase> <!-- inValidCodeTryEditorInsertion -->
  <testcase classname="dsAlgoTests.LinkedListPageTest" name="inValidCodeTryEditorInsertion" time="2.61">
    <skipped/>
  </testcase> <!-- inValidCodeTryEditorInsertion -->
  <testcase classname="dsAlgoTests.LinkedListPageTest" name="inValidCodeTryEditorInsertion" time="2.546">
    <failure type="java.lang.AssertionError" message="expected [true] but found [false]">
      <![CDATA[java.lang.AssertionError: expected [true] but found [false]
at dsAlgoTests.LinkedListPageTest.inValidCodeTryEditorInsertion(LinkedListPageTest.java:220)
at java.base/java.util.ArrayList.forEach(ArrayList.java:1596)
at java.base/java.util.concurrent.FutureTask.run(FutureTask.java:317)
at java.base/java.util.concurrent.ThreadPoolExecutor.runWorker(ThreadPoolExecutor.java:1144)
at java.base/java.util.concurrent.ThreadPoolExecutor$Worker.run(ThreadPoolExecutor.java:642)
at java.base/java.lang.Thread.run(Thread.java:1583)
... Removed 19 stack frames]]>
    </failure>
  </testcase> <!-- inValidCodeTryEditorInsertion -->
  <testcase classname="dsAlgoTests.LinkedListPageTest" name="inValidCodeTryEditorInsertion" time="2.734"/>
  <testcase classname="dsAlgoTests.LinkedListPageTest" name="inValidCodeTryEditorInsertion" time="2.336"/>
  <testcase classname="dsAlgoTests.TreePageTest" name="userInTryEditorTraversalsIllustrationOnTrees" time="2.28"/>
  <testcase classname="dsAlgoTests.ArrayPageTest" name="submitInvalidCodeFindEvenNumber" time="3.888"/>
  <testcase classname="dsAlgoTests.ArrayPageTest" name="submitInvalidCodeFindEvenNumber" time="4.001"/>
  <testcase classname="dsAlgoTests.QueuePageTest" name="validCodeTryEditorQueueOperation" time="2.728"/>
  <testcase classname="dsAlgoTests.LinkedListPageTest" name="validCodeTryEditorInsertion" time="2.737"/>
  <testcase classname="dsAlgoTests.TreePageTest" name="runInvalidCodeInTraversalsIllustrationOfPaython" time="2.951"/>
  <testcase classname="dsAlgoTests.TreePageTest" name="runInvalidCodeInTraversalsIllustrationOfPaython" time="3.098"/>
  <testcase classname="dsAlgoTests.ArrayPageTest" name="submitValidCodeFindEvenNumber" time="4.337"/>
  <testcase classname="dsAlgoTests.QueuePageTest" name="practiseQtnsQueueOperation" time="11.823">
    <failure type="java.lang.AssertionError" message="No Practise Questions found expected [true] but found [false]">
      <![CDATA[java.lang.AssertionError: No Practise Questions found expected [true] but found [false]
at dsAlgoTests.QueuePageTest.practiseQtnsQueueOperation(QueuePageTest.java:245)
at java.base/java.util.ArrayList.forEach(ArrayList.java:1596)
at java.base/java.util.concurrent.FutureTask.run(FutureTask.java:317)
at java.base/java.util.concurrent.ThreadPoolExecutor.runWorker(ThreadPoolExecutor.java:1144)
at java.base/java.util.concurrent.ThreadPoolExecutor$Worker.run(ThreadPoolExecutor.java:642)
at java.base/java.lang.Thread.run(Thread.java:1583)
... Removed 18 stack frames]]>
    </failure>
  </testcase> <!-- practiseQtnsQueueOperation -->
  <testcase classname="dsAlgoTests.LinkedListPageTest" name="practiseQtnsInsertion" time="11.906">
    <failure type="java.lang.AssertionError" message="No Practise Questions found expected [true] but found [false]">
      <![CDATA[java.lang.AssertionError: No Practise Questions found expected [true] but found [false]
at dsAlgoTests.LinkedListPageTest.practiseQtnsInsertion(LinkedListPageTest.java:240)
at java.base/java.util.ArrayList.forEach(ArrayList.java:1596)
at java.base/java.util.concurrent.FutureTask.run(FutureTask.java:317)
at java.base/java.util.concurrent.ThreadPoolExecutor.runWorker(ThreadPoolExecutor.java:1144)
at java.base/java.util.concurrent.ThreadPoolExecutor$Worker.run(ThreadPoolExecutor.java:642)
at java.base/java.lang.Thread.run(Thread.java:1583)
... Removed 18 stack frames]]>
    </failure>
  </testcase> <!-- practiseQtnsInsertion -->
  <testcase classname="dsAlgoTests.TreePageTest" name="validCodeTryEditorTraversalsIllustrationOnInPython" time="2.87"/>
  <testcase classname="dsAlgoTests.ArrayPageTest" name="sqrsOfSortedArrayQtn" time="2.988"/>
  <testcase classname="dsAlgoTests.LinkedListPageTest" name="userInDeletion" time="1.295"/>
  <testcase classname="dsAlgoTests.TreePageTest" name="userInBinaryTreesOnTreePage" time="2.094"/>
  <testcase classname="dsAlgoTests.ArrayPageTest" name="runInvalidCodeSqrsOfSortedArrayQtn" time="3.056"/>
  <testcase classname="dsAlgoTests.ArrayPageTest" name="runInvalidCodeSqrsOfSortedArrayQtn" time="3.265"/>
  <testcase classname="dsAlgoTests.LinkedListPageTest" name="userInTryEditorDeletion" time="2.502"/>
  <testcase classname="dsAlgoTests.TreePageTest" name="userInTryEditorBinaryTreesOnTrees" time="2.484"/>
  <testcase classname="dsAlgoTests.ArrayPageTest" name="runValidSqrsOfSortedArrayQtn" time="3.551"/>
  <testcase classname="dsAlgoTests.LinkedListPageTest" name="inValidCodeTryEditorDeletion" time="2.453">
    <skipped/>
  </testcase> <!-- inValidCodeTryEditorDeletion -->
  <testcase classname="dsAlgoTests.LinkedListPageTest" name="inValidCodeTryEditorDeletion" time="2.511">
    <skipped/>
  </testcase> <!-- inValidCodeTryEditorDeletion -->
  <testcase classname="dsAlgoTests.LinkedListPageTest" name="inValidCodeTryEditorDeletion" time="2.679">
    <failure type="java.lang.AssertionError" message="expected [true] but found [false]">
      <![CDATA[java.lang.AssertionError: expected [true] but found [false]
at dsAlgoTests.LinkedListPageTest.inValidCodeTryEditorDeletion(LinkedListPageTest.java:270)
at java.base/java.util.ArrayList.forEach(ArrayList.java:1596)
at java.base/java.util.concurrent.FutureTask.run(FutureTask.java:317)
at java.base/java.util.concurrent.ThreadPoolExecutor.runWorker(ThreadPoolExecutor.java:1144)
at java.base/java.util.concurrent.ThreadPoolExecutor$Worker.run(ThreadPoolExecutor.java:642)
at java.base/java.lang.Thread.run(Thread.java:1583)
... Removed 19 stack frames]]>
    </failure>
  </testcase> <!-- inValidCodeTryEditorDeletion -->
  <testcase classname="dsAlgoTests.LinkedListPageTest" name="inValidCodeTryEditorDeletion" time="2.532"/>
  <testcase classname="dsAlgoTests.LinkedListPageTest" name="inValidCodeTryEditorDeletion" time="2.645"/>
  <testcase classname="dsAlgoTests.TreePageTest" name="runInvalidCodeInBinaryTreesOfPaython" time="2.993"/>
  <testcase classname="dsAlgoTests.TreePageTest" name="runInvalidCodeInBinaryTreesOfPaython" time="2.826"/>
  <testcase classname="dsAlgoTests.ArrayPageTest" name="submitInvalidCodeSqrsOfSortedArrayQtn" time="4.026">
    <skipped/>
  </testcase> <!-- submitInvalidCodeSqrsOfSortedArrayQtn -->
  <testcase classname="dsAlgoTests.ArrayPageTest" name="submitInvalidCodeSqrsOfSortedArrayQtn" time="4.24">
    <skipped/>
  </testcase> <!-- submitInvalidCodeSqrsOfSortedArrayQtn -->
  <testcase classname="dsAlgoTests.ArrayPageTest" name="submitInvalidCodeSqrsOfSortedArrayQtn" time="3.95">
    <failure type="java.lang.AssertionError" message="expected [Error occurred during submission] but found [ No tests were collected]">
      <![CDATA[java.lang.AssertionError: expected [Error occurred during submission] but found [ No tests were collected]
at dsAlgoTests.ArrayPageTest.submitInvalidCodeSqrsOfSortedArrayQtn(ArrayPageTest.java:320)
at java.base/java.util.ArrayList.forEach(ArrayList.java:1596)
at java.base/java.util.concurrent.FutureTask.run(FutureTask.java:317)
at java.base/java.util.concurrent.ThreadPoolExecutor.runWorker(ThreadPoolExecutor.java:1144)
at java.base/java.util.concurrent.ThreadPoolExecutor$Worker.run(ThreadPoolExecutor.java:642)
at java.base/java.lang.Thread.run(Thread.java:1583)
... Removed 21 stack frames]]>
    </failure>
  </testcase> <!-- submitInvalidCodeSqrsOfSortedArrayQtn -->
  <testcase classname="dsAlgoTests.ArrayPageTest" name="submitInvalidCodeSqrsOfSortedArrayQtn" time="3.996">
    <skipped/>
  </testcase> <!-- submitInvalidCodeSqrsOfSortedArrayQtn -->
  <testcase classname="dsAlgoTests.ArrayPageTest" name="submitInvalidCodeSqrsOfSortedArrayQtn" time="4.429">
    <skipped/>
  </testcase> <!-- submitInvalidCodeSqrsOfSortedArrayQtn -->
  <testcase classname="dsAlgoTests.ArrayPageTest" name="submitInvalidCodeSqrsOfSortedArrayQtn" time="4.071">
    <failure type="java.lang.AssertionError" message="expected [Error occurred during submission] but found [ No tests were collected]">
      <![CDATA[java.lang.AssertionError: expected [Error occurred during submission] but found [ No tests were collected]
at dsAlgoTests.ArrayPageTest.submitInvalidCodeSqrsOfSortedArrayQtn(ArrayPageTest.java:320)
at java.base/java.util.ArrayList.forEach(ArrayList.java:1596)
at java.base/java.util.concurrent.FutureTask.run(FutureTask.java:317)
at java.base/java.util.concurrent.ThreadPoolExecutor.runWorker(ThreadPoolExecutor.java:1144)
at java.base/java.util.concurrent.ThreadPoolExecutor$Worker.run(ThreadPoolExecutor.java:642)
at java.base/java.lang.Thread.run(Thread.java:1583)
... Removed 21 stack frames]]>
    </failure>
  </testcase> <!-- submitInvalidCodeSqrsOfSortedArrayQtn -->
  <testcase classname="dsAlgoTests.LinkedListPageTest" name="validCodeTryEditorDeletion" time="2.23"/>
  <testcase classname="dsAlgoTests.TreePageTest" name="validCodeTryEditorBinaryTreesOnInPython" time="2.482"/>
  <testcase classname="dsAlgoTests.ArrayPageTest" name="submitValidCodeSqrsOfSortedArrayQtn" time="4.203">
    <skipped/>
  </testcase> <!-- submitValidCodeSqrsOfSortedArrayQtn -->
  <testcase classname="dsAlgoTests.ArrayPageTest" name="submitValidCodeSqrsOfSortedArrayQtn" time="3.983">
    <skipped/>
  </testcase> <!-- submitValidCodeSqrsOfSortedArrayQtn -->
  <testcase classname="dsAlgoTests.ArrayPageTest" name="submitValidCodeSqrsOfSortedArrayQtn" time="4.501">
    <failure type="java.lang.AssertionError" message="expected [Submission Successful] but found [ No tests were collected]">
      <![CDATA[java.lang.AssertionError: expected [Submission Successful] but found [ No tests were collected]
at dsAlgoTests.ArrayPageTest.submitValidCodeSqrsOfSortedArrayQtn(ArrayPageTest.java:333)
at java.base/java.util.ArrayList.forEach(ArrayList.java:1596)
at java.base/java.util.concurrent.FutureTask.run(FutureTask.java:317)
at java.base/java.util.concurrent.ThreadPoolExecutor.runWorker(ThreadPoolExecutor.java:1144)
at java.base/java.util.concurrent.ThreadPoolExecutor$Worker.run(ThreadPoolExecutor.java:642)
at java.base/java.lang.Thread.run(Thread.java:1583)
... Removed 21 stack frames]]>
    </failure>
  </testcase> <!-- submitValidCodeSqrsOfSortedArrayQtn -->
  <testcase classname="dsAlgoTests.LinkedListPageTest" name="practiseQtnsTraversal" time="11.889">
    <failure type="java.lang.AssertionError" message="No Practise Questions found expected [true] but found [false]">
      <![CDATA[java.lang.AssertionError: No Practise Questions found expected [true] but found [false]
at dsAlgoTests.LinkedListPageTest.practiseQtnsTraversal(LinkedListPageTest.java:290)
at java.base/java.util.ArrayList.forEach(ArrayList.java:1596)
at java.base/java.util.concurrent.FutureTask.run(FutureTask.java:317)
at java.base/java.util.concurrent.ThreadPoolExecutor.runWorker(ThreadPoolExecutor.java:1144)
at java.base/java.util.concurrent.ThreadPoolExecutor$Worker.run(ThreadPoolExecutor.java:642)
at java.base/java.lang.Thread.run(Thread.java:1583)
... Removed 18 stack frames]]>
    </failure>
  </testcase> <!-- practiseQtnsTraversal -->
  <testcase classname="dsAlgoTests.TreePageTest" name="userInTypesofBinaryTreesOnTreePage" time="1.858"/>
  <testcase classname="dsAlgoTests.ArrayPageTest" name="userInArraysUsingList" time="1.243"/>
  <testcase classname="dsAlgoTests.TreePageTest" name="userInTryEditorTypesofBinaryTreesOnTrees" time="2.975"/>
  <testcase classname="dsAlgoTests.ArrayPageTest" name="userInTryEditorArraysUsingList" time="2.441"/>
  <testcase classname="dsAlgoTests.TreePageTest" name="runInvalidCodeInTypesofBinaryTreesOfPaython" time="3.202"/>
  <testcase classname="dsAlgoTests.TreePageTest" name="runInvalidCodeInTypesofBinaryTreesOfPaython" time="2.834"/>
  <testcase classname="dsAlgoTests.ArrayPageTest" name="inValidCodeTryEditorsUsingList" time="3.014">
    <skipped/>
  </testcase> <!-- inValidCodeTryEditorsUsingList -->
  <testcase classname="dsAlgoTests.ArrayPageTest" name="inValidCodeTryEditorsUsingList" time="2.875">
    <skipped/>
  </testcase> <!-- inValidCodeTryEditorsUsingList -->
  <testcase classname="dsAlgoTests.ArrayPageTest" name="inValidCodeTryEditorsUsingList" time="2.474">
    <failure type="java.lang.AssertionError" message="expected [true] but found [false]">
      <![CDATA[java.lang.AssertionError: expected [true] but found [false]
at dsAlgoTests.ArrayPageTest.inValidCodeTryEditorsUsingList(ArrayPageTest.java:364)
at java.base/java.util.ArrayList.forEach(ArrayList.java:1596)
at java.base/java.util.concurrent.FutureTask.run(FutureTask.java:317)
at java.base/java.util.concurrent.ThreadPoolExecutor.runWorker(ThreadPoolExecutor.java:1144)
at java.base/java.util.concurrent.ThreadPoolExecutor$Worker.run(ThreadPoolExecutor.java:642)
at java.base/java.lang.Thread.run(Thread.java:1583)
... Removed 19 stack frames]]>
    </failure>
  </testcase> <!-- inValidCodeTryEditorsUsingList -->
  <testcase classname="dsAlgoTests.ArrayPageTest" name="inValidCodeTryEditorsUsingList" time="2.718"/>
  <testcase classname="dsAlgoTests.ArrayPageTest" name="inValidCodeTryEditorsUsingList" time="2.404"/>
  <testcase classname="dsAlgoTests.TreePageTest" name="validCodeTryEditorTypesofBinaryTreesInPython" time="2.886"/>
  <testcase classname="dsAlgoTests.ArrayPageTest" name="validCodeTryEditorsUsingList" time="2.771"/>
  <testcase classname="dsAlgoTests.TreePageTest" name="userInImplementationinPythonOnTreePage" time="1.415"/>
  <testcase classname="dsAlgoTests.ArrayPageTest" name="practiseQtnsArraysUsingList" time="1.808"/>
  <testcase classname="dsAlgoTests.TreePageTest" name="userInTryEditorImplementationinPythonOnTrees" time="2.379"/>
  <testcase classname="dsAlgoTests.ArrayPageTest" name="userInBasicOprtnsInList" time="1.297"/>
  <testcase classname="dsAlgoTests.TreePageTest" name="runInvalidCodeInTmplementationinPythonOfPaython" time="2.951"/>
  <testcase classname="dsAlgoTests.TreePageTest" name="runInvalidCodeInTmplementationinPythonOfPaython" time="3.441"/>
  <testcase classname="dsAlgoTests.ArrayPageTest" name="userInTryEditorBasicOprtnsInList" time="2.423"/>
  <testcase classname="dsAlgoTests.TreePageTest" name="validCodeTryEditorImplementationinPythonInPython" time="3.177"/>
  <testcase classname="dsAlgoTests.ArrayPageTest" name="inValidCodeTryEditorBasicOprtnsInList" time="2.507">
    <skipped/>
  </testcase> <!-- inValidCodeTryEditorBasicOprtnsInList -->
  <testcase classname="dsAlgoTests.ArrayPageTest" name="inValidCodeTryEditorBasicOprtnsInList" time="2.616">
    <skipped/>
  </testcase> <!-- inValidCodeTryEditorBasicOprtnsInList -->
  <testcase classname="dsAlgoTests.ArrayPageTest" name="inValidCodeTryEditorBasicOprtnsInList" time="2.761">
    <failure type="java.lang.AssertionError" message="expected [true] but found [false]">
      <![CDATA[java.lang.AssertionError: expected [true] but found [false]
at dsAlgoTests.ArrayPageTest.inValidCodeTryEditorBasicOprtnsInList(ArrayPageTest.java:416)
at java.base/java.util.ArrayList.forEach(ArrayList.java:1596)
at java.base/java.util.concurrent.FutureTask.run(FutureTask.java:317)
at java.base/java.util.concurrent.ThreadPoolExecutor.runWorker(ThreadPoolExecutor.java:1144)
at java.base/java.util.concurrent.ThreadPoolExecutor$Worker.run(ThreadPoolExecutor.java:642)
at java.base/java.lang.Thread.run(Thread.java:1583)
... Removed 19 stack frames]]>
    </failure>
  </testcase> <!-- inValidCodeTryEditorBasicOprtnsInList -->
  <testcase classname="dsAlgoTests.ArrayPageTest" name="inValidCodeTryEditorBasicOprtnsInList" time="2.256"/>
  <testcase classname="dsAlgoTests.ArrayPageTest" name="inValidCodeTryEditorBasicOprtnsInList" time="2.858"/>
  <testcase classname="dsAlgoTests.TreePageTest" name="userInBinaryTreeTraversalsOnTreePage" time="1.414"/>
  <testcase classname="dsAlgoTests.ArrayPageTest" name="validCodeTryEditorBasicOprtnsInList" time="2.801"/>
  <testcase classname="dsAlgoTests.TreePageTest" name="userInTryEditorBinaryTreeTraversalsOnTrees" time="2.394"/>
  <testcase classname="dsAlgoTests.ArrayPageTest" name="practiseQtnsBasicOprtnsInList" time="2.191"/>
  <testcase classname="dsAlgoTests.ArrayPageTest" name="userInApplicationsOfArray" time="1.323"/>
  <testcase classname="dsAlgoTests.TreePageTest" name="runInvalidCodeInBinaryTreeTraversalsOfPaython" time="2.704"/>
  <testcase classname="dsAlgoTests.TreePageTest" name="runInvalidCodeInBinaryTreeTraversalsOfPaython" time="2.631"/>
  <testcase classname="dsAlgoTests.ArrayPageTest" name="userInTryEditorApplicationsOfArray" time="2.111"/>
  <testcase classname="dsAlgoTests.TreePageTest" name="validCodeTryEditorBinaryTreeTraversalsInPython" time="3.259"/>
  <testcase classname="dsAlgoTests.ArrayPageTest" name="inValidCodeTryEditorApplicationsOfArray" time="2.66">
    <skipped/>
  </testcase> <!-- inValidCodeTryEditorApplicationsOfArray -->
  <testcase classname="dsAlgoTests.ArrayPageTest" name="inValidCodeTryEditorApplicationsOfArray" time="2.804">
    <skipped/>
  </testcase> <!-- inValidCodeTryEditorApplicationsOfArray -->
  <testcase classname="dsAlgoTests.ArrayPageTest" name="inValidCodeTryEditorApplicationsOfArray" time="2.667">
    <failure type="java.lang.AssertionError" message="expected [true] but found [false]">
      <![CDATA[java.lang.AssertionError: expected [true] but found [false]
at dsAlgoTests.ArrayPageTest.inValidCodeTryEditorApplicationsOfArray(ArrayPageTest.java:468)
at java.base/java.util.ArrayList.forEach(ArrayList.java:1596)
at java.base/java.util.concurrent.FutureTask.run(FutureTask.java:317)
at java.base/java.util.concurrent.ThreadPoolExecutor.runWorker(ThreadPoolExecutor.java:1144)
at java.base/java.util.concurrent.ThreadPoolExecutor$Worker.run(ThreadPoolExecutor.java:642)
at java.base/java.lang.Thread.run(Thread.java:1583)
... Removed 19 stack frames]]>
    </failure>
  </testcase> <!-- inValidCodeTryEditorApplicationsOfArray -->
  <testcase classname="dsAlgoTests.ArrayPageTest" name="inValidCodeTryEditorApplicationsOfArray" time="2.768"/>
  <testcase classname="dsAlgoTests.ArrayPageTest" name="inValidCodeTryEditorApplicationsOfArray" time="2.667"/>
  <testcase classname="dsAlgoTests.TreePageTest" name="userInImplementationofBinaryTreesOnTreePage" time="1.465"/>
  <testcase classname="dsAlgoTests.ArrayPageTest" name="validCodeTryEditorApplicationsOfArray" time="2.65"/>
  <testcase classname="dsAlgoTests.TreePageTest" name="userInTryEditorImplementationofBinaryTreesOnTrees" time="2.3"/>
  <testcase classname="dsAlgoTests.ArrayPageTest" name="practiseQtnsApplicationsOfArray" time="2.228"/>
  <testcase classname="dsAlgoTests.TreePageTest" name="runInvalidCodeInImplementationofBinaryTreesOfPython" time="2.553"/>
  <testcase classname="dsAlgoTests.TreePageTest" name="runInvalidCodeInImplementationofBinaryTreesOfPython" time="2.573"/>
  <testcase classname="dsAlgoTests.TreePageTest" name="validCodeTryEditorImplementationofBinaryTreesInPython" time="2.918"/>
  <testcase classname="dsAlgoTests.TreePageTest" name="userInApplicationsOfBinaryTreesOnTreePage" time="1.45"/>
  <testcase classname="dsAlgoTests.TreePageTest" name="userInTryEditorApplicationsOfBinaryTreesOnTrees" time="2.31"/>
  <testcase classname="dsAlgoTests.TreePageTest" name="runInvalidCodeInApplicationsOfBinaryTreesOfPython" time="2.61"/>
  <testcase classname="dsAlgoTests.TreePageTest" name="runInvalidCodeInApplicationsOfBinaryTreesOfPython" time="3.288"/>
  <testcase classname="dsAlgoTests.TreePageTest" name="validCodeTryEditorApplicationsOfBinaryTreesInPython" time="2.908"/>
  <testcase classname="dsAlgoTests.TreePageTest" name="userInBinarySearchTreesOnTreePage" time="1.582"/>
  <testcase classname="dsAlgoTests.TreePageTest" name="userInTryEditorBinarySearchTreesOnTrees" time="2.519"/>
  <testcase classname="dsAlgoTests.TreePageTest" name="runInvalidCodeInBinarySearchTreesOfPython" time="2.706"/>
  <testcase classname="dsAlgoTests.TreePageTest" name="runInvalidCodeInBinarySearchTreesOfPython" time="2.979"/>
  <testcase classname="dsAlgoTests.TreePageTest" name="validCodeTryEditorBinarySearchTreesInPython" time="3.112"/>
  <testcase classname="dsAlgoTests.TreePageTest" name="userInImplementationOfBSTOnTreePage" time="1.519"/>
  <testcase classname="dsAlgoTests.TreePageTest" name="userInTryEditorImplementationOfBSTOnTrees" time="2.154"/>
  <testcase classname="dsAlgoTests.TreePageTest" name="runInvalidCodeInImplementationOfBSTOfPython" time="2.795"/>
  <testcase classname="dsAlgoTests.TreePageTest" name="runInvalidCodeInImplementationOfBSTOfPython" time="3.232"/>
  <testcase classname="dsAlgoTests.TreePageTest" name="validCodeTryEditorImplementationOfBSTInPython" time="3.136"/>
</testsuite> <!-- ChromeTest -->
