<?xml version="1.0" encoding="UTF-8"?>
<!-- Generated by org.testng.reporters.JUnitXMLReporter -->
<testsuite ignored="0" hostname="KAITLYN" failures="35" tests="210" name="FireFoxTest" time="2197.307" errors="0" timestamp="2025-05-24T02:06:58 CDT">
  <testcase classname="dsAlgoTests.HomePageTests" name="VerifyWarningMsgOnDrpdwnClick" time="0.761"/>
  <testcase classname="dsAlgoTests.HomePageTests" name="VerifyWarningMsgOnDrpdwnClick" time="0.631"/>
  <testcase classname="dsAlgoTests.HomePageTests" name="VerifyWarningMsgOnDrpdwnClick" time="0.506"/>
  <testcase classname="dsAlgoTests.HomePageTests" name="VerifyWarningMsgOnDrpdwnClick" time="0.571"/>
  <testcase classname="dsAlgoTests.HomePageTests" name="VerifyWarningMsgOnDrpdwnClick" time="0.548"/>
  <testcase classname="dsAlgoTests.HomePageTests" name="VerifyWarningMsgOnDrpdwnClick" time="0.639"/>
  <testcase classname="dsAlgoTests.HomePageTests" name="VerifyWarningMsgOnGetStartedBtnClick" time="0.669"/>
  <testcase classname="dsAlgoTests.HomePageTests" name="VerifyWarningMsgOnGetStartedBtnClick" time="0.536"/>
  <testcase classname="dsAlgoTests.HomePageTests" name="VerifyWarningMsgOnGetStartedBtnClick" time="0.881"/>
  <testcase classname="dsAlgoTests.HomePageTests" name="VerifyWarningMsgOnGetStartedBtnClick" time="0.607"/>
  <testcase classname="dsAlgoTests.HomePageTests" name="VerifyWarningMsgOnGetStartedBtnClick" time="0.533"/>
  <testcase classname="dsAlgoTests.HomePageTests" name="VerifyWarningMsgOnGetStartedBtnClick" time="0.529"/>
  <testcase classname="dsAlgoTests.HomePageTests" name="userIsInlaunchPage" time="0.288"/>
  <testcase classname="dsAlgoTests.LoginPageTest" name="userClickSignOut" time="1.47"/>
  <testcase classname="dsAlgoTests.LoginPageTest" name="userEntersInvalidLogin" time="10.679">
    <failure type="org.openqa.selenium.TimeoutException" message="Expected condition failed: waiting for visibility of element located by By.xpath: //div[contains(text(),&amp;apos;Invalid&amp;apos;)] (tried for 10 second(s) with 500 milliseconds interval)
Build info: version: &amp;apos;4.32.0&amp;apos;, revision: &amp;apos;d17c8aa950&amp;apos;
System info: os.name: &amp;apos;Windows 11&amp;apos;, os.arch: &amp;apos;amd64&amp;apos;, os.version: &amp;apos;10.0&amp;apos;, java.version: &amp;apos;21.0.3&amp;apos;
Driver info: org.openqa.selenium.firefox.FirefoxDriver
Capabilities {acceptInsecureCerts: true, browserName: firefox, browserVersion: 138.0.4, moz:accessibilityChecks: false, moz:buildID: 20250517143237, moz:geckodriverVersion: 0.36.0, moz:headless: false, moz:platformVersion: 10.0, moz:processID: 10276, moz:profile: C:\Users\jimre\AppData\Loca..., moz:shutdownTimeout: 60000, moz:webdriverClick: true, moz:windowless: false, pageLoadStrategy: normal, platformName: windows, proxy: Proxy(), setWindowRect: true, strictFileInteractability: false, timeouts: {implicit: 0, pageLoad: 300000, script: 30000}, unhandledPromptBehavior: dismiss and notify, userAgent: Mozilla/5.0 (Windows NT 10....}
Session ID: 6d9536cd-aa02-4991-b8cf-6be0b818f410">
      <![CDATA[org.openqa.selenium.TimeoutException: Expected condition failed: waiting for visibility of element located by By.xpath: //div[contains(text(),'Invalid')] (tried for 10 second(s) with 500 milliseconds interval)
Build info: version: '4.32.0', revision: 'd17c8aa950'
System info: os.name: 'Windows 11', os.arch: 'amd64', os.version: '10.0', java.version: '21.0.3'
Driver info: org.openqa.selenium.firefox.FirefoxDriver
Capabilities {acceptInsecureCerts: true, browserName: firefox, browserVersion: 138.0.4, moz:accessibilityChecks: false, moz:buildID: 20250517143237, moz:geckodriverVersion: 0.36.0, moz:headless: false, moz:platformVersion: 10.0, moz:processID: 10276, moz:profile: C:\Users\jimre\AppData\Loca..., moz:shutdownTimeout: 60000, moz:webdriverClick: true, moz:windowless: false, pageLoadStrategy: normal, platformName: windows, proxy: Proxy(), setWindowRect: true, strictFileInteractability: false, timeouts: {implicit: 0, pageLoad: 300000, script: 30000}, unhandledPromptBehavior: dismiss and notify, userAgent: Mozilla/5.0 (Windows NT 10....}
Session ID: 6d9536cd-aa02-4991-b8cf-6be0b818f410
at org.openqa.selenium.support.ui.WebDriverWait.timeoutException(WebDriverWait.java:84)
at org.openqa.selenium.support.ui.FluentWait.until(FluentWait.java:228)
at PageObject.LoginPageObject.invalidUserNameAndPassword(LoginPageObject.java:80)
at dsAlgoTests.LoginPageTest.userEntersInvalidLogin(LoginPageTest.java:95)
at java.base/java.util.ArrayList.forEach(ArrayList.java:1596)
at java.base/java.util.concurrent.FutureTask.run(FutureTask.java:317)
at java.base/java.util.concurrent.ThreadPoolExecutor.runWorker(ThreadPoolExecutor.java:1144)
at java.base/java.util.concurrent.ThreadPoolExecutor$Worker.run(ThreadPoolExecutor.java:642)
at java.base/java.lang.Thread.run(Thread.java:1583)
... Removed 15 stack frames]]>
    </failure>
  </testcase> <!-- userEntersInvalidLogin -->
  <testcase classname="dsAlgoTests.LoginPageTest" name="userEntersInvalidLogin" time="10.358">
    <failure type="org.openqa.selenium.TimeoutException" message="Expected condition failed: waiting for visibility of element located by By.xpath: //div[contains(text(),&amp;apos;Invalid&amp;apos;)] (tried for 10 second(s) with 500 milliseconds interval)
Build info: version: &amp;apos;4.32.0&amp;apos;, revision: &amp;apos;d17c8aa950&amp;apos;
System info: os.name: &amp;apos;Windows 11&amp;apos;, os.arch: &amp;apos;amd64&amp;apos;, os.version: &amp;apos;10.0&amp;apos;, java.version: &amp;apos;21.0.3&amp;apos;
Driver info: org.openqa.selenium.firefox.FirefoxDriver
Capabilities {acceptInsecureCerts: true, browserName: firefox, browserVersion: 138.0.4, moz:accessibilityChecks: false, moz:buildID: 20250517143237, moz:geckodriverVersion: 0.36.0, moz:headless: false, moz:platformVersion: 10.0, moz:processID: 32876, moz:profile: C:\Users\jimre\AppData\Loca..., moz:shutdownTimeout: 60000, moz:webdriverClick: true, moz:windowless: false, pageLoadStrategy: normal, platformName: windows, proxy: Proxy(), setWindowRect: true, strictFileInteractability: false, timeouts: {implicit: 0, pageLoad: 300000, script: 30000}, unhandledPromptBehavior: dismiss and notify, userAgent: Mozilla/5.0 (Windows NT 10....}
Session ID: ff9f67e6-f630-41b8-843f-12019a849dcc">
      <![CDATA[org.openqa.selenium.TimeoutException: Expected condition failed: waiting for visibility of element located by By.xpath: //div[contains(text(),'Invalid')] (tried for 10 second(s) with 500 milliseconds interval)
Build info: version: '4.32.0', revision: 'd17c8aa950'
System info: os.name: 'Windows 11', os.arch: 'amd64', os.version: '10.0', java.version: '21.0.3'
Driver info: org.openqa.selenium.firefox.FirefoxDriver
Capabilities {acceptInsecureCerts: true, browserName: firefox, browserVersion: 138.0.4, moz:accessibilityChecks: false, moz:buildID: 20250517143237, moz:geckodriverVersion: 0.36.0, moz:headless: false, moz:platformVersion: 10.0, moz:processID: 32876, moz:profile: C:\Users\jimre\AppData\Loca..., moz:shutdownTimeout: 60000, moz:webdriverClick: true, moz:windowless: false, pageLoadStrategy: normal, platformName: windows, proxy: Proxy(), setWindowRect: true, strictFileInteractability: false, timeouts: {implicit: 0, pageLoad: 300000, script: 30000}, unhandledPromptBehavior: dismiss and notify, userAgent: Mozilla/5.0 (Windows NT 10....}
Session ID: ff9f67e6-f630-41b8-843f-12019a849dcc
at org.openqa.selenium.support.ui.WebDriverWait.timeoutException(WebDriverWait.java:84)
at org.openqa.selenium.support.ui.FluentWait.until(FluentWait.java:228)
at PageObject.LoginPageObject.invalidUserNameAndPassword(LoginPageObject.java:80)
at dsAlgoTests.LoginPageTest.userEntersInvalidLogin(LoginPageTest.java:95)
at java.base/java.util.ArrayList.forEach(ArrayList.java:1596)
at java.base/java.util.concurrent.FutureTask.run(FutureTask.java:317)
at java.base/java.util.concurrent.ThreadPoolExecutor.runWorker(ThreadPoolExecutor.java:1144)
at java.base/java.util.concurrent.ThreadPoolExecutor$Worker.run(ThreadPoolExecutor.java:642)
at java.base/java.lang.Thread.run(Thread.java:1583)
... Removed 15 stack frames]]>
    </failure>
  </testcase> <!-- userEntersInvalidLogin -->
  <testcase classname="dsAlgoTests.LoginPageTest" name="userEntersInvalidLogin" time="0.493"/>
  <testcase classname="dsAlgoTests.LoginPageTest" name="userEntersInvalidLogin" time="0.416"/>
  <testcase classname="dsAlgoTests.LoginPageTest" name="userShouldSignInWithValidLogin" time="0.688"/>
  <testcase classname="dsAlgoTests.LoginPageTest" name="userSignedIntoDsAlgo" time="0.28"/>
  <testcase classname="dsAlgoTests.ArrayPageTest" name="userInGetStartedArrayPage" time="0.595"/>
  <testcase classname="dsAlgoTests.QueuePageTest" name="userInGetStartedQueuePage" time="0.275"/>
  <testcase classname="dsAlgoTests.StackPageTest" name="userInGetStartedStackPage" time="0.324"/>
  <testcase classname="dsAlgoTests.LinkedListPageTest" name="userInGetLinkedlistPage" time="0.271"/>
  <testcase classname="dsAlgoTests.ArrayPageTest" name="userInDropDownArrayPage" time="0.494"/>
  <testcase classname="dsAlgoTests.QueuePageTest" name="userInDropDownQueuePage" time="0.502"/>
  <testcase classname="dsAlgoTests.StackPageTest" name="userInDropDownStackPage" time="0.489"/>
  <testcase classname="dsAlgoTests.LinkedListPageTest" name="userInDropDownLinkdLstPage" time="0.503"/>
  <testcase classname="dsAlgoTests.ArrayPageTest" name="userInArraysInPython" time="0.674"/>
  <testcase classname="dsAlgoTests.QueuePageTest" name="userInImplOfQueue" time="0.754"/>
  <testcase classname="dsAlgoTests.StackPageTest" name="userInOperationsInStack" time="0.944"/>
  <testcase classname="dsAlgoTests.LinkedListPageTest" name="userInIntroduction" time="0.563"/>
  <testcase classname="dsAlgoTests.ArrayPageTest" name="userInTryEditorArraysInPython" time="2.204"/>
  <testcase classname="dsAlgoTests.QueuePageTest" name="userInTryEditorImplOfQueue" time="1.564"/>
  <testcase classname="dsAlgoTests.StackPageTest" name="userInTryEditorOperationsInStack" time="1.292"/>
  <testcase classname="dsAlgoTests.LinkedListPageTest" name="userInTryEditorInIntroduction" time="1.37"/>
  <testcase classname="dsAlgoTests.ArrayPageTest" name="inValidCodeTryEditorsInPython" time="1.946">
    <skipped/>
  </testcase> <!-- inValidCodeTryEditorsInPython -->
  <testcase classname="dsAlgoTests.ArrayPageTest" name="inValidCodeTryEditorsInPython" time="1.719">
    <skipped/>
  </testcase> <!-- inValidCodeTryEditorsInPython -->
  <testcase classname="dsAlgoTests.ArrayPageTest" name="inValidCodeTryEditorsInPython" time="2.729">
    <failure type="java.lang.AssertionError" message="expected [true] but found [false]">
      <![CDATA[java.lang.AssertionError: expected [true] but found [false]
at dsAlgoTests.ArrayPageTest.inValidCodeTryEditorsInPython(ArrayPageTest.java:65)
at java.base/java.util.ArrayList.forEach(ArrayList.java:1596)
at java.base/java.util.concurrent.FutureTask.run(FutureTask.java:317)
at java.base/java.util.concurrent.ThreadPoolExecutor.runWorker(ThreadPoolExecutor.java:1144)
at java.base/java.util.concurrent.ThreadPoolExecutor$Worker.run(ThreadPoolExecutor.java:642)
at java.base/java.lang.Thread.run(Thread.java:1583)
... Removed 19 stack frames]]>
    </failure>
  </testcase> <!-- inValidCodeTryEditorsInPython -->
  <testcase classname="dsAlgoTests.ArrayPageTest" name="inValidCodeTryEditorsInPython" time="1.92"/>
  <testcase classname="dsAlgoTests.ArrayPageTest" name="inValidCodeTryEditorsInPython" time="1.518"/>
  <testcase classname="dsAlgoTests.QueuePageTest" name="inValidCodeTryEditorImplOfQueue" time="1.573">
    <skipped/>
  </testcase> <!-- inValidCodeTryEditorImplOfQueue -->
  <testcase classname="dsAlgoTests.QueuePageTest" name="inValidCodeTryEditorImplOfQueue" time="1.788">
    <skipped/>
  </testcase> <!-- inValidCodeTryEditorImplOfQueue -->
  <testcase classname="dsAlgoTests.QueuePageTest" name="inValidCodeTryEditorImplOfQueue" time="2.486">
    <failure type="java.lang.AssertionError" message="expected [true] but found [false]">
      <![CDATA[java.lang.AssertionError: expected [true] but found [false]
at dsAlgoTests.QueuePageTest.inValidCodeTryEditorImplOfQueue(QueuePageTest.java:68)
at java.base/java.util.ArrayList.forEach(ArrayList.java:1596)
at java.base/java.util.concurrent.FutureTask.run(FutureTask.java:317)
at java.base/java.util.concurrent.ThreadPoolExecutor.runWorker(ThreadPoolExecutor.java:1144)
at java.base/java.util.concurrent.ThreadPoolExecutor$Worker.run(ThreadPoolExecutor.java:642)
at java.base/java.lang.Thread.run(Thread.java:1583)
... Removed 19 stack frames]]>
    </failure>
  </testcase> <!-- inValidCodeTryEditorImplOfQueue -->
  <testcase classname="dsAlgoTests.QueuePageTest" name="inValidCodeTryEditorImplOfQueue" time="1.829"/>
  <testcase classname="dsAlgoTests.QueuePageTest" name="inValidCodeTryEditorImplOfQueue" time="1.821"/>
  <testcase classname="dsAlgoTests.StackPageTest" name="inValidCodeTryEditorOperationsInStack" time="1.941">
    <skipped/>
  </testcase> <!-- inValidCodeTryEditorOperationsInStack -->
  <testcase classname="dsAlgoTests.StackPageTest" name="inValidCodeTryEditorOperationsInStack" time="2.947">
    <skipped/>
  </testcase> <!-- inValidCodeTryEditorOperationsInStack -->
  <testcase classname="dsAlgoTests.StackPageTest" name="inValidCodeTryEditorOperationsInStack" time="2.076">
    <failure type="java.lang.AssertionError" message="expected [true] but found [false]">
      <![CDATA[java.lang.AssertionError: expected [true] but found [false]
at dsAlgoTests.StackPageTest.inValidCodeTryEditorOperationsInStack(StackPageTest.java:66)
at java.base/java.util.ArrayList.forEach(ArrayList.java:1596)
at java.base/java.util.concurrent.FutureTask.run(FutureTask.java:317)
at java.base/java.util.concurrent.ThreadPoolExecutor.runWorker(ThreadPoolExecutor.java:1144)
at java.base/java.util.concurrent.ThreadPoolExecutor$Worker.run(ThreadPoolExecutor.java:642)
at java.base/java.lang.Thread.run(Thread.java:1583)
... Removed 19 stack frames]]>
    </failure>
  </testcase> <!-- inValidCodeTryEditorOperationsInStack -->
  <testcase classname="dsAlgoTests.StackPageTest" name="inValidCodeTryEditorOperationsInStack" time="2.522"/>
  <testcase classname="dsAlgoTests.StackPageTest" name="inValidCodeTryEditorOperationsInStack" time="2.621"/>
  <testcase classname="dsAlgoTests.LinkedListPageTest" name="inValidCodeTryEditorOperationsInStack" time="2.178">
    <skipped/>
  </testcase> <!-- inValidCodeTryEditorOperationsInStack -->
  <testcase classname="dsAlgoTests.LinkedListPageTest" name="inValidCodeTryEditorOperationsInStack" time="1.531">
    <skipped/>
  </testcase> <!-- inValidCodeTryEditorOperationsInStack -->
  <testcase classname="dsAlgoTests.LinkedListPageTest" name="inValidCodeTryEditorOperationsInStack" time="2.125">
    <failure type="java.lang.AssertionError" message="expected [true] but found [false]">
      <![CDATA[java.lang.AssertionError: expected [true] but found [false]
at dsAlgoTests.LinkedListPageTest.inValidCodeTryEditorOperationsInStack(LinkedListPageTest.java:68)
at java.base/java.util.ArrayList.forEach(ArrayList.java:1596)
at java.base/java.util.concurrent.FutureTask.run(FutureTask.java:317)
at java.base/java.util.concurrent.ThreadPoolExecutor.runWorker(ThreadPoolExecutor.java:1144)
at java.base/java.util.concurrent.ThreadPoolExecutor$Worker.run(ThreadPoolExecutor.java:642)
at java.base/java.lang.Thread.run(Thread.java:1583)
... Removed 19 stack frames]]>
    </failure>
  </testcase> <!-- inValidCodeTryEditorOperationsInStack -->
  <testcase classname="dsAlgoTests.LinkedListPageTest" name="inValidCodeTryEditorOperationsInStack" time="1.429"/>
  <testcase classname="dsAlgoTests.LinkedListPageTest" name="inValidCodeTryEditorOperationsInStack" time="1.678"/>
  <testcase classname="dsAlgoTests.ArrayPageTest" name="validCodeTryEditorsInPython" time="1.745"/>
  <testcase classname="dsAlgoTests.QueuePageTest" name="validCodeTryEditorImplOfQueue" time="2.232"/>
  <testcase classname="dsAlgoTests.StackPageTest" name="validCodeTryEditorOperationsInStack" time="1.828"/>
  <testcase classname="dsAlgoTests.LinkedListPageTest" name="validCodeTryEditorOperationsInStack" time="2.194"/>
  <testcase classname="dsAlgoTests.ArrayPageTest" name="practiseQtnsArraysInPython" time="0.929"/>
  <testcase classname="dsAlgoTests.QueuePageTest" name="practiseQtnsImplOfQueue" time="11.097">
    <failure type="java.lang.AssertionError" message="No Practise Questions found expected [true] but found [false]">
      <![CDATA[java.lang.AssertionError: No Practise Questions found expected [true] but found [false]
at dsAlgoTests.QueuePageTest.practiseQtnsImplOfQueue(QueuePageTest.java:89)
at java.base/java.util.ArrayList.forEach(ArrayList.java:1596)
at java.base/java.util.concurrent.FutureTask.run(FutureTask.java:317)
at java.base/java.util.concurrent.ThreadPoolExecutor.runWorker(ThreadPoolExecutor.java:1144)
at java.base/java.util.concurrent.ThreadPoolExecutor$Worker.run(ThreadPoolExecutor.java:642)
at java.base/java.lang.Thread.run(Thread.java:1583)
... Removed 18 stack frames]]>
    </failure>
  </testcase> <!-- practiseQtnsImplOfQueue -->
  <testcase classname="dsAlgoTests.StackPageTest" name="practiseQtnsOperationsInStack" time="10.907">
    <failure type="java.lang.AssertionError" message="No Practise Questions found expected [true] but found [false]">
      <![CDATA[java.lang.AssertionError: No Practise Questions found expected [true] but found [false]
at dsAlgoTests.StackPageTest.practiseQtnsOperationsInStack(StackPageTest.java:86)
at java.base/java.util.ArrayList.forEach(ArrayList.java:1596)
at java.base/java.util.concurrent.FutureTask.run(FutureTask.java:317)
at java.base/java.util.concurrent.ThreadPoolExecutor.runWorker(ThreadPoolExecutor.java:1144)
at java.base/java.util.concurrent.ThreadPoolExecutor$Worker.run(ThreadPoolExecutor.java:642)
at java.base/java.lang.Thread.run(Thread.java:1583)
... Removed 18 stack frames]]>
    </failure>
  </testcase> <!-- practiseQtnsOperationsInStack -->
  <testcase classname="dsAlgoTests.LinkedListPageTest" name="practiseQtnsIntroduction" time="11.455">
    <failure type="java.lang.AssertionError" message="No Practise Questions found expected [true] but found [false]">
      <![CDATA[java.lang.AssertionError: No Practise Questions found expected [true] but found [false]
at dsAlgoTests.LinkedListPageTest.practiseQtnsIntroduction(LinkedListPageTest.java:88)
at java.base/java.util.ArrayList.forEach(ArrayList.java:1596)
at java.base/java.util.concurrent.FutureTask.run(FutureTask.java:317)
at java.base/java.util.concurrent.ThreadPoolExecutor.runWorker(ThreadPoolExecutor.java:1144)
at java.base/java.util.concurrent.ThreadPoolExecutor$Worker.run(ThreadPoolExecutor.java:642)
at java.base/java.lang.Thread.run(Thread.java:1583)
... Removed 18 stack frames]]>
    </failure>
  </testcase> <!-- practiseQtnsIntroduction -->
  <testcase classname="dsAlgoTests.ArrayPageTest" name="searchTheArrayQtn" time="1.918"/>
  <testcase classname="dsAlgoTests.QueuePageTest" name="userInImplUsingCollections" time="0.565"/>
  <testcase classname="dsAlgoTests.StackPageTest" name="userInImplementation" time="0.744"/>
  <testcase classname="dsAlgoTests.LinkedListPageTest" name="userInCreatinglinkdlst" time="0.945"/>
  <testcase classname="dsAlgoTests.ArrayPageTest" name="runInvalidCodeSearchTheArray" time="2.614"/>
  <testcase classname="dsAlgoTests.ArrayPageTest" name="runInvalidCodeSearchTheArray" time="2.196"/>
  <testcase classname="dsAlgoTests.QueuePageTest" name="userInTryEditorImplUsingCollections" time="1.382"/>
  <testcase classname="dsAlgoTests.StackPageTest" name="userInTryEditorImplementation" time="1.501"/>
  <testcase classname="dsAlgoTests.LinkedListPageTest" name="userInTryEditorCreatinglinkdlst" time="1.699"/>
  <testcase classname="dsAlgoTests.ArrayPageTest" name="runValidCodeSearchTheArray" time="2.933"/>
  <testcase classname="dsAlgoTests.QueuePageTest" name="inValidCodeTryEditorImplUsingCollections" time="4.307">
    <skipped/>
  </testcase> <!-- inValidCodeTryEditorImplUsingCollections -->
  <testcase classname="dsAlgoTests.QueuePageTest" name="inValidCodeTryEditorImplUsingCollections" time="1.971">
    <skipped/>
  </testcase> <!-- inValidCodeTryEditorImplUsingCollections -->
  <testcase classname="dsAlgoTests.QueuePageTest" name="inValidCodeTryEditorImplUsingCollections" time="1.474">
    <failure type="java.lang.AssertionError" message="expected [true] but found [false]">
      <![CDATA[java.lang.AssertionError: expected [true] but found [false]
at dsAlgoTests.QueuePageTest.inValidCodeTryEditorImplUsingCollections(QueuePageTest.java:121)
at java.base/java.util.ArrayList.forEach(ArrayList.java:1596)
at java.base/java.util.concurrent.FutureTask.run(FutureTask.java:317)
at java.base/java.util.concurrent.ThreadPoolExecutor.runWorker(ThreadPoolExecutor.java:1144)
at java.base/java.util.concurrent.ThreadPoolExecutor$Worker.run(ThreadPoolExecutor.java:642)
at java.base/java.lang.Thread.run(Thread.java:1583)
... Removed 19 stack frames]]>
    </failure>
  </testcase> <!-- inValidCodeTryEditorImplUsingCollections -->
  <testcase classname="dsAlgoTests.QueuePageTest" name="inValidCodeTryEditorImplUsingCollections" time="2.113"/>
  <testcase classname="dsAlgoTests.QueuePageTest" name="inValidCodeTryEditorImplUsingCollections" time="1.555"/>
  <testcase classname="dsAlgoTests.StackPageTest" name="inValidCodeTryEditorImplementation" time="2.364">
    <skipped/>
  </testcase> <!-- inValidCodeTryEditorImplementation -->
  <testcase classname="dsAlgoTests.StackPageTest" name="inValidCodeTryEditorImplementation" time="1.854">
    <skipped/>
  </testcase> <!-- inValidCodeTryEditorImplementation -->
  <testcase classname="dsAlgoTests.StackPageTest" name="inValidCodeTryEditorImplementation" time="1.943">
    <failure type="java.lang.AssertionError" message="expected [true] but found [false]">
      <![CDATA[java.lang.AssertionError: expected [true] but found [false]
at dsAlgoTests.StackPageTest.inValidCodeTryEditorImplementation(StackPageTest.java:116)
at java.base/java.util.ArrayList.forEach(ArrayList.java:1596)
at java.base/java.util.concurrent.FutureTask.run(FutureTask.java:317)
at java.base/java.util.concurrent.ThreadPoolExecutor.runWorker(ThreadPoolExecutor.java:1144)
at java.base/java.util.concurrent.ThreadPoolExecutor$Worker.run(ThreadPoolExecutor.java:642)
at java.base/java.lang.Thread.run(Thread.java:1583)
... Removed 19 stack frames]]>
    </failure>
  </testcase> <!-- inValidCodeTryEditorImplementation -->
  <testcase classname="dsAlgoTests.StackPageTest" name="inValidCodeTryEditorImplementation" time="1.436"/>
  <testcase classname="dsAlgoTests.StackPageTest" name="inValidCodeTryEditorImplementation" time="2.102"/>
  <testcase classname="dsAlgoTests.LinkedListPageTest" name="inValidCodeTryEditorImplementation" time="1.725">
    <skipped/>
  </testcase> <!-- inValidCodeTryEditorImplementation -->
  <testcase classname="dsAlgoTests.LinkedListPageTest" name="inValidCodeTryEditorImplementation" time="1.853">
    <skipped/>
  </testcase> <!-- inValidCodeTryEditorImplementation -->
  <testcase classname="dsAlgoTests.LinkedListPageTest" name="inValidCodeTryEditorImplementation" time="2.448">
    <failure type="java.lang.AssertionError" message="expected [true] but found [false]">
      <![CDATA[java.lang.AssertionError: expected [true] but found [false]
at dsAlgoTests.LinkedListPageTest.inValidCodeTryEditorImplementation(LinkedListPageTest.java:118)
at java.base/java.util.ArrayList.forEach(ArrayList.java:1596)
at java.base/java.util.concurrent.FutureTask.run(FutureTask.java:317)
at java.base/java.util.concurrent.ThreadPoolExecutor.runWorker(ThreadPoolExecutor.java:1144)
at java.base/java.util.concurrent.ThreadPoolExecutor$Worker.run(ThreadPoolExecutor.java:642)
at java.base/java.lang.Thread.run(Thread.java:1583)
... Removed 19 stack frames]]>
    </failure>
  </testcase> <!-- inValidCodeTryEditorImplementation -->
  <testcase classname="dsAlgoTests.LinkedListPageTest" name="inValidCodeTryEditorImplementation" time="2.032"/>
  <testcase classname="dsAlgoTests.LinkedListPageTest" name="inValidCodeTryEditorImplementation" time="1.911"/>
  <testcase classname="dsAlgoTests.ArrayPageTest" name="submitInvalidCodeSearchTheArray" time="2.942"/>
  <testcase classname="dsAlgoTests.ArrayPageTest" name="submitInvalidCodeSearchTheArray" time="2.753"/>
  <testcase classname="dsAlgoTests.QueuePageTest" name="validCodeTryEditorImplUsingCollections" time="2.324"/>
  <testcase classname="dsAlgoTests.StackPageTest" name="validCodeTryEditor" time="1.692"/>
  <testcase classname="dsAlgoTests.LinkedListPageTest" name="validCodeTryEditor" time="1.868"/>
  <testcase classname="dsAlgoTests.ArrayPageTest" name="submitValidCodeSearchTheArray" time="2.346">
    <skipped/>
  </testcase> <!-- submitValidCodeSearchTheArray -->
  <testcase classname="dsAlgoTests.ArrayPageTest" name="submitValidCodeSearchTheArray" time="2.634">
    <skipped/>
  </testcase> <!-- submitValidCodeSearchTheArray -->
  <testcase classname="dsAlgoTests.ArrayPageTest" name="submitValidCodeSearchTheArray" time="3.268">
    <failure type="java.lang.AssertionError" message="expected [Submission Successful] but found [ Some Tests failed. Please review code]">
      <![CDATA[java.lang.AssertionError: expected [Submission Successful] but found [ Some Tests failed. Please review code]
at dsAlgoTests.ArrayPageTest.submitValidCodeSearchTheArray(ArrayPageTest.java:146)
at java.base/java.util.ArrayList.forEach(ArrayList.java:1596)
at java.base/java.util.concurrent.FutureTask.run(FutureTask.java:317)
at java.base/java.util.concurrent.ThreadPoolExecutor.runWorker(ThreadPoolExecutor.java:1144)
at java.base/java.util.concurrent.ThreadPoolExecutor$Worker.run(ThreadPoolExecutor.java:642)
at java.base/java.lang.Thread.run(Thread.java:1583)
... Removed 21 stack frames]]>
    </failure>
  </testcase> <!-- submitValidCodeSearchTheArray -->
  <testcase classname="dsAlgoTests.QueuePageTest" name="practiseQtnsImplUsingCollections" time="10.866">
    <failure type="java.lang.AssertionError" message="No Practise Questions found expected [true] but found [false]">
      <![CDATA[java.lang.AssertionError: No Practise Questions found expected [true] but found [false]
at dsAlgoTests.QueuePageTest.practiseQtnsImplUsingCollections(QueuePageTest.java:142)
at java.base/java.util.ArrayList.forEach(ArrayList.java:1596)
at java.base/java.util.concurrent.FutureTask.run(FutureTask.java:317)
at java.base/java.util.concurrent.ThreadPoolExecutor.runWorker(ThreadPoolExecutor.java:1144)
at java.base/java.util.concurrent.ThreadPoolExecutor$Worker.run(ThreadPoolExecutor.java:642)
at java.base/java.lang.Thread.run(Thread.java:1583)
... Removed 18 stack frames]]>
    </failure>
  </testcase> <!-- practiseQtnsImplUsingCollections -->
  <testcase classname="dsAlgoTests.StackPageTest" name="practiseQtnsImplementation" time="10.787">
    <failure type="java.lang.AssertionError" message="No Practise Questions found expected [true] but found [false]">
      <![CDATA[java.lang.AssertionError: No Practise Questions found expected [true] but found [false]
at dsAlgoTests.StackPageTest.practiseQtnsImplementation(StackPageTest.java:136)
at java.base/java.util.ArrayList.forEach(ArrayList.java:1596)
at java.base/java.util.concurrent.FutureTask.run(FutureTask.java:317)
at java.base/java.util.concurrent.ThreadPoolExecutor.runWorker(ThreadPoolExecutor.java:1144)
at java.base/java.util.concurrent.ThreadPoolExecutor$Worker.run(ThreadPoolExecutor.java:642)
at java.base/java.lang.Thread.run(Thread.java:1583)
... Removed 18 stack frames]]>
    </failure>
  </testcase> <!-- practiseQtnsImplementation -->
  <testcase classname="dsAlgoTests.LinkedListPageTest" name="x" time="12.045">
    <failure type="java.lang.AssertionError" message="No Practise Questions found expected [true] but found [false]">
      <![CDATA[java.lang.AssertionError: No Practise Questions found expected [true] but found [false]
at dsAlgoTests.LinkedListPageTest.x(LinkedListPageTest.java:138)
at java.base/java.util.ArrayList.forEach(ArrayList.java:1596)
at java.base/java.util.concurrent.FutureTask.run(FutureTask.java:317)
at java.base/java.util.concurrent.ThreadPoolExecutor.runWorker(ThreadPoolExecutor.java:1144)
at java.base/java.util.concurrent.ThreadPoolExecutor$Worker.run(ThreadPoolExecutor.java:642)
at java.base/java.lang.Thread.run(Thread.java:1583)
... Removed 18 stack frames]]>
    </failure>
  </testcase> <!-- x -->
  <testcase classname="dsAlgoTests.ArrayPageTest" name="maxConOnesQtn" time="1.9"/>
  <testcase classname="dsAlgoTests.QueuePageTest" name="userInImplUsingArray" time="0.912"/>
  <testcase classname="dsAlgoTests.StackPageTest" name="userInApplications" time="0.535"/>
  <testcase classname="dsAlgoTests.LinkedListPageTest" name="userInImplmntLnkdLstInPython" time="0.882"/>
  <testcase classname="dsAlgoTests.ArrayPageTest" name="runInvalidCodeMaxConOnes" time="3.073"/>
  <testcase classname="dsAlgoTests.ArrayPageTest" name="runInvalidCodeMaxConOnes" time="2.117"/>
  <testcase classname="dsAlgoTests.QueuePageTest" name="userInTryEditorImplUsingArray" time="1.28"/>
  <testcase classname="dsAlgoTests.StackPageTest" name="userInTryEditorApplications" time="2.542"/>
  <testcase classname="dsAlgoTests.LinkedListPageTest" name="userInTryEditorImplmntLinkdLstInPython" time="1.569"/>
  <testcase classname="dsAlgoTests.ArrayPageTest" name="runValidCodeMaxConOnes" time="2.642"/>
  <testcase classname="dsAlgoTests.QueuePageTest" name="inValidCodeTryEditorImplUsingArray" time="1.522">
    <skipped/>
  </testcase> <!-- inValidCodeTryEditorImplUsingArray -->
  <testcase classname="dsAlgoTests.QueuePageTest" name="inValidCodeTryEditorImplUsingArray" time="2.007">
    <skipped/>
  </testcase> <!-- inValidCodeTryEditorImplUsingArray -->
  <testcase classname="dsAlgoTests.QueuePageTest" name="inValidCodeTryEditorImplUsingArray" time="1.583">
    <failure type="java.lang.AssertionError" message="expected [true] but found [false]">
      <![CDATA[java.lang.AssertionError: expected [true] but found [false]
at dsAlgoTests.QueuePageTest.inValidCodeTryEditorImplUsingArray(QueuePageTest.java:173)
at java.base/java.util.ArrayList.forEach(ArrayList.java:1596)
at java.base/java.util.concurrent.FutureTask.run(FutureTask.java:317)
at java.base/java.util.concurrent.ThreadPoolExecutor.runWorker(ThreadPoolExecutor.java:1144)
at java.base/java.util.concurrent.ThreadPoolExecutor$Worker.run(ThreadPoolExecutor.java:642)
at java.base/java.lang.Thread.run(Thread.java:1583)
... Removed 19 stack frames]]>
    </failure>
  </testcase> <!-- inValidCodeTryEditorImplUsingArray -->
  <testcase classname="dsAlgoTests.QueuePageTest" name="inValidCodeTryEditorImplUsingArray" time="1.927"/>
  <testcase classname="dsAlgoTests.QueuePageTest" name="inValidCodeTryEditorImplUsingArray" time="1.383"/>
  <testcase classname="dsAlgoTests.StackPageTest" name="inValidCodeTryEditorApplications" time="1.658">
    <skipped/>
  </testcase> <!-- inValidCodeTryEditorApplications -->
  <testcase classname="dsAlgoTests.StackPageTest" name="inValidCodeTryEditorApplications" time="2.121">
    <skipped/>
  </testcase> <!-- inValidCodeTryEditorApplications -->
  <testcase classname="dsAlgoTests.StackPageTest" name="inValidCodeTryEditorApplications" time="1.659">
    <failure type="java.lang.AssertionError" message="expected [true] but found [false]">
      <![CDATA[java.lang.AssertionError: expected [true] but found [false]
at dsAlgoTests.StackPageTest.inValidCodeTryEditorApplications(StackPageTest.java:166)
at java.base/java.util.ArrayList.forEach(ArrayList.java:1596)
at java.base/java.util.concurrent.FutureTask.run(FutureTask.java:317)
at java.base/java.util.concurrent.ThreadPoolExecutor.runWorker(ThreadPoolExecutor.java:1144)
at java.base/java.util.concurrent.ThreadPoolExecutor$Worker.run(ThreadPoolExecutor.java:642)
at java.base/java.lang.Thread.run(Thread.java:1583)
... Removed 19 stack frames]]>
    </failure>
  </testcase> <!-- inValidCodeTryEditorApplications -->
  <testcase classname="dsAlgoTests.StackPageTest" name="inValidCodeTryEditorApplications" time="1.875"/>
  <testcase classname="dsAlgoTests.StackPageTest" name="inValidCodeTryEditorApplications" time="2.038"/>
  <testcase classname="dsAlgoTests.LinkedListPageTest" name="inValidCodeTryEditorImplmntLinkdLstInPython" time="1.546">
    <skipped/>
  </testcase> <!-- inValidCodeTryEditorImplmntLinkdLstInPython -->
  <testcase classname="dsAlgoTests.LinkedListPageTest" name="inValidCodeTryEditorImplmntLinkdLstInPython" time="1.644">
    <skipped/>
  </testcase> <!-- inValidCodeTryEditorImplmntLinkdLstInPython -->
  <testcase classname="dsAlgoTests.LinkedListPageTest" name="inValidCodeTryEditorImplmntLinkdLstInPython" time="2.772">
    <failure type="java.lang.AssertionError" message="expected [true] but found [false]">
      <![CDATA[java.lang.AssertionError: expected [true] but found [false]
at dsAlgoTests.LinkedListPageTest.inValidCodeTryEditorImplmntLinkdLstInPython(LinkedListPageTest.java:168)
at java.base/java.util.ArrayList.forEach(ArrayList.java:1596)
at java.base/java.util.concurrent.FutureTask.run(FutureTask.java:317)
at java.base/java.util.concurrent.ThreadPoolExecutor.runWorker(ThreadPoolExecutor.java:1144)
at java.base/java.util.concurrent.ThreadPoolExecutor$Worker.run(ThreadPoolExecutor.java:642)
at java.base/java.lang.Thread.run(Thread.java:1583)
... Removed 19 stack frames]]>
    </failure>
  </testcase> <!-- inValidCodeTryEditorImplmntLinkdLstInPython -->
  <testcase classname="dsAlgoTests.LinkedListPageTest" name="inValidCodeTryEditorImplmntLinkdLstInPython" time="2.181"/>
  <testcase classname="dsAlgoTests.LinkedListPageTest" name="inValidCodeTryEditorImplmntLinkdLstInPython" time="1.331"/>
  <testcase classname="dsAlgoTests.ArrayPageTest" name="submitInvalidCodeMaxConOnes" time="2.393"/>
  <testcase classname="dsAlgoTests.ArrayPageTest" name="submitInvalidCodeMaxConOnes" time="2.266"/>
  <testcase classname="dsAlgoTests.QueuePageTest" name="validCodeTryEditorImplUsingArray" time="2.351"/>
  <testcase classname="dsAlgoTests.StackPageTest" name="validCodeTryEditorApplications" time="1.758"/>
  <testcase classname="dsAlgoTests.LinkedListPageTest" name="validCodeTryEditorImplmntLinkdLstInPython" time="2.229"/>
  <testcase classname="dsAlgoTests.ArrayPageTest" name="submitValidCodeMaxConOnes" time="2.432">
    <skipped/>
  </testcase> <!-- submitValidCodeMaxConOnes -->
  <testcase classname="dsAlgoTests.ArrayPageTest" name="submitValidCodeMaxConOnes" time="3.255">
    <skipped/>
  </testcase> <!-- submitValidCodeMaxConOnes -->
  <testcase classname="dsAlgoTests.ArrayPageTest" name="submitValidCodeMaxConOnes" time="2.694">
    <failure type="java.lang.AssertionError" message="expected [Submission Successful] but found [ Some Tests failed. Please review code]">
      <![CDATA[java.lang.AssertionError: expected [Submission Successful] but found [ Some Tests failed. Please review code]
at dsAlgoTests.ArrayPageTest.submitValidCodeMaxConOnes(ArrayPageTest.java:208)
at java.base/java.util.ArrayList.forEach(ArrayList.java:1596)
at java.base/java.util.concurrent.FutureTask.run(FutureTask.java:317)
at java.base/java.util.concurrent.ThreadPoolExecutor.runWorker(ThreadPoolExecutor.java:1144)
at java.base/java.util.concurrent.ThreadPoolExecutor$Worker.run(ThreadPoolExecutor.java:642)
at java.base/java.lang.Thread.run(Thread.java:1583)
... Removed 21 stack frames]]>
    </failure>
  </testcase> <!-- submitValidCodeMaxConOnes -->
  <testcase classname="dsAlgoTests.QueuePageTest" name="practiseQtnsImplUsingArray" time="10.964">
    <failure type="java.lang.AssertionError" message="No Practise Questions found expected [true] but found [false]">
      <![CDATA[java.lang.AssertionError: No Practise Questions found expected [true] but found [false]
at dsAlgoTests.QueuePageTest.practiseQtnsImplUsingArray(QueuePageTest.java:193)
at java.base/java.util.ArrayList.forEach(ArrayList.java:1596)
at java.base/java.util.concurrent.FutureTask.run(FutureTask.java:317)
at java.base/java.util.concurrent.ThreadPoolExecutor.runWorker(ThreadPoolExecutor.java:1144)
at java.base/java.util.concurrent.ThreadPoolExecutor$Worker.run(ThreadPoolExecutor.java:642)
at java.base/java.lang.Thread.run(Thread.java:1583)
... Removed 18 stack frames]]>
    </failure>
  </testcase> <!-- practiseQtnsImplUsingArray -->
  <testcase classname="dsAlgoTests.StackPageTest" name="practiseQtnsApplications" time="10.765">
    <failure type="java.lang.AssertionError" message="No Practise Questions found expected [true] but found [false]">
      <![CDATA[java.lang.AssertionError: No Practise Questions found expected [true] but found [false]
at dsAlgoTests.StackPageTest.practiseQtnsApplications(StackPageTest.java:186)
at java.base/java.util.ArrayList.forEach(ArrayList.java:1596)
at java.base/java.util.concurrent.FutureTask.run(FutureTask.java:317)
at java.base/java.util.concurrent.ThreadPoolExecutor.runWorker(ThreadPoolExecutor.java:1144)
at java.base/java.util.concurrent.ThreadPoolExecutor$Worker.run(ThreadPoolExecutor.java:642)
at java.base/java.lang.Thread.run(Thread.java:1583)
... Removed 18 stack frames]]>
    </failure>
  </testcase> <!-- practiseQtnsApplications -->
  <testcase classname="dsAlgoTests.LinkedListPageTest" name="practiseQtnsImplmntLinkdLstInPython" time="11.067">
    <failure type="java.lang.AssertionError" message="No Practise Questions found expected [true] but found [false]">
      <![CDATA[java.lang.AssertionError: No Practise Questions found expected [true] but found [false]
at dsAlgoTests.LinkedListPageTest.practiseQtnsImplmntLinkdLstInPython(LinkedListPageTest.java:188)
at java.base/java.util.ArrayList.forEach(ArrayList.java:1596)
at java.base/java.util.concurrent.FutureTask.run(FutureTask.java:317)
at java.base/java.util.concurrent.ThreadPoolExecutor.runWorker(ThreadPoolExecutor.java:1144)
at java.base/java.util.concurrent.ThreadPoolExecutor$Worker.run(ThreadPoolExecutor.java:642)
at java.base/java.lang.Thread.run(Thread.java:1583)
... Removed 18 stack frames]]>
    </failure>
  </testcase> <!-- practiseQtnsImplmntLinkdLstInPython -->
  <testcase classname="dsAlgoTests.ArrayPageTest" name="findEvenNumberQtn" time="1.508"/>
  <testcase classname="dsAlgoTests.QueuePageTest" name="userInQueueOperation" time="0.77"/>
  <testcase classname="dsAlgoTests.LinkedListPageTest" name="userInInsertion" time="0.55"/>
  <testcase classname="dsAlgoTests.ArrayPageTest" name="runInvalidCodeFindEvenNumber" time="2.606"/>
  <testcase classname="dsAlgoTests.ArrayPageTest" name="runInvalidCodeFindEvenNumber" time="2.507"/>
  <testcase classname="dsAlgoTests.QueuePageTest" name="userInTryEditorQueueOperation" time="1.434"/>
  <testcase classname="dsAlgoTests.LinkedListPageTest" name="userInTryEditorInsertion" time="1.52"/>
  <testcase classname="dsAlgoTests.ArrayPageTest" name="runValidFindEvenNumber" time="2.153"/>
  <testcase classname="dsAlgoTests.QueuePageTest" name="inValidCodeTryEditorQueueOperation" time="2.003">
    <skipped/>
  </testcase> <!-- inValidCodeTryEditorQueueOperation -->
  <testcase classname="dsAlgoTests.QueuePageTest" name="inValidCodeTryEditorQueueOperation" time="2.653">
    <skipped/>
  </testcase> <!-- inValidCodeTryEditorQueueOperation -->
  <testcase classname="dsAlgoTests.QueuePageTest" name="inValidCodeTryEditorQueueOperation" time="1.616">
    <failure type="java.lang.AssertionError" message="expected [true] but found [false]">
      <![CDATA[java.lang.AssertionError: expected [true] but found [false]
at dsAlgoTests.QueuePageTest.inValidCodeTryEditorQueueOperation(QueuePageTest.java:224)
at java.base/java.util.ArrayList.forEach(ArrayList.java:1596)
at java.base/java.util.concurrent.FutureTask.run(FutureTask.java:317)
at java.base/java.util.concurrent.ThreadPoolExecutor.runWorker(ThreadPoolExecutor.java:1144)
at java.base/java.util.concurrent.ThreadPoolExecutor$Worker.run(ThreadPoolExecutor.java:642)
at java.base/java.lang.Thread.run(Thread.java:1583)
... Removed 19 stack frames]]>
    </failure>
  </testcase> <!-- inValidCodeTryEditorQueueOperation -->
  <testcase classname="dsAlgoTests.QueuePageTest" name="inValidCodeTryEditorQueueOperation" time="1.696"/>
  <testcase classname="dsAlgoTests.QueuePageTest" name="inValidCodeTryEditorQueueOperation" time="1.591"/>
  <testcase classname="dsAlgoTests.LinkedListPageTest" name="inValidCodeTryEditorInsertion" time="2.152">
    <skipped/>
  </testcase> <!-- inValidCodeTryEditorInsertion -->
  <testcase classname="dsAlgoTests.LinkedListPageTest" name="inValidCodeTryEditorInsertion" time="2.902">
    <skipped/>
  </testcase> <!-- inValidCodeTryEditorInsertion -->
  <testcase classname="dsAlgoTests.LinkedListPageTest" name="inValidCodeTryEditorInsertion" time="1.569">
    <failure type="java.lang.AssertionError" message="expected [true] but found [false]">
      <![CDATA[java.lang.AssertionError: expected [true] but found [false]
at dsAlgoTests.LinkedListPageTest.inValidCodeTryEditorInsertion(LinkedListPageTest.java:219)
at java.base/java.util.ArrayList.forEach(ArrayList.java:1596)
at java.base/java.util.concurrent.FutureTask.run(FutureTask.java:317)
at java.base/java.util.concurrent.ThreadPoolExecutor.runWorker(ThreadPoolExecutor.java:1144)
at java.base/java.util.concurrent.ThreadPoolExecutor$Worker.run(ThreadPoolExecutor.java:642)
at java.base/java.lang.Thread.run(Thread.java:1583)
... Removed 19 stack frames]]>
    </failure>
  </testcase> <!-- inValidCodeTryEditorInsertion -->
  <testcase classname="dsAlgoTests.LinkedListPageTest" name="inValidCodeTryEditorInsertion" time="1.456"/>
  <testcase classname="dsAlgoTests.LinkedListPageTest" name="inValidCodeTryEditorInsertion" time="1.425"/>
  <testcase classname="dsAlgoTests.ArrayPageTest" name="submitInvalidCodeFindEvenNumber" time="2.738"/>
  <testcase classname="dsAlgoTests.ArrayPageTest" name="submitInvalidCodeFindEvenNumber" time="2.699"/>
  <testcase classname="dsAlgoTests.QueuePageTest" name="validCodeTryEditorQueueOperation" time="1.492"/>
  <testcase classname="dsAlgoTests.LinkedListPageTest" name="validCodeTryEditorInsertion" time="1.542"/>
  <testcase classname="dsAlgoTests.ArrayPageTest" name="submitValidCodeFindEvenNumber" time="2.295"/>
  <testcase classname="dsAlgoTests.QueuePageTest" name="practiseQtnsQueueOperation" time="10.803">
    <failure type="java.lang.AssertionError" message="No Practise Questions found expected [true] but found [false]">
      <![CDATA[java.lang.AssertionError: No Practise Questions found expected [true] but found [false]
at dsAlgoTests.QueuePageTest.practiseQtnsQueueOperation(QueuePageTest.java:244)
at java.base/java.util.ArrayList.forEach(ArrayList.java:1596)
at java.base/java.util.concurrent.FutureTask.run(FutureTask.java:317)
at java.base/java.util.concurrent.ThreadPoolExecutor.runWorker(ThreadPoolExecutor.java:1144)
at java.base/java.util.concurrent.ThreadPoolExecutor$Worker.run(ThreadPoolExecutor.java:642)
at java.base/java.lang.Thread.run(Thread.java:1583)
... Removed 18 stack frames]]>
    </failure>
  </testcase> <!-- practiseQtnsQueueOperation -->
  <testcase classname="dsAlgoTests.LinkedListPageTest" name="practiseQtnsInsertion" time="10.794">
    <failure type="java.lang.AssertionError" message="No Practise Questions found expected [true] but found [false]">
      <![CDATA[java.lang.AssertionError: No Practise Questions found expected [true] but found [false]
at dsAlgoTests.LinkedListPageTest.practiseQtnsInsertion(LinkedListPageTest.java:239)
at java.base/java.util.ArrayList.forEach(ArrayList.java:1596)
at java.base/java.util.concurrent.FutureTask.run(FutureTask.java:317)
at java.base/java.util.concurrent.ThreadPoolExecutor.runWorker(ThreadPoolExecutor.java:1144)
at java.base/java.util.concurrent.ThreadPoolExecutor$Worker.run(ThreadPoolExecutor.java:642)
at java.base/java.lang.Thread.run(Thread.java:1583)
... Removed 18 stack frames]]>
    </failure>
  </testcase> <!-- practiseQtnsInsertion -->
  <testcase classname="dsAlgoTests.ArrayPageTest" name="sqrsOfSortedArrayQtn" time="1.692"/>
  <testcase classname="dsAlgoTests.LinkedListPageTest" name="userInDeletion" time="0.549"/>
  <testcase classname="dsAlgoTests.ArrayPageTest" name="runInvalidCodeSqrsOfSortedArrayQtn" time="1.71"/>
  <testcase classname="dsAlgoTests.ArrayPageTest" name="runInvalidCodeSqrsOfSortedArrayQtn" time="1.791"/>
  <testcase classname="dsAlgoTests.LinkedListPageTest" name="userInTryEditorDeletion" time="1.329"/>
  <testcase classname="dsAlgoTests.ArrayPageTest" name="runValidSqrsOfSortedArrayQtn" time="1.952"/>
  <testcase classname="dsAlgoTests.LinkedListPageTest" name="inValidCodeTryEditorDeletion" time="1.611">
    <skipped/>
  </testcase> <!-- inValidCodeTryEditorDeletion -->
  <testcase classname="dsAlgoTests.LinkedListPageTest" name="inValidCodeTryEditorDeletion" time="1.522">
    <skipped/>
  </testcase> <!-- inValidCodeTryEditorDeletion -->
  <testcase classname="dsAlgoTests.LinkedListPageTest" name="inValidCodeTryEditorDeletion" time="1.627">
    <failure type="java.lang.AssertionError" message="expected [true] but found [false]">
      <![CDATA[java.lang.AssertionError: expected [true] but found [false]
at dsAlgoTests.LinkedListPageTest.inValidCodeTryEditorDeletion(LinkedListPageTest.java:269)
at java.base/java.util.ArrayList.forEach(ArrayList.java:1596)
at java.base/java.util.concurrent.FutureTask.run(FutureTask.java:317)
at java.base/java.util.concurrent.ThreadPoolExecutor.runWorker(ThreadPoolExecutor.java:1144)
at java.base/java.util.concurrent.ThreadPoolExecutor$Worker.run(ThreadPoolExecutor.java:642)
at java.base/java.lang.Thread.run(Thread.java:1583)
... Removed 19 stack frames]]>
    </failure>
  </testcase> <!-- inValidCodeTryEditorDeletion -->
  <testcase classname="dsAlgoTests.LinkedListPageTest" name="inValidCodeTryEditorDeletion" time="1.48"/>
  <testcase classname="dsAlgoTests.LinkedListPageTest" name="inValidCodeTryEditorDeletion" time="1.409"/>
  <testcase classname="dsAlgoTests.ArrayPageTest" name="submitInvalidCodeSqrsOfSortedArrayQtn" time="2.263">
    <skipped/>
  </testcase> <!-- submitInvalidCodeSqrsOfSortedArrayQtn -->
  <testcase classname="dsAlgoTests.ArrayPageTest" name="submitInvalidCodeSqrsOfSortedArrayQtn" time="2.318">
    <skipped/>
  </testcase> <!-- submitInvalidCodeSqrsOfSortedArrayQtn -->
  <testcase classname="dsAlgoTests.ArrayPageTest" name="submitInvalidCodeSqrsOfSortedArrayQtn" time="2.294">
    <failure type="java.lang.AssertionError" message="expected [Error occurred during submission] but found [ No tests were collected]">
      <![CDATA[java.lang.AssertionError: expected [Error occurred during submission] but found [ No tests were collected]
at dsAlgoTests.ArrayPageTest.submitInvalidCodeSqrsOfSortedArrayQtn(ArrayPageTest.java:321)
at java.base/java.util.ArrayList.forEach(ArrayList.java:1596)
at java.base/java.util.concurrent.FutureTask.run(FutureTask.java:317)
at java.base/java.util.concurrent.ThreadPoolExecutor.runWorker(ThreadPoolExecutor.java:1144)
at java.base/java.util.concurrent.ThreadPoolExecutor$Worker.run(ThreadPoolExecutor.java:642)
at java.base/java.lang.Thread.run(Thread.java:1583)
... Removed 21 stack frames]]>
    </failure>
  </testcase> <!-- submitInvalidCodeSqrsOfSortedArrayQtn -->
  <testcase classname="dsAlgoTests.ArrayPageTest" name="submitInvalidCodeSqrsOfSortedArrayQtn" time="2.305">
    <skipped/>
  </testcase> <!-- submitInvalidCodeSqrsOfSortedArrayQtn -->
  <testcase classname="dsAlgoTests.ArrayPageTest" name="submitInvalidCodeSqrsOfSortedArrayQtn" time="2.421">
    <skipped/>
  </testcase> <!-- submitInvalidCodeSqrsOfSortedArrayQtn -->
  <testcase classname="dsAlgoTests.ArrayPageTest" name="submitInvalidCodeSqrsOfSortedArrayQtn" time="2.435">
    <failure type="java.lang.AssertionError" message="expected [Error occurred during submission] but found [ No tests were collected]">
      <![CDATA[java.lang.AssertionError: expected [Error occurred during submission] but found [ No tests were collected]
at dsAlgoTests.ArrayPageTest.submitInvalidCodeSqrsOfSortedArrayQtn(ArrayPageTest.java:321)
at java.base/java.util.ArrayList.forEach(ArrayList.java:1596)
at java.base/java.util.concurrent.FutureTask.run(FutureTask.java:317)
at java.base/java.util.concurrent.ThreadPoolExecutor.runWorker(ThreadPoolExecutor.java:1144)
at java.base/java.util.concurrent.ThreadPoolExecutor$Worker.run(ThreadPoolExecutor.java:642)
at java.base/java.lang.Thread.run(Thread.java:1583)
... Removed 21 stack frames]]>
    </failure>
  </testcase> <!-- submitInvalidCodeSqrsOfSortedArrayQtn -->
  <testcase classname="dsAlgoTests.LinkedListPageTest" name="validCodeTryEditorDeletion" time="1.64"/>
  <testcase classname="dsAlgoTests.ArrayPageTest" name="submitValidCodeSqrsOfSortedArrayQtn" time="2.482">
    <skipped/>
  </testcase> <!-- submitValidCodeSqrsOfSortedArrayQtn -->
  <testcase classname="dsAlgoTests.ArrayPageTest" name="submitValidCodeSqrsOfSortedArrayQtn" time="2.386">
    <skipped/>
  </testcase> <!-- submitValidCodeSqrsOfSortedArrayQtn -->
  <testcase classname="dsAlgoTests.ArrayPageTest" name="submitValidCodeSqrsOfSortedArrayQtn" time="2.309">
    <failure type="java.lang.AssertionError" message="expected [Submission Successful] but found [ No tests were collected]">
      <![CDATA[java.lang.AssertionError: expected [Submission Successful] but found [ No tests were collected]
at dsAlgoTests.ArrayPageTest.submitValidCodeSqrsOfSortedArrayQtn(ArrayPageTest.java:334)
at java.base/java.util.ArrayList.forEach(ArrayList.java:1596)
at java.base/java.util.concurrent.FutureTask.run(FutureTask.java:317)
at java.base/java.util.concurrent.ThreadPoolExecutor.runWorker(ThreadPoolExecutor.java:1144)
at java.base/java.util.concurrent.ThreadPoolExecutor$Worker.run(ThreadPoolExecutor.java:642)
at java.base/java.lang.Thread.run(Thread.java:1583)
... Removed 21 stack frames]]>
    </failure>
  </testcase> <!-- submitValidCodeSqrsOfSortedArrayQtn -->
  <testcase classname="dsAlgoTests.LinkedListPageTest" name="practiseQtnsTraversal" time="10.884">
    <failure type="java.lang.AssertionError" message="No Practise Questions found expected [true] but found [false]">
      <![CDATA[java.lang.AssertionError: No Practise Questions found expected [true] but found [false]
at dsAlgoTests.LinkedListPageTest.practiseQtnsTraversal(LinkedListPageTest.java:289)
at java.base/java.util.ArrayList.forEach(ArrayList.java:1596)
at java.base/java.util.concurrent.FutureTask.run(FutureTask.java:317)
at java.base/java.util.concurrent.ThreadPoolExecutor.runWorker(ThreadPoolExecutor.java:1144)
at java.base/java.util.concurrent.ThreadPoolExecutor$Worker.run(ThreadPoolExecutor.java:642)
at java.base/java.lang.Thread.run(Thread.java:1583)
... Removed 18 stack frames]]>
    </failure>
  </testcase> <!-- practiseQtnsTraversal -->
  <testcase classname="dsAlgoTests.ArrayPageTest" name="userInArraysUsingList" time="0.565"/>
  <testcase classname="dsAlgoTests.ArrayPageTest" name="userInTryEditorArraysUsingList" time="1.153"/>
  <testcase classname="dsAlgoTests.ArrayPageTest" name="inValidCodeTryEditorsUsingList" time="1.354">
    <skipped/>
  </testcase> <!-- inValidCodeTryEditorsUsingList -->
  <testcase classname="dsAlgoTests.ArrayPageTest" name="inValidCodeTryEditorsUsingList" time="1.477">
    <skipped/>
  </testcase> <!-- inValidCodeTryEditorsUsingList -->
  <testcase classname="dsAlgoTests.ArrayPageTest" name="inValidCodeTryEditorsUsingList" time="1.578">
    <failure type="java.lang.AssertionError" message="expected [true] but found [false]">
      <![CDATA[java.lang.AssertionError: expected [true] but found [false]
at dsAlgoTests.ArrayPageTest.inValidCodeTryEditorsUsingList(ArrayPageTest.java:365)
at java.base/java.util.ArrayList.forEach(ArrayList.java:1596)
at java.base/java.util.concurrent.FutureTask.run(FutureTask.java:317)
at java.base/java.util.concurrent.ThreadPoolExecutor.runWorker(ThreadPoolExecutor.java:1144)
at java.base/java.util.concurrent.ThreadPoolExecutor$Worker.run(ThreadPoolExecutor.java:642)
at java.base/java.lang.Thread.run(Thread.java:1583)
... Removed 19 stack frames]]>
    </failure>
  </testcase> <!-- inValidCodeTryEditorsUsingList -->
  <testcase classname="dsAlgoTests.ArrayPageTest" name="inValidCodeTryEditorsUsingList" time="1.258"/>
  <testcase classname="dsAlgoTests.ArrayPageTest" name="inValidCodeTryEditorsUsingList" time="1.366"/>
  <testcase classname="dsAlgoTests.ArrayPageTest" name="validCodeTryEditorsUsingList" time="1.597"/>
  <testcase classname="dsAlgoTests.ArrayPageTest" name="practiseQtnsArraysUsingList" time="0.776"/>
  <testcase classname="dsAlgoTests.ArrayPageTest" name="userInBasicOprtnsInList" time="0.572"/>
  <testcase classname="dsAlgoTests.ArrayPageTest" name="userInTryEditorBasicOprtnsInList" time="1.699"/>
  <testcase classname="dsAlgoTests.ArrayPageTest" name="inValidCodeTryEditorBasicOprtnsInList" time="1.581">
    <skipped/>
  </testcase> <!-- inValidCodeTryEditorBasicOprtnsInList -->
  <testcase classname="dsAlgoTests.ArrayPageTest" name="inValidCodeTryEditorBasicOprtnsInList" time="1.66">
    <skipped/>
  </testcase> <!-- inValidCodeTryEditorBasicOprtnsInList -->
  <testcase classname="dsAlgoTests.ArrayPageTest" name="inValidCodeTryEditorBasicOprtnsInList" time="1.45">
    <failure type="java.lang.AssertionError" message="expected [true] but found [false]">
      <![CDATA[java.lang.AssertionError: expected [true] but found [false]
at dsAlgoTests.ArrayPageTest.inValidCodeTryEditorBasicOprtnsInList(ArrayPageTest.java:417)
at java.base/java.util.ArrayList.forEach(ArrayList.java:1596)
at java.base/java.util.concurrent.FutureTask.run(FutureTask.java:317)
at java.base/java.util.concurrent.ThreadPoolExecutor.runWorker(ThreadPoolExecutor.java:1144)
at java.base/java.util.concurrent.ThreadPoolExecutor$Worker.run(ThreadPoolExecutor.java:642)
at java.base/java.lang.Thread.run(Thread.java:1583)
... Removed 19 stack frames]]>
    </failure>
  </testcase> <!-- inValidCodeTryEditorBasicOprtnsInList -->
  <testcase classname="dsAlgoTests.ArrayPageTest" name="inValidCodeTryEditorBasicOprtnsInList" time="1.352"/>
  <testcase classname="dsAlgoTests.ArrayPageTest" name="inValidCodeTryEditorBasicOprtnsInList" time="1.221"/>
  <testcase classname="dsAlgoTests.ArrayPageTest" name="validCodeTryEditorBasicOprtnsInList" time="1.823"/>
  <testcase classname="dsAlgoTests.ArrayPageTest" name="practiseQtnsBasicOprtnsInList" time="0.753"/>
  <testcase classname="dsAlgoTests.ArrayPageTest" name="userInApplicationsOfArray" time="0.531"/>
  <testcase classname="dsAlgoTests.ArrayPageTest" name="userInTryEditorApplicationsOfArray" time="1.475"/>
  <testcase classname="dsAlgoTests.ArrayPageTest" name="inValidCodeTryEditorApplicationsOfArray" time="2.49">
    <skipped/>
  </testcase> <!-- inValidCodeTryEditorApplicationsOfArray -->
  <testcase classname="dsAlgoTests.ArrayPageTest" name="inValidCodeTryEditorApplicationsOfArray" time="2.315">
    <skipped/>
  </testcase> <!-- inValidCodeTryEditorApplicationsOfArray -->
  <testcase classname="dsAlgoTests.ArrayPageTest" name="inValidCodeTryEditorApplicationsOfArray" time="1.577">
    <failure type="java.lang.AssertionError" message="expected [true] but found [false]">
      <![CDATA[java.lang.AssertionError: expected [true] but found [false]
at dsAlgoTests.ArrayPageTest.inValidCodeTryEditorApplicationsOfArray(ArrayPageTest.java:469)
at java.base/java.util.ArrayList.forEach(ArrayList.java:1596)
at java.base/java.util.concurrent.FutureTask.run(FutureTask.java:317)
at java.base/java.util.concurrent.ThreadPoolExecutor.runWorker(ThreadPoolExecutor.java:1144)
at java.base/java.util.concurrent.ThreadPoolExecutor$Worker.run(ThreadPoolExecutor.java:642)
at java.base/java.lang.Thread.run(Thread.java:1583)
... Removed 19 stack frames]]>
    </failure>
  </testcase> <!-- inValidCodeTryEditorApplicationsOfArray -->
  <testcase classname="dsAlgoTests.ArrayPageTest" name="inValidCodeTryEditorApplicationsOfArray" time="1.341"/>
  <testcase classname="dsAlgoTests.ArrayPageTest" name="inValidCodeTryEditorApplicationsOfArray" time="1.501"/>
  <testcase classname="dsAlgoTests.ArrayPageTest" name="validCodeTryEditorApplicationsOfArray" time="1.525"/>
  <testcase classname="dsAlgoTests.ArrayPageTest" name="practiseQtnsApplicationsOfArray" time="0.863"/>
</testsuite> <!-- FireFoxTest -->
