<?xml version="1.0" encoding="UTF-8"?>
<!-- Generated by org.testng.reporters.JUnitXMLReporter -->
<testsuite ignored="22" hostname="KAITLYN" failures="9" tests="42" name="ChromeTest(failed)" time="215.859" errors="0" timestamp="2025-05-27T00:25:37 CDT">
  <testcase classname="dsAlgoTests.ArrayPageTest" name="inValidCodeTryEditorsInPython" time="1.675">
    <skipped/>
  </testcase> <!-- inValidCodeTryEditorsInPython -->
  <testcase classname="dsAlgoTests.ArrayPageTest" name="inValidCodeTryEditorsInPython" time="1.965">
    <skipped/>
  </testcase> <!-- inValidCodeTryEditorsInPython -->
  <testcase classname="dsAlgoTests.ArrayPageTest" name="inValidCodeTryEditorsInPython" time="1.644">
    <failure type="java.lang.AssertionError" message="expected [true] but found [false]">
      <![CDATA[java.lang.AssertionError: expected [true] but found [false]
at dsAlgoTests.ArrayPageTest.inValidCodeTryEditorsInPython(ArrayPageTest.java:66)
at java.base/java.util.ArrayList.forEach(ArrayList.java:1596)
at java.base/java.util.concurrent.FutureTask.run(FutureTask.java:317)
at java.base/java.util.concurrent.ThreadPoolExecutor.runWorker(ThreadPoolExecutor.java:1144)
at java.base/java.util.concurrent.ThreadPoolExecutor$Worker.run(ThreadPoolExecutor.java:642)
at java.base/java.lang.Thread.run(Thread.java:1583)
... Removed 19 stack frames]]>
    </failure>
  </testcase> <!-- inValidCodeTryEditorsInPython -->
  <testcase classname="dsAlgoTests.ArrayPageTest" name="validCodeTryEditorsInPython" time="1.464"/>
  <testcase classname="dsAlgoTests.ArrayPageTest" name="runValidCodeSearchTheArray" time="1.786"/>
  <testcase classname="dsAlgoTests.ArrayPageTest" name="submitInvalidCodeSearchTheArray" time="2.418"/>
  <testcase classname="dsAlgoTests.ArrayPageTest" name="submitInvalidCodeSearchTheArray" time="2.347"/>
  <testcase classname="dsAlgoTests.ArrayPageTest" name="submitValidCodeSearchTheArray" time="2.27">
    <skipped/>
  </testcase> <!-- submitValidCodeSearchTheArray -->
  <testcase classname="dsAlgoTests.ArrayPageTest" name="submitValidCodeSearchTheArray" time="2.396">
    <skipped/>
  </testcase> <!-- submitValidCodeSearchTheArray -->
  <testcase classname="dsAlgoTests.ArrayPageTest" name="submitValidCodeSearchTheArray" time="2.394">
    <failure type="java.lang.AssertionError" message="expected [Submission Successful] but found [ Some Tests failed. Please review code]">
      <![CDATA[java.lang.AssertionError: expected [Submission Successful] but found [ Some Tests failed. Please review code]
at dsAlgoTests.ArrayPageTest.submitValidCodeSearchTheArray(ArrayPageTest.java:147)
at java.base/java.util.ArrayList.forEach(ArrayList.java:1596)
at java.base/java.util.concurrent.FutureTask.run(FutureTask.java:317)
at java.base/java.util.concurrent.ThreadPoolExecutor.runWorker(ThreadPoolExecutor.java:1144)
at java.base/java.util.concurrent.ThreadPoolExecutor$Worker.run(ThreadPoolExecutor.java:642)
at java.base/java.lang.Thread.run(Thread.java:1583)
... Removed 21 stack frames]]>
    </failure>
  </testcase> <!-- submitValidCodeSearchTheArray -->
  <testcase classname="dsAlgoTests.ArrayPageTest" name="runValidCodeMaxConOnes" time="1.731"/>
  <testcase classname="dsAlgoTests.ArrayPageTest" name="submitInvalidCodeMaxConOnes" time="2.524"/>
  <testcase classname="dsAlgoTests.ArrayPageTest" name="submitInvalidCodeMaxConOnes" time="2.301"/>
  <testcase classname="dsAlgoTests.ArrayPageTest" name="submitValidCodeMaxConOnes" time="2.515">
    <skipped/>
  </testcase> <!-- submitValidCodeMaxConOnes -->
  <testcase classname="dsAlgoTests.ArrayPageTest" name="submitValidCodeMaxConOnes" time="2.354">
    <skipped/>
  </testcase> <!-- submitValidCodeMaxConOnes -->
  <testcase classname="dsAlgoTests.ArrayPageTest" name="submitValidCodeMaxConOnes" time="2.236">
    <failure type="java.lang.AssertionError" message="expected [Submission Successful] but found [ Some Tests failed. Please review code]">
      <![CDATA[java.lang.AssertionError: expected [Submission Successful] but found [ Some Tests failed. Please review code]
at dsAlgoTests.ArrayPageTest.submitValidCodeMaxConOnes(ArrayPageTest.java:209)
at java.base/java.util.ArrayList.forEach(ArrayList.java:1596)
at java.base/java.util.concurrent.FutureTask.run(FutureTask.java:317)
at java.base/java.util.concurrent.ThreadPoolExecutor.runWorker(ThreadPoolExecutor.java:1144)
at java.base/java.util.concurrent.ThreadPoolExecutor$Worker.run(ThreadPoolExecutor.java:642)
at java.base/java.lang.Thread.run(Thread.java:1583)
... Removed 21 stack frames]]>
    </failure>
  </testcase> <!-- submitValidCodeMaxConOnes -->
  <testcase classname="dsAlgoTests.ArrayPageTest" name="runValidFindEvenNumber" time="1.86"/>
  <testcase classname="dsAlgoTests.ArrayPageTest" name="submitInvalidCodeFindEvenNumber" time="2.355"/>
  <testcase classname="dsAlgoTests.ArrayPageTest" name="submitInvalidCodeFindEvenNumber" time="2.301"/>
  <testcase classname="dsAlgoTests.ArrayPageTest" name="submitValidCodeFindEvenNumber" time="2.273"/>
  <testcase classname="dsAlgoTests.ArrayPageTest" name="runValidSqrsOfSortedArrayQtn" time="1.835"/>
  <testcase classname="dsAlgoTests.ArrayPageTest" name="submitInvalidCodeSqrsOfSortedArrayQtn" time="2.224">
    <skipped/>
  </testcase> <!-- submitInvalidCodeSqrsOfSortedArrayQtn -->
  <testcase classname="dsAlgoTests.ArrayPageTest" name="submitInvalidCodeSqrsOfSortedArrayQtn" time="2.358">
    <skipped/>
  </testcase> <!-- submitInvalidCodeSqrsOfSortedArrayQtn -->
  <testcase classname="dsAlgoTests.ArrayPageTest" name="submitInvalidCodeSqrsOfSortedArrayQtn" time="2.283">
    <failure type="java.lang.AssertionError" message="expected [Error occurred during submission] but found [ No tests were collected]">
      <![CDATA[java.lang.AssertionError: expected [Error occurred during submission] but found [ No tests were collected]
at dsAlgoTests.ArrayPageTest.submitInvalidCodeSqrsOfSortedArrayQtn(ArrayPageTest.java:320)
at java.base/java.util.ArrayList.forEach(ArrayList.java:1596)
at java.base/java.util.concurrent.FutureTask.run(FutureTask.java:317)
at java.base/java.util.concurrent.ThreadPoolExecutor.runWorker(ThreadPoolExecutor.java:1144)
at java.base/java.util.concurrent.ThreadPoolExecutor$Worker.run(ThreadPoolExecutor.java:642)
at java.base/java.lang.Thread.run(Thread.java:1583)
... Removed 21 stack frames]]>
    </failure>
  </testcase> <!-- submitInvalidCodeSqrsOfSortedArrayQtn -->
  <testcase classname="dsAlgoTests.ArrayPageTest" name="submitInvalidCodeSqrsOfSortedArrayQtn" time="2.19">
    <skipped/>
  </testcase> <!-- submitInvalidCodeSqrsOfSortedArrayQtn -->
  <testcase classname="dsAlgoTests.ArrayPageTest" name="submitInvalidCodeSqrsOfSortedArrayQtn" time="2.321">
    <skipped/>
  </testcase> <!-- submitInvalidCodeSqrsOfSortedArrayQtn -->
  <testcase classname="dsAlgoTests.ArrayPageTest" name="submitInvalidCodeSqrsOfSortedArrayQtn" time="2.156">
    <failure type="java.lang.AssertionError" message="expected [Error occurred during submission] but found [ No tests were collected]">
      <![CDATA[java.lang.AssertionError: expected [Error occurred during submission] but found [ No tests were collected]
at dsAlgoTests.ArrayPageTest.submitInvalidCodeSqrsOfSortedArrayQtn(ArrayPageTest.java:320)
at java.base/java.util.ArrayList.forEach(ArrayList.java:1596)
at java.base/java.util.concurrent.FutureTask.run(FutureTask.java:317)
at java.base/java.util.concurrent.ThreadPoolExecutor.runWorker(ThreadPoolExecutor.java:1144)
at java.base/java.util.concurrent.ThreadPoolExecutor$Worker.run(ThreadPoolExecutor.java:642)
at java.base/java.lang.Thread.run(Thread.java:1583)
... Removed 21 stack frames]]>
    </failure>
  </testcase> <!-- submitInvalidCodeSqrsOfSortedArrayQtn -->
  <testcase classname="dsAlgoTests.ArrayPageTest" name="submitValidCodeSqrsOfSortedArrayQtn" time="2.251">
    <skipped/>
  </testcase> <!-- submitValidCodeSqrsOfSortedArrayQtn -->
  <testcase classname="dsAlgoTests.ArrayPageTest" name="submitValidCodeSqrsOfSortedArrayQtn" time="2.25">
    <skipped/>
  </testcase> <!-- submitValidCodeSqrsOfSortedArrayQtn -->
  <testcase classname="dsAlgoTests.ArrayPageTest" name="submitValidCodeSqrsOfSortedArrayQtn" time="2.347">
    <failure type="java.lang.AssertionError" message="expected [Submission Successful] but found [ No tests were collected]">
      <![CDATA[java.lang.AssertionError: expected [Submission Successful] but found [ No tests were collected]
at dsAlgoTests.ArrayPageTest.submitValidCodeSqrsOfSortedArrayQtn(ArrayPageTest.java:333)
at java.base/java.util.ArrayList.forEach(ArrayList.java:1596)
at java.base/java.util.concurrent.FutureTask.run(FutureTask.java:317)
at java.base/java.util.concurrent.ThreadPoolExecutor.runWorker(ThreadPoolExecutor.java:1144)
at java.base/java.util.concurrent.ThreadPoolExecutor$Worker.run(ThreadPoolExecutor.java:642)
at java.base/java.lang.Thread.run(Thread.java:1583)
... Removed 21 stack frames]]>
    </failure>
  </testcase> <!-- submitValidCodeSqrsOfSortedArrayQtn -->
  <testcase classname="dsAlgoTests.ArrayPageTest" name="inValidCodeTryEditorsUsingList" time="1.379">
    <skipped/>
  </testcase> <!-- inValidCodeTryEditorsUsingList -->
  <testcase classname="dsAlgoTests.ArrayPageTest" name="inValidCodeTryEditorsUsingList" time="1.273">
    <skipped/>
  </testcase> <!-- inValidCodeTryEditorsUsingList -->
  <testcase classname="dsAlgoTests.ArrayPageTest" name="inValidCodeTryEditorsUsingList" time="1.251">
    <failure type="java.lang.AssertionError" message="expected [true] but found [false]">
      <![CDATA[java.lang.AssertionError: expected [true] but found [false]
at dsAlgoTests.ArrayPageTest.inValidCodeTryEditorsUsingList(ArrayPageTest.java:364)
at java.base/java.util.ArrayList.forEach(ArrayList.java:1596)
at java.base/java.util.concurrent.FutureTask.run(FutureTask.java:317)
at java.base/java.util.concurrent.ThreadPoolExecutor.runWorker(ThreadPoolExecutor.java:1144)
at java.base/java.util.concurrent.ThreadPoolExecutor$Worker.run(ThreadPoolExecutor.java:642)
at java.base/java.lang.Thread.run(Thread.java:1583)
... Removed 19 stack frames]]>
    </failure>
  </testcase> <!-- inValidCodeTryEditorsUsingList -->
  <testcase classname="dsAlgoTests.ArrayPageTest" name="validCodeTryEditorsUsingList" time="1.932"/>
  <testcase classname="dsAlgoTests.ArrayPageTest" name="inValidCodeTryEditorBasicOprtnsInList" time="1.347">
    <skipped/>
  </testcase> <!-- inValidCodeTryEditorBasicOprtnsInList -->
  <testcase classname="dsAlgoTests.ArrayPageTest" name="inValidCodeTryEditorBasicOprtnsInList" time="1.365">
    <skipped/>
  </testcase> <!-- inValidCodeTryEditorBasicOprtnsInList -->
  <testcase classname="dsAlgoTests.ArrayPageTest" name="inValidCodeTryEditorBasicOprtnsInList" time="1.362">
    <failure type="java.lang.AssertionError" message="expected [true] but found [false]">
      <![CDATA[java.lang.AssertionError: expected [true] but found [false]
at dsAlgoTests.ArrayPageTest.inValidCodeTryEditorBasicOprtnsInList(ArrayPageTest.java:416)
at java.base/java.util.ArrayList.forEach(ArrayList.java:1596)
at java.base/java.util.concurrent.FutureTask.run(FutureTask.java:317)
at java.base/java.util.concurrent.ThreadPoolExecutor.runWorker(ThreadPoolExecutor.java:1144)
at java.base/java.util.concurrent.ThreadPoolExecutor$Worker.run(ThreadPoolExecutor.java:642)
at java.base/java.lang.Thread.run(Thread.java:1583)
... Removed 19 stack frames]]>
    </failure>
  </testcase> <!-- inValidCodeTryEditorBasicOprtnsInList -->
  <testcase classname="dsAlgoTests.ArrayPageTest" name="validCodeTryEditorBasicOprtnsInList" time="1.884"/>
  <testcase classname="dsAlgoTests.ArrayPageTest" name="inValidCodeTryEditorApplicationsOfArray" time="1.282">
    <skipped/>
  </testcase> <!-- inValidCodeTryEditorApplicationsOfArray -->
  <testcase classname="dsAlgoTests.ArrayPageTest" name="inValidCodeTryEditorApplicationsOfArray" time="1.336">
    <skipped/>
  </testcase> <!-- inValidCodeTryEditorApplicationsOfArray -->
  <testcase classname="dsAlgoTests.ArrayPageTest" name="inValidCodeTryEditorApplicationsOfArray" time="1.302">
    <failure type="java.lang.AssertionError" message="expected [true] but found [false]">
      <![CDATA[java.lang.AssertionError: expected [true] but found [false]
at dsAlgoTests.ArrayPageTest.inValidCodeTryEditorApplicationsOfArray(ArrayPageTest.java:468)
at java.base/java.util.ArrayList.forEach(ArrayList.java:1596)
at java.base/java.util.concurrent.FutureTask.run(FutureTask.java:317)
at java.base/java.util.concurrent.ThreadPoolExecutor.runWorker(ThreadPoolExecutor.java:1144)
at java.base/java.util.concurrent.ThreadPoolExecutor$Worker.run(ThreadPoolExecutor.java:642)
at java.base/java.lang.Thread.run(Thread.java:1583)
... Removed 19 stack frames]]>
    </failure>
  </testcase> <!-- inValidCodeTryEditorApplicationsOfArray -->
  <testcase classname="dsAlgoTests.ArrayPageTest" name="validCodeTryEditorApplicationsOfArray" time="1.848"/>
  <testcase classname="dsAlgoTests.ArrayPageTest" name="maxConOnesQtn" time="0.0">
    <ignored/>
  </testcase> <!-- maxConOnesQtn -->
  <testcase classname="dsAlgoTests.ArrayPageTest" name="practiseQtnsArraysInPython" time="0.0">
    <ignored/>
  </testcase> <!-- practiseQtnsArraysInPython -->
  <testcase classname="dsAlgoTests.ArrayPageTest" name="userInTryEditorArraysUsingList" time="0.0">
    <ignored/>
  </testcase> <!-- userInTryEditorArraysUsingList -->
  <testcase classname="dsAlgoTests.ArrayPageTest" name="userInArraysInPython" time="0.0">
    <ignored/>
  </testcase> <!-- userInArraysInPython -->
  <testcase classname="dsAlgoTests.ArrayPageTest" name="runInvalidCodeSearchTheArray" time="0.0">
    <ignored/>
  </testcase> <!-- runInvalidCodeSearchTheArray -->
  <testcase classname="dsAlgoTests.ArrayPageTest" name="searchTheArrayQtn" time="0.0">
    <ignored/>
  </testcase> <!-- searchTheArrayQtn -->
  <testcase classname="dsAlgoTests.ArrayPageTest" name="userInTryEditorApplicationsOfArray" time="0.0">
    <ignored/>
  </testcase> <!-- userInTryEditorApplicationsOfArray -->
  <testcase classname="dsAlgoTests.ArrayPageTest" name="runInvalidCodeSqrsOfSortedArrayQtn" time="0.0">
    <ignored/>
  </testcase> <!-- runInvalidCodeSqrsOfSortedArrayQtn -->
  <testcase classname="dsAlgoTests.ArrayPageTest" name="userInBasicOprtnsInList" time="0.0">
    <ignored/>
  </testcase> <!-- userInBasicOprtnsInList -->
  <testcase classname="dsAlgoTests.ArrayPageTest" name="userInArraysUsingList" time="0.0">
    <ignored/>
  </testcase> <!-- userInArraysUsingList -->
  <testcase classname="dsAlgoTests.ArrayPageTest" name="userInApplicationsOfArray" time="0.0">
    <ignored/>
  </testcase> <!-- userInApplicationsOfArray -->
  <testcase classname="dsAlgoTests.ArrayPageTest" name="userInTryEditorArraysInPython" time="0.0">
    <ignored/>
  </testcase> <!-- userInTryEditorArraysInPython -->
  <testcase classname="dsAlgoTests.ArrayPageTest" name="runInvalidCodeFindEvenNumber" time="0.0">
    <ignored/>
  </testcase> <!-- runInvalidCodeFindEvenNumber -->
  <testcase classname="dsAlgoTests.ArrayPageTest" name="findEvenNumberQtn" time="0.0">
    <ignored/>
  </testcase> <!-- findEvenNumberQtn -->
  <testcase classname="dsAlgoTests.ArrayPageTest" name="userInTryEditorBasicOprtnsInList" time="0.0">
    <ignored/>
  </testcase> <!-- userInTryEditorBasicOprtnsInList -->
  <testcase classname="dsAlgoTests.ArrayPageTest" name="userInGetStartedArrayPage" time="0.0">
    <ignored/>
  </testcase> <!-- userInGetStartedArrayPage -->
  <testcase classname="dsAlgoTests.ArrayPageTest" name="practiseQtnsBasicOprtnsInList" time="0.0">
    <ignored/>
  </testcase> <!-- practiseQtnsBasicOprtnsInList -->
  <testcase classname="dsAlgoTests.ArrayPageTest" name="userInDropDownArrayPage" time="0.0">
    <ignored/>
  </testcase> <!-- userInDropDownArrayPage -->
  <testcase classname="dsAlgoTests.ArrayPageTest" name="runInvalidCodeMaxConOnes" time="0.0">
    <ignored/>
  </testcase> <!-- runInvalidCodeMaxConOnes -->
  <testcase classname="dsAlgoTests.ArrayPageTest" name="practiseQtnsArraysUsingList" time="0.0">
    <ignored/>
  </testcase> <!-- practiseQtnsArraysUsingList -->
  <testcase classname="dsAlgoTests.ArrayPageTest" name="sqrsOfSortedArrayQtn" time="0.0">
    <ignored/>
  </testcase> <!-- sqrsOfSortedArrayQtn -->
  <testcase classname="dsAlgoTests.ArrayPageTest" name="practiseQtnsApplicationsOfArray" time="0.0">
    <ignored/>
  </testcase> <!-- practiseQtnsApplicationsOfArray -->
</testsuite> <!-- ChromeTest(failed) -->
